INFO - 2023-05-25 07:42:34 --> Session: Class initialized using 'CodeIgniter\Session\Handlers\FileHandler' driver.
WARNING - 2023-05-25 07:42:34 --> Session: Sessions is enabled, and one exists. Please don't $session->start();
INFO - 2023-05-25 14:42:34 --> Session: Class initialized using 'CodeIgniter\Session\Handlers\FileHandler' driver.
WARNING - 2023-05-25 14:42:34 --> Session: Sessions is enabled, and one exists. Please don't $session->start();
WARNING - 2023-05-25 14:42:34 --> [DEPRECATED] json_decode(): Passing null to parameter #1 ($json) of type string is deprecated in APPPATH\Controllers\BaseController.php on line 61.
 1 APPPATH\Controllers\BaseController.php(61): json_decode(null)
 2 SYSTEMPATH\CodeIgniter.php(907): App\Controllers\BaseController->initController(Object(CodeIgniter\HTTP\IncomingRequest), Object(CodeIgniter\HTTP\Response), Object(CodeIgniter\Log\Logger))
 3 SYSTEMPATH\CodeIgniter.php(490): CodeIgniter\CodeIgniter->createController()
 4 SYSTEMPATH\CodeIgniter.php(368): CodeIgniter\CodeIgniter->handleRequest(null, Object(Config\Cache), false)
 5 FCPATH\index.php(67): CodeIgniter\CodeIgniter->run()
WARNING - 2023-05-25 14:42:34 --> [DEPRECATED] Creation of dynamic property App\Controllers\Auth::$hakakses is deprecated in APPPATH\Controllers\BaseController.php on line 61.
 1 SYSTEMPATH\CodeIgniter.php(907): App\Controllers\BaseController->initController(Object(CodeIgniter\HTTP\IncomingRequest), Object(CodeIgniter\HTTP\Response), Object(CodeIgniter\Log\Logger))
 2 SYSTEMPATH\CodeIgniter.php(490): CodeIgniter\CodeIgniter->createController()
 3 SYSTEMPATH\CodeIgniter.php(368): CodeIgniter\CodeIgniter->handleRequest(null, Object(Config\Cache), false)
 4 FCPATH\index.php(67): CodeIgniter\CodeIgniter->run()
INFO - 2023-05-25 14:42:37 --> Session: Class initialized using 'CodeIgniter\Session\Handlers\FileHandler' driver.
WARNING - 2023-05-25 14:42:37 --> Session: Sessions is enabled, and one exists. Please don't $session->start();
WARNING - 2023-05-25 14:42:37 --> [DEPRECATED] json_decode(): Passing null to parameter #1 ($json) of type string is deprecated in APPPATH\Controllers\BaseController.php on line 61.
 1 APPPATH\Controllers\BaseController.php(61): json_decode(null)
 2 SYSTEMPATH\CodeIgniter.php(907): App\Controllers\BaseController->initController(Object(CodeIgniter\HTTP\IncomingRequest), Object(CodeIgniter\HTTP\Response), Object(CodeIgniter\Log\Logger))
 3 SYSTEMPATH\CodeIgniter.php(490): CodeIgniter\CodeIgniter->createController()
 4 SYSTEMPATH\CodeIgniter.php(368): CodeIgniter\CodeIgniter->handleRequest(null, Object(Config\Cache), false)
 5 FCPATH\index.php(67): CodeIgniter\CodeIgniter->run()
WARNING - 2023-05-25 14:42:37 --> [DEPRECATED] Creation of dynamic property App\Controllers\Auth::$hakakses is deprecated in APPPATH\Controllers\BaseController.php on line 61.
 1 SYSTEMPATH\CodeIgniter.php(907): App\Controllers\BaseController->initController(Object(CodeIgniter\HTTP\IncomingRequest), Object(CodeIgniter\HTTP\Response), Object(CodeIgniter\Log\Logger))
 2 SYSTEMPATH\CodeIgniter.php(490): CodeIgniter\CodeIgniter->createController()
 3 SYSTEMPATH\CodeIgniter.php(368): CodeIgniter\CodeIgniter->handleRequest(null, Object(Config\Cache), false)
 4 FCPATH\index.php(67): CodeIgniter\CodeIgniter->run()
CRITICAL - 2023-05-25 14:42:40 --> 7 : Failed to connect to localhost port 1111 after 2264 ms: Connection refused
in SYSTEMPATH\HTTP\CURLRequest.php on line 675.
 1 SYSTEMPATH\HTTP\CURLRequest.php(675): CodeIgniter\HTTP\Exceptions\HTTPException::forCurlError('7', 'Failed to connect to localhost port 1111 after 2264 ms: Connection refused')
 2 SYSTEMPATH\HTTP\CURLRequest.php(381): CodeIgniter\HTTP\CURLRequest->sendRequest([...])
 3 SYSTEMPATH\HTTP\CURLRequest.php(143): CodeIgniter\HTTP\CURLRequest->send('POST', 'http://localhost:1111/auth/loginapps')
 4 APPPATH\Controllers\Auth.php(16): CodeIgniter\HTTP\CURLRequest->request('POST', 'http://localhost:1111/auth/loginapps', [...])
 5 SYSTEMPATH\CodeIgniter.php(934): App\Controllers\Auth->ajax_login()
 6 SYSTEMPATH\CodeIgniter.php(499): CodeIgniter\CodeIgniter->runController(Object(App\Controllers\Auth))
 7 SYSTEMPATH\CodeIgniter.php(368): CodeIgniter\CodeIgniter->handleRequest(null, Object(Config\Cache), false)
 8 FCPATH\index.php(67): CodeIgniter\CodeIgniter->run()
INFO - 2023-05-25 15:12:15 --> Session: Class initialized using 'CodeIgniter\Session\Handlers\FileHandler' driver.
WARNING - 2023-05-25 15:12:15 --> Session: Sessions is enabled, and one exists. Please don't $session->start();
WARNING - 2023-05-25 15:12:15 --> [DEPRECATED] json_decode(): Passing null to parameter #1 ($json) of type string is deprecated in APPPATH\Controllers\BaseController.php on line 61.
 1 APPPATH\Controllers\BaseController.php(61): json_decode(null)
 2 SYSTEMPATH\CodeIgniter.php(907): App\Controllers\BaseController->initController(Object(CodeIgniter\HTTP\IncomingRequest), Object(CodeIgniter\HTTP\Response), Object(CodeIgniter\Log\Logger))
 3 SYSTEMPATH\CodeIgniter.php(490): CodeIgniter\CodeIgniter->createController()
 4 SYSTEMPATH\CodeIgniter.php(368): CodeIgniter\CodeIgniter->handleRequest(null, Object(Config\Cache), false)
 5 FCPATH\index.php(67): CodeIgniter\CodeIgniter->run()
WARNING - 2023-05-25 15:12:15 --> [DEPRECATED] Creation of dynamic property App\Controllers\Auth::$hakakses is deprecated in APPPATH\Controllers\BaseController.php on line 61.
 1 SYSTEMPATH\CodeIgniter.php(907): App\Controllers\BaseController->initController(Object(CodeIgniter\HTTP\IncomingRequest), Object(CodeIgniter\HTTP\Response), Object(CodeIgniter\Log\Logger))
 2 SYSTEMPATH\CodeIgniter.php(490): CodeIgniter\CodeIgniter->createController()
 3 SYSTEMPATH\CodeIgniter.php(368): CodeIgniter\CodeIgniter->handleRequest(null, Object(Config\Cache), false)
 4 FCPATH\index.php(67): CodeIgniter\CodeIgniter->run()
CRITICAL - 2023-05-25 15:12:18 --> 7 : Failed to connect to localhost port 1111 after 2245 ms: Connection refused
in SYSTEMPATH\HTTP\CURLRequest.php on line 675.
 1 SYSTEMPATH\HTTP\CURLRequest.php(675): CodeIgniter\HTTP\Exceptions\HTTPException::forCurlError('7', 'Failed to connect to localhost port 1111 after 2245 ms: Connection refused')
 2 SYSTEMPATH\HTTP\CURLRequest.php(381): CodeIgniter\HTTP\CURLRequest->sendRequest([...])
 3 SYSTEMPATH\HTTP\CURLRequest.php(143): CodeIgniter\HTTP\CURLRequest->send('POST', 'http://localhost:1111/auth/loginapps')
 4 APPPATH\Controllers\Auth.php(16): CodeIgniter\HTTP\CURLRequest->request('POST', 'http://localhost:1111/auth/loginapps', [...])
 5 SYSTEMPATH\CodeIgniter.php(934): App\Controllers\Auth->ajax_login()
 6 SYSTEMPATH\CodeIgniter.php(499): CodeIgniter\CodeIgniter->runController(Object(App\Controllers\Auth))
 7 SYSTEMPATH\CodeIgniter.php(368): CodeIgniter\CodeIgniter->handleRequest(null, Object(Config\Cache), false)
 8 FCPATH\index.php(67): CodeIgniter\CodeIgniter->run()
INFO - 2023-05-25 11:33:50 --> Session: Class initialized using 'CodeIgniter\Session\Handlers\FileHandler' driver.
WARNING - 2023-05-25 11:33:50 --> Session: Sessions is enabled, and one exists. Please don't $session->start();
INFO - 2023-05-25 18:33:50 --> Session: Class initialized using 'CodeIgniter\Session\Handlers\FileHandler' driver.
WARNING - 2023-05-25 18:33:50 --> Session: Sessions is enabled, and one exists. Please don't $session->start();
WARNING - 2023-05-25 18:33:50 --> [DEPRECATED] json_decode(): Passing null to parameter #1 ($json) of type string is deprecated in APPPATH\Controllers\BaseController.php on line 61.
 1 APPPATH\Controllers\BaseController.php(61): json_decode(null)
 2 SYSTEMPATH\CodeIgniter.php(907): App\Controllers\BaseController->initController(Object(CodeIgniter\HTTP\IncomingRequest), Object(CodeIgniter\HTTP\Response), Object(CodeIgniter\Log\Logger))
 3 SYSTEMPATH\CodeIgniter.php(490): CodeIgniter\CodeIgniter->createController()
 4 SYSTEMPATH\CodeIgniter.php(368): CodeIgniter\CodeIgniter->handleRequest(null, Object(Config\Cache), false)
 5 FCPATH\index.php(67): CodeIgniter\CodeIgniter->run()
WARNING - 2023-05-25 18:33:50 --> [DEPRECATED] Creation of dynamic property App\Controllers\Auth::$hakakses is deprecated in APPPATH\Controllers\BaseController.php on line 61.
 1 SYSTEMPATH\CodeIgniter.php(907): App\Controllers\BaseController->initController(Object(CodeIgniter\HTTP\IncomingRequest), Object(CodeIgniter\HTTP\Response), Object(CodeIgniter\Log\Logger))
 2 SYSTEMPATH\CodeIgniter.php(490): CodeIgniter\CodeIgniter->createController()
 3 SYSTEMPATH\CodeIgniter.php(368): CodeIgniter\CodeIgniter->handleRequest(null, Object(Config\Cache), false)
 4 FCPATH\index.php(67): CodeIgniter\CodeIgniter->run()
INFO - 2023-05-25 18:33:54 --> Session: Class initialized using 'CodeIgniter\Session\Handlers\FileHandler' driver.
WARNING - 2023-05-25 18:33:54 --> Session: Sessions is enabled, and one exists. Please don't $session->start();
WARNING - 2023-05-25 18:33:54 --> [DEPRECATED] json_decode(): Passing null to parameter #1 ($json) of type string is deprecated in APPPATH\Controllers\BaseController.php on line 61.
 1 APPPATH\Controllers\BaseController.php(61): json_decode(null)
 2 SYSTEMPATH\CodeIgniter.php(907): App\Controllers\BaseController->initController(Object(CodeIgniter\HTTP\IncomingRequest), Object(CodeIgniter\HTTP\Response), Object(CodeIgniter\Log\Logger))
 3 SYSTEMPATH\CodeIgniter.php(490): CodeIgniter\CodeIgniter->createController()
 4 SYSTEMPATH\CodeIgniter.php(368): CodeIgniter\CodeIgniter->handleRequest(null, Object(Config\Cache), false)
 5 FCPATH\index.php(67): CodeIgniter\CodeIgniter->run()
WARNING - 2023-05-25 18:33:54 --> [DEPRECATED] Creation of dynamic property App\Controllers\Auth::$hakakses is deprecated in APPPATH\Controllers\BaseController.php on line 61.
 1 SYSTEMPATH\CodeIgniter.php(907): App\Controllers\BaseController->initController(Object(CodeIgniter\HTTP\IncomingRequest), Object(CodeIgniter\HTTP\Response), Object(CodeIgniter\Log\Logger))
 2 SYSTEMPATH\CodeIgniter.php(490): CodeIgniter\CodeIgniter->createController()
 3 SYSTEMPATH\CodeIgniter.php(368): CodeIgniter\CodeIgniter->handleRequest(null, Object(Config\Cache), false)
 4 FCPATH\index.php(67): CodeIgniter\CodeIgniter->run()
CRITICAL - 2023-05-25 18:33:56 --> 7 : Failed to connect to localhost port 1111 after 2251 ms: Connection refused
in SYSTEMPATH\HTTP\CURLRequest.php on line 675.
 1 SYSTEMPATH\HTTP\CURLRequest.php(675): CodeIgniter\HTTP\Exceptions\HTTPException::forCurlError('7', 'Failed to connect to localhost port 1111 after 2251 ms: Connection refused')
 2 SYSTEMPATH\HTTP\CURLRequest.php(381): CodeIgniter\HTTP\CURLRequest->sendRequest([...])
 3 SYSTEMPATH\HTTP\CURLRequest.php(143): CodeIgniter\HTTP\CURLRequest->send('POST', 'http://localhost:1111/auth/loginapps')
 4 APPPATH\Controllers\Auth.php(16): CodeIgniter\HTTP\CURLRequest->request('POST', 'http://localhost:1111/auth/loginapps', [...])
 5 SYSTEMPATH\CodeIgniter.php(934): App\Controllers\Auth->ajax_login()
 6 SYSTEMPATH\CodeIgniter.php(499): CodeIgniter\CodeIgniter->runController(Object(App\Controllers\Auth))
 7 SYSTEMPATH\CodeIgniter.php(368): CodeIgniter\CodeIgniter->handleRequest(null, Object(Config\Cache), false)
 8 FCPATH\index.php(67): CodeIgniter\CodeIgniter->run()
INFO - 2023-05-25 18:34:27 --> Session: Class initialized using 'CodeIgniter\Session\Handlers\FileHandler' driver.
WARNING - 2023-05-25 18:34:27 --> Session: Sessions is enabled, and one exists. Please don't $session->start();
WARNING - 2023-05-25 18:34:27 --> [DEPRECATED] json_decode(): Passing null to parameter #1 ($json) of type string is deprecated in APPPATH\Controllers\BaseController.php on line 61.
 1 APPPATH\Controllers\BaseController.php(61): json_decode(null)
 2 SYSTEMPATH\CodeIgniter.php(907): App\Controllers\BaseController->initController(Object(CodeIgniter\HTTP\IncomingRequest), Object(CodeIgniter\HTTP\Response), Object(CodeIgniter\Log\Logger))
 3 SYSTEMPATH\CodeIgniter.php(490): CodeIgniter\CodeIgniter->createController()
 4 SYSTEMPATH\CodeIgniter.php(368): CodeIgniter\CodeIgniter->handleRequest(null, Object(Config\Cache), false)
 5 FCPATH\index.php(67): CodeIgniter\CodeIgniter->run()
WARNING - 2023-05-25 18:34:27 --> [DEPRECATED] Creation of dynamic property App\Controllers\Auth::$hakakses is deprecated in APPPATH\Controllers\BaseController.php on line 61.
 1 SYSTEMPATH\CodeIgniter.php(907): App\Controllers\BaseController->initController(Object(CodeIgniter\HTTP\IncomingRequest), Object(CodeIgniter\HTTP\Response), Object(CodeIgniter\Log\Logger))
 2 SYSTEMPATH\CodeIgniter.php(490): CodeIgniter\CodeIgniter->createController()
 3 SYSTEMPATH\CodeIgniter.php(368): CodeIgniter\CodeIgniter->handleRequest(null, Object(Config\Cache), false)
 4 FCPATH\index.php(67): CodeIgniter\CodeIgniter->run()
CRITICAL - 2023-05-25 18:34:29 --> 7 : Failed to connect to localhost port 1111 after 2234 ms: Connection refused
in SYSTEMPATH\HTTP\CURLRequest.php on line 675.
 1 SYSTEMPATH\HTTP\CURLRequest.php(675): CodeIgniter\HTTP\Exceptions\HTTPException::forCurlError('7', 'Failed to connect to localhost port 1111 after 2234 ms: Connection refused')
 2 SYSTEMPATH\HTTP\CURLRequest.php(381): CodeIgniter\HTTP\CURLRequest->sendRequest([...])
 3 SYSTEMPATH\HTTP\CURLRequest.php(143): CodeIgniter\HTTP\CURLRequest->send('POST', 'http://localhost:1111/auth/loginapps')
 4 APPPATH\Controllers\Auth.php(16): CodeIgniter\HTTP\CURLRequest->request('POST', 'http://localhost:1111/auth/loginapps', [...])
 5 SYSTEMPATH\CodeIgniter.php(934): App\Controllers\Auth->ajax_login()
 6 SYSTEMPATH\CodeIgniter.php(499): CodeIgniter\CodeIgniter->runController(Object(App\Controllers\Auth))
 7 SYSTEMPATH\CodeIgniter.php(368): CodeIgniter\CodeIgniter->handleRequest(null, Object(Config\Cache), false)
 8 FCPATH\index.php(67): CodeIgniter\CodeIgniter->run()
INFO - 2023-05-25 18:34:31 --> Session: Class initialized using 'CodeIgniter\Session\Handlers\FileHandler' driver.
WARNING - 2023-05-25 18:34:31 --> Session: Sessions is enabled, and one exists. Please don't $session->start();
WARNING - 2023-05-25 18:34:31 --> [DEPRECATED] json_decode(): Passing null to parameter #1 ($json) of type string is deprecated in APPPATH\Controllers\BaseController.php on line 61.
 1 APPPATH\Controllers\BaseController.php(61): json_decode(null)
 2 SYSTEMPATH\CodeIgniter.php(907): App\Controllers\BaseController->initController(Object(CodeIgniter\HTTP\IncomingRequest), Object(CodeIgniter\HTTP\Response), Object(CodeIgniter\Log\Logger))
 3 SYSTEMPATH\CodeIgniter.php(490): CodeIgniter\CodeIgniter->createController()
 4 SYSTEMPATH\CodeIgniter.php(368): CodeIgniter\CodeIgniter->handleRequest(null, Object(Config\Cache), false)
 5 FCPATH\index.php(67): CodeIgniter\CodeIgniter->run()
WARNING - 2023-05-25 18:34:31 --> [DEPRECATED] Creation of dynamic property App\Controllers\Auth::$hakakses is deprecated in APPPATH\Controllers\BaseController.php on line 61.
 1 SYSTEMPATH\CodeIgniter.php(907): App\Controllers\BaseController->initController(Object(CodeIgniter\HTTP\IncomingRequest), Object(CodeIgniter\HTTP\Response), Object(CodeIgniter\Log\Logger))
 2 SYSTEMPATH\CodeIgniter.php(490): CodeIgniter\CodeIgniter->createController()
 3 SYSTEMPATH\CodeIgniter.php(368): CodeIgniter\CodeIgniter->handleRequest(null, Object(Config\Cache), false)
 4 FCPATH\index.php(67): CodeIgniter\CodeIgniter->run()
CRITICAL - 2023-05-25 18:34:33 --> 7 : Failed to connect to localhost port 1111 after 2239 ms: Connection refused
in SYSTEMPATH\HTTP\CURLRequest.php on line 675.
 1 SYSTEMPATH\HTTP\CURLRequest.php(675): CodeIgniter\HTTP\Exceptions\HTTPException::forCurlError('7', 'Failed to connect to localhost port 1111 after 2239 ms: Connection refused')
 2 SYSTEMPATH\HTTP\CURLRequest.php(381): CodeIgniter\HTTP\CURLRequest->sendRequest([...])
 3 SYSTEMPATH\HTTP\CURLRequest.php(143): CodeIgniter\HTTP\CURLRequest->send('POST', 'http://localhost:1111/auth/loginapps')
 4 APPPATH\Controllers\Auth.php(16): CodeIgniter\HTTP\CURLRequest->request('POST', 'http://localhost:1111/auth/loginapps', [...])
 5 SYSTEMPATH\CodeIgniter.php(934): App\Controllers\Auth->ajax_login()
 6 SYSTEMPATH\CodeIgniter.php(499): CodeIgniter\CodeIgniter->runController(Object(App\Controllers\Auth))
 7 SYSTEMPATH\CodeIgniter.php(368): CodeIgniter\CodeIgniter->handleRequest(null, Object(Config\Cache), false)
 8 FCPATH\index.php(67): CodeIgniter\CodeIgniter->run()
INFO - 2023-05-25 18:34:34 --> Session: Class initialized using 'CodeIgniter\Session\Handlers\FileHandler' driver.
WARNING - 2023-05-25 18:34:34 --> Session: Sessions is enabled, and one exists. Please don't $session->start();
WARNING - 2023-05-25 18:34:34 --> [DEPRECATED] json_decode(): Passing null to parameter #1 ($json) of type string is deprecated in APPPATH\Controllers\BaseController.php on line 61.
 1 APPPATH\Controllers\BaseController.php(61): json_decode(null)
 2 SYSTEMPATH\CodeIgniter.php(907): App\Controllers\BaseController->initController(Object(CodeIgniter\HTTP\IncomingRequest), Object(CodeIgniter\HTTP\Response), Object(CodeIgniter\Log\Logger))
 3 SYSTEMPATH\CodeIgniter.php(490): CodeIgniter\CodeIgniter->createController()
 4 SYSTEMPATH\CodeIgniter.php(368): CodeIgniter\CodeIgniter->handleRequest(null, Object(Config\Cache), false)
 5 FCPATH\index.php(67): CodeIgniter\CodeIgniter->run()
WARNING - 2023-05-25 18:34:34 --> [DEPRECATED] Creation of dynamic property App\Controllers\Auth::$hakakses is deprecated in APPPATH\Controllers\BaseController.php on line 61.
 1 SYSTEMPATH\CodeIgniter.php(907): App\Controllers\BaseController->initController(Object(CodeIgniter\HTTP\IncomingRequest), Object(CodeIgniter\HTTP\Response), Object(CodeIgniter\Log\Logger))
 2 SYSTEMPATH\CodeIgniter.php(490): CodeIgniter\CodeIgniter->createController()
 3 SYSTEMPATH\CodeIgniter.php(368): CodeIgniter\CodeIgniter->handleRequest(null, Object(Config\Cache), false)
 4 FCPATH\index.php(67): CodeIgniter\CodeIgniter->run()
INFO - 2023-05-25 11:34:39 --> Session: Class initialized using 'CodeIgniter\Session\Handlers\FileHandler' driver.
WARNING - 2023-05-25 11:34:39 --> Session: Sessions is enabled, and one exists. Please don't $session->start();
WARNING - 2023-05-25 18:34:39 --> Session: Sessions is enabled, and one exists. Please don't $session->start();
WARNING - 2023-05-25 18:34:39 --> [DEPRECATED] Creation of dynamic property App\Controllers\Home::$hakakses is deprecated in APPPATH\Controllers\BaseController.php on line 61.
 1 SYSTEMPATH\CodeIgniter.php(907): App\Controllers\BaseController->initController(Object(CodeIgniter\HTTP\IncomingRequest), Object(CodeIgniter\HTTP\Response), Object(CodeIgniter\Log\Logger))
 2 SYSTEMPATH\CodeIgniter.php(490): CodeIgniter\CodeIgniter->createController()
 3 SYSTEMPATH\CodeIgniter.php(368): CodeIgniter\CodeIgniter->handleRequest(null, Object(Config\Cache), false)
 4 FCPATH\index.php(67): CodeIgniter\CodeIgniter->run()
WARNING - 2023-05-25 18:34:39 --> [DEPRECATED] Creation of dynamic property App\Controllers\Home::$breadcrumb is deprecated in APPPATH\Controllers\Home.php on line 23.
 1 SYSTEMPATH\CodeIgniter.php(934): App\Controllers\Home->index()
 2 SYSTEMPATH\CodeIgniter.php(499): CodeIgniter\CodeIgniter->runController(Object(App\Controllers\Home))
 3 SYSTEMPATH\CodeIgniter.php(368): CodeIgniter\CodeIgniter->handleRequest(null, Object(Config\Cache), false)
 4 FCPATH\index.php(67): CodeIgniter\CodeIgniter->run()
INFO - 2023-05-25 18:34:41 --> Session: Class initialized using 'CodeIgniter\Session\Handlers\FileHandler' driver.
WARNING - 2023-05-25 18:34:41 --> Session: Sessions is enabled, and one exists. Please don't $session->start();
INFO - 2023-05-25 18:34:41 --> Session: Class initialized using 'CodeIgniter\Session\Handlers\FileHandler' driver.
WARNING - 2023-05-25 18:34:41 --> Session: Sessions is enabled, and one exists. Please don't $session->start();
INFO - 2023-05-25 11:34:41 --> Session: Class initialized using 'CodeIgniter\Session\Handlers\FileHandler' driver.
WARNING - 2023-05-25 11:34:41 --> Session: Sessions is enabled, and one exists. Please don't $session->start();
WARNING - 2023-05-25 18:34:41 --> Session: Sessions is enabled, and one exists. Please don't $session->start();
WARNING - 2023-05-25 18:34:41 --> [DEPRECATED] Creation of dynamic property App\Controllers\Penjualan::$hakakses is deprecated in APPPATH\Controllers\BaseController.php on line 61.
 1 SYSTEMPATH\CodeIgniter.php(907): App\Controllers\BaseController->initController(Object(CodeIgniter\HTTP\IncomingRequest), Object(CodeIgniter\HTTP\Response), Object(CodeIgniter\Log\Logger))
 2 SYSTEMPATH\CodeIgniter.php(490): CodeIgniter\CodeIgniter->createController()
 3 SYSTEMPATH\CodeIgniter.php(368): CodeIgniter\CodeIgniter->handleRequest(null, Object(Config\Cache), false)
 4 FCPATH\index.php(67): CodeIgniter\CodeIgniter->run()
INFO - 2023-05-25 18:34:44 --> Session: Class initialized using 'CodeIgniter\Session\Handlers\FileHandler' driver.
WARNING - 2023-05-25 18:34:44 --> Session: Sessions is enabled, and one exists. Please don't $session->start();
INFO - 2023-05-25 18:34:45 --> Session: Class initialized using 'CodeIgniter\Session\Handlers\FileHandler' driver.
WARNING - 2023-05-25 18:34:45 --> Session: Sessions is enabled, and one exists. Please don't $session->start();
INFO - 2023-05-25 18:34:57 --> Session: Class initialized using 'CodeIgniter\Session\Handlers\FileHandler' driver.
WARNING - 2023-05-25 18:34:57 --> Session: Sessions is enabled, and one exists. Please don't $session->start();
INFO - 2023-05-25 18:34:57 --> Session: Class initialized using 'CodeIgniter\Session\Handlers\FileHandler' driver.
WARNING - 2023-05-25 18:34:57 --> Session: Sessions is enabled, and one exists. Please don't $session->start();
INFO - 2023-05-25 11:35:03 --> Session: Class initialized using 'CodeIgniter\Session\Handlers\FileHandler' driver.
WARNING - 2023-05-25 11:35:03 --> Session: Sessions is enabled, and one exists. Please don't $session->start();
WARNING - 2023-05-25 18:35:03 --> Session: Sessions is enabled, and one exists. Please don't $session->start();
WARNING - 2023-05-25 18:35:03 --> [DEPRECATED] Creation of dynamic property App\Controllers\Laporan::$hakakses is deprecated in APPPATH\Controllers\BaseController.php on line 61.
 1 SYSTEMPATH\CodeIgniter.php(907): App\Controllers\BaseController->initController(Object(CodeIgniter\HTTP\IncomingRequest), Object(CodeIgniter\HTTP\Response), Object(CodeIgniter\Log\Logger))
 2 SYSTEMPATH\CodeIgniter.php(490): CodeIgniter\CodeIgniter->createController()
 3 SYSTEMPATH\CodeIgniter.php(368): CodeIgniter\CodeIgniter->handleRequest(null, Object(Config\Cache), false)
 4 FCPATH\index.php(67): CodeIgniter\CodeIgniter->run()
WARNING - 2023-05-25 18:35:03 --> [DEPRECATED] Creation of dynamic property App\Controllers\Laporan::$breadcrumb is deprecated in APPPATH\Controllers\Laporan.php on line 13.
 1 SYSTEMPATH\CodeIgniter.php(934): App\Controllers\Laporan->penjualan()
 2 SYSTEMPATH\CodeIgniter.php(499): CodeIgniter\CodeIgniter->runController(Object(App\Controllers\Laporan))
 3 SYSTEMPATH\CodeIgniter.php(368): CodeIgniter\CodeIgniter->handleRequest(null, Object(Config\Cache), false)
 4 FCPATH\index.php(67): CodeIgniter\CodeIgniter->run()
INFO - 2023-05-25 11:44:20 --> Session: Class initialized using 'CodeIgniter\Session\Handlers\FileHandler' driver.
WARNING - 2023-05-25 11:44:20 --> Session: Sessions is enabled, and one exists. Please don't $session->start();
WARNING - 2023-05-25 18:44:20 --> Session: Sessions is enabled, and one exists. Please don't $session->start();
WARNING - 2023-05-25 18:44:20 --> [DEPRECATED] Creation of dynamic property App\Controllers\Laporan::$hakakses is deprecated in APPPATH\Controllers\BaseController.php on line 61.
 1 SYSTEMPATH\CodeIgniter.php(907): App\Controllers\BaseController->initController(Object(CodeIgniter\HTTP\IncomingRequest), Object(CodeIgniter\HTTP\Response), Object(CodeIgniter\Log\Logger))
 2 SYSTEMPATH\CodeIgniter.php(490): CodeIgniter\CodeIgniter->createController()
 3 SYSTEMPATH\CodeIgniter.php(368): CodeIgniter\CodeIgniter->handleRequest(null, Object(Config\Cache), false)
 4 FCPATH\index.php(67): CodeIgniter\CodeIgniter->run()
WARNING - 2023-05-25 18:44:20 --> [DEPRECATED] Creation of dynamic property App\Controllers\Laporan::$breadcrumb is deprecated in APPPATH\Controllers\Laporan.php on line 13.
 1 SYSTEMPATH\CodeIgniter.php(934): App\Controllers\Laporan->penjualan()
 2 SYSTEMPATH\CodeIgniter.php(499): CodeIgniter\CodeIgniter->runController(Object(App\Controllers\Laporan))
 3 SYSTEMPATH\CodeIgniter.php(368): CodeIgniter\CodeIgniter->handleRequest(null, Object(Config\Cache), false)
 4 FCPATH\index.php(67): CodeIgniter\CodeIgniter->run()
INFO - 2023-05-25 11:44:47 --> Session: Class initialized using 'CodeIgniter\Session\Handlers\FileHandler' driver.
WARNING - 2023-05-25 11:44:47 --> Session: Sessions is enabled, and one exists. Please don't $session->start();
WARNING - 2023-05-25 18:44:47 --> Session: Sessions is enabled, and one exists. Please don't $session->start();
WARNING - 2023-05-25 18:44:47 --> [DEPRECATED] Creation of dynamic property App\Controllers\Laporan::$hakakses is deprecated in APPPATH\Controllers\BaseController.php on line 61.
 1 SYSTEMPATH\CodeIgniter.php(907): App\Controllers\BaseController->initController(Object(CodeIgniter\HTTP\IncomingRequest), Object(CodeIgniter\HTTP\Response), Object(CodeIgniter\Log\Logger))
 2 SYSTEMPATH\CodeIgniter.php(490): CodeIgniter\CodeIgniter->createController()
 3 SYSTEMPATH\CodeIgniter.php(368): CodeIgniter\CodeIgniter->handleRequest(null, Object(Config\Cache), false)
 4 FCPATH\index.php(67): CodeIgniter\CodeIgniter->run()
INFO - 2023-05-25 12:30:21 --> Session: Class initialized using 'CodeIgniter\Session\Handlers\FileHandler' driver.
WARNING - 2023-05-25 12:30:21 --> Session: Sessions is enabled, and one exists. Please don't $session->start();
WARNING - 2023-05-25 19:30:21 --> Session: Sessions is enabled, and one exists. Please don't $session->start();
WARNING - 2023-05-25 19:30:21 --> [DEPRECATED] Creation of dynamic property App\Controllers\Laporan::$hakakses is deprecated in APPPATH\Controllers\BaseController.php on line 61.
 1 SYSTEMPATH\CodeIgniter.php(907): App\Controllers\BaseController->initController(Object(CodeIgniter\HTTP\IncomingRequest), Object(CodeIgniter\HTTP\Response), Object(CodeIgniter\Log\Logger))
 2 SYSTEMPATH\CodeIgniter.php(490): CodeIgniter\CodeIgniter->createController()
 3 SYSTEMPATH\CodeIgniter.php(368): CodeIgniter\CodeIgniter->handleRequest(null, Object(Config\Cache), false)
 4 FCPATH\index.php(67): CodeIgniter\CodeIgniter->run()
WARNING - 2023-05-25 19:30:21 --> [DEPRECATED] Creation of dynamic property App\Controllers\Laporan::$breadcrumb is deprecated in APPPATH\Controllers\Laporan.php on line 13.
 1 SYSTEMPATH\CodeIgniter.php(934): App\Controllers\Laporan->penjualan()
 2 SYSTEMPATH\CodeIgniter.php(499): CodeIgniter\CodeIgniter->runController(Object(App\Controllers\Laporan))
 3 SYSTEMPATH\CodeIgniter.php(368): CodeIgniter\CodeIgniter->handleRequest(null, Object(Config\Cache), false)
 4 FCPATH\index.php(67): CodeIgniter\CodeIgniter->run()
INFO - 2023-05-25 12:30:55 --> Session: Class initialized using 'CodeIgniter\Session\Handlers\FileHandler' driver.
WARNING - 2023-05-25 12:30:55 --> Session: Sessions is enabled, and one exists. Please don't $session->start();
WARNING - 2023-05-25 19:30:55 --> Session: Sessions is enabled, and one exists. Please don't $session->start();
WARNING - 2023-05-25 19:30:55 --> [DEPRECATED] Creation of dynamic property App\Controllers\Laporan::$hakakses is deprecated in APPPATH\Controllers\BaseController.php on line 61.
 1 SYSTEMPATH\CodeIgniter.php(907): App\Controllers\BaseController->initController(Object(CodeIgniter\HTTP\IncomingRequest), Object(CodeIgniter\HTTP\Response), Object(CodeIgniter\Log\Logger))
 2 SYSTEMPATH\CodeIgniter.php(490): CodeIgniter\CodeIgniter->createController()
 3 SYSTEMPATH\CodeIgniter.php(368): CodeIgniter\CodeIgniter->handleRequest(null, Object(Config\Cache), false)
 4 FCPATH\index.php(67): CodeIgniter\CodeIgniter->run()
INFO - 2023-05-25 12:31:01 --> Session: Class initialized using 'CodeIgniter\Session\Handlers\FileHandler' driver.
WARNING - 2023-05-25 12:31:01 --> Session: Sessions is enabled, and one exists. Please don't $session->start();
WARNING - 2023-05-25 19:31:01 --> Session: Sessions is enabled, and one exists. Please don't $session->start();
WARNING - 2023-05-25 19:31:01 --> [DEPRECATED] Creation of dynamic property App\Controllers\Laporan::$hakakses is deprecated in APPPATH\Controllers\BaseController.php on line 61.
 1 SYSTEMPATH\CodeIgniter.php(907): App\Controllers\BaseController->initController(Object(CodeIgniter\HTTP\IncomingRequest), Object(CodeIgniter\HTTP\Response), Object(CodeIgniter\Log\Logger))
 2 SYSTEMPATH\CodeIgniter.php(490): CodeIgniter\CodeIgniter->createController()
 3 SYSTEMPATH\CodeIgniter.php(368): CodeIgniter\CodeIgniter->handleRequest(null, Object(Config\Cache), false)
 4 FCPATH\index.php(67): CodeIgniter\CodeIgniter->run()
INFO - 2023-05-25 12:31:09 --> Session: Class initialized using 'CodeIgniter\Session\Handlers\FileHandler' driver.
WARNING - 2023-05-25 12:31:09 --> Session: Sessions is enabled, and one exists. Please don't $session->start();
WARNING - 2023-05-25 19:31:09 --> Session: Sessions is enabled, and one exists. Please don't $session->start();
WARNING - 2023-05-25 19:31:09 --> [DEPRECATED] Creation of dynamic property App\Controllers\Laporan::$hakakses is deprecated in APPPATH\Controllers\BaseController.php on line 61.
 1 SYSTEMPATH\CodeIgniter.php(907): App\Controllers\BaseController->initController(Object(CodeIgniter\HTTP\IncomingRequest), Object(CodeIgniter\HTTP\Response), Object(CodeIgniter\Log\Logger))
 2 SYSTEMPATH\CodeIgniter.php(490): CodeIgniter\CodeIgniter->createController()
 3 SYSTEMPATH\CodeIgniter.php(368): CodeIgniter\CodeIgniter->handleRequest(null, Object(Config\Cache), false)
 4 FCPATH\index.php(67): CodeIgniter\CodeIgniter->run()
INFO - 2023-05-25 19:32:18 --> Session: Class initialized using 'CodeIgniter\Session\Handlers\FileHandler' driver.
WARNING - 2023-05-25 19:32:18 --> Session: Sessions is enabled, and one exists. Please don't $session->start();
INFO - 2023-05-25 19:32:19 --> Session: Class initialized using 'CodeIgniter\Session\Handlers\FileHandler' driver.
WARNING - 2023-05-25 19:32:19 --> Session: Sessions is enabled, and one exists. Please don't $session->start();
INFO - 2023-05-25 19:32:19 --> Session: Class initialized using 'CodeIgniter\Session\Handlers\FileHandler' driver.
WARNING - 2023-05-25 19:32:19 --> Session: Sessions is enabled, and one exists. Please don't $session->start();
INFO - 2023-05-25 19:36:43 --> Session: Class initialized using 'CodeIgniter\Session\Handlers\FileHandler' driver.
WARNING - 2023-05-25 19:36:43 --> Session: Sessions is enabled, and one exists. Please don't $session->start();
INFO - 2023-05-25 19:36:44 --> Session: Class initialized using 'CodeIgniter\Session\Handlers\FileHandler' driver.
WARNING - 2023-05-25 19:36:44 --> Session: Sessions is enabled, and one exists. Please don't $session->start();
INFO - 2023-05-25 19:36:44 --> Session: Class initialized using 'CodeIgniter\Session\Handlers\FileHandler' driver.
WARNING - 2023-05-25 19:36:44 --> Session: Sessions is enabled, and one exists. Please don't $session->start();
INFO - 2023-05-25 19:38:08 --> Session: Class initialized using 'CodeIgniter\Session\Handlers\FileHandler' driver.
WARNING - 2023-05-25 19:38:08 --> Session: Sessions is enabled, and one exists. Please don't $session->start();
INFO - 2023-05-25 19:38:08 --> Session: Class initialized using 'CodeIgniter\Session\Handlers\FileHandler' driver.
WARNING - 2023-05-25 19:38:08 --> Session: Sessions is enabled, and one exists. Please don't $session->start();
INFO - 2023-05-25 19:38:09 --> Session: Class initialized using 'CodeIgniter\Session\Handlers\FileHandler' driver.
WARNING - 2023-05-25 19:38:09 --> Session: Sessions is enabled, and one exists. Please don't $session->start();
INFO - 2023-05-25 12:38:11 --> Session: Class initialized using 'CodeIgniter\Session\Handlers\FileHandler' driver.
WARNING - 2023-05-25 12:38:11 --> Session: Sessions is enabled, and one exists. Please don't $session->start();
WARNING - 2023-05-25 19:38:11 --> Session: Sessions is enabled, and one exists. Please don't $session->start();
WARNING - 2023-05-25 19:38:11 --> [DEPRECATED] Creation of dynamic property App\Controllers\Laporan::$hakakses is deprecated in APPPATH\Controllers\BaseController.php on line 61.
 1 SYSTEMPATH\CodeIgniter.php(907): App\Controllers\BaseController->initController(Object(CodeIgniter\HTTP\IncomingRequest), Object(CodeIgniter\HTTP\Response), Object(CodeIgniter\Log\Logger))
 2 SYSTEMPATH\CodeIgniter.php(490): CodeIgniter\CodeIgniter->createController()
 3 SYSTEMPATH\CodeIgniter.php(368): CodeIgniter\CodeIgniter->handleRequest(null, Object(Config\Cache), false)
 4 FCPATH\index.php(67): CodeIgniter\CodeIgniter->run()
WARNING - 2023-05-25 19:38:11 --> [DEPRECATED] Creation of dynamic property App\Controllers\Laporan::$breadcrumb is deprecated in APPPATH\Controllers\Laporan.php on line 13.
 1 SYSTEMPATH\CodeIgniter.php(934): App\Controllers\Laporan->penjualan()
 2 SYSTEMPATH\CodeIgniter.php(499): CodeIgniter\CodeIgniter->runController(Object(App\Controllers\Laporan))
 3 SYSTEMPATH\CodeIgniter.php(368): CodeIgniter\CodeIgniter->handleRequest(null, Object(Config\Cache), false)
 4 FCPATH\index.php(67): CodeIgniter\CodeIgniter->run()
INFO - 2023-05-25 12:39:00 --> Session: Class initialized using 'CodeIgniter\Session\Handlers\FileHandler' driver.
WARNING - 2023-05-25 12:39:00 --> Session: Sessions is enabled, and one exists. Please don't $session->start();
WARNING - 2023-05-25 19:39:00 --> Session: Sessions is enabled, and one exists. Please don't $session->start();
WARNING - 2023-05-25 19:39:00 --> [DEPRECATED] Creation of dynamic property App\Controllers\Laporan::$hakakses is deprecated in APPPATH\Controllers\BaseController.php on line 61.
 1 SYSTEMPATH\CodeIgniter.php(907): App\Controllers\BaseController->initController(Object(CodeIgniter\HTTP\IncomingRequest), Object(CodeIgniter\HTTP\Response), Object(CodeIgniter\Log\Logger))
 2 SYSTEMPATH\CodeIgniter.php(490): CodeIgniter\CodeIgniter->createController()
 3 SYSTEMPATH\CodeIgniter.php(368): CodeIgniter\CodeIgniter->handleRequest(null, Object(Config\Cache), false)
 4 FCPATH\index.php(67): CodeIgniter\CodeIgniter->run()
WARNING - 2023-05-25 19:39:00 --> [DEPRECATED] Creation of dynamic property App\Controllers\Laporan::$breadcrumb is deprecated in APPPATH\Controllers\Laporan.php on line 349.
 1 SYSTEMPATH\CodeIgniter.php(934): App\Controllers\Laporan->persediaanitem()
 2 SYSTEMPATH\CodeIgniter.php(499): CodeIgniter\CodeIgniter->runController(Object(App\Controllers\Laporan))
 3 SYSTEMPATH\CodeIgniter.php(368): CodeIgniter\CodeIgniter->handleRequest(null, Object(Config\Cache), false)
 4 FCPATH\index.php(67): CodeIgniter\CodeIgniter->run()
INFO - 2023-05-25 12:39:31 --> Session: Class initialized using 'CodeIgniter\Session\Handlers\FileHandler' driver.
WARNING - 2023-05-25 12:39:31 --> Session: Sessions is enabled, and one exists. Please don't $session->start();
WARNING - 2023-05-25 19:39:31 --> Session: Sessions is enabled, and one exists. Please don't $session->start();
WARNING - 2023-05-25 19:39:31 --> [DEPRECATED] Creation of dynamic property App\Controllers\Laporan::$hakakses is deprecated in APPPATH\Controllers\BaseController.php on line 61.
 1 SYSTEMPATH\CodeIgniter.php(907): App\Controllers\BaseController->initController(Object(CodeIgniter\HTTP\IncomingRequest), Object(CodeIgniter\HTTP\Response), Object(CodeIgniter\Log\Logger))
 2 SYSTEMPATH\CodeIgniter.php(490): CodeIgniter\CodeIgniter->createController()
 3 SYSTEMPATH\CodeIgniter.php(368): CodeIgniter\CodeIgniter->handleRequest(null, Object(Config\Cache), false)
 4 FCPATH\index.php(67): CodeIgniter\CodeIgniter->run()
WARNING - 2023-05-25 19:39:31 --> [DEPRECATED] Creation of dynamic property App\Controllers\Laporan::$breadcrumb is deprecated in APPPATH\Controllers\Laporan.php on line 349.
 1 SYSTEMPATH\CodeIgniter.php(934): App\Controllers\Laporan->persediaanitem()
 2 SYSTEMPATH\CodeIgniter.php(499): CodeIgniter\CodeIgniter->runController(Object(App\Controllers\Laporan))
 3 SYSTEMPATH\CodeIgniter.php(368): CodeIgniter\CodeIgniter->handleRequest(null, Object(Config\Cache), false)
 4 FCPATH\index.php(67): CodeIgniter\CodeIgniter->run()
INFO - 2023-05-25 12:39:34 --> Session: Class initialized using 'CodeIgniter\Session\Handlers\FileHandler' driver.
WARNING - 2023-05-25 12:39:34 --> Session: Sessions is enabled, and one exists. Please don't $session->start();
WARNING - 2023-05-25 19:39:34 --> Session: Sessions is enabled, and one exists. Please don't $session->start();
WARNING - 2023-05-25 19:39:34 --> [DEPRECATED] Creation of dynamic property App\Controllers\Laporan::$hakakses is deprecated in APPPATH\Controllers\BaseController.php on line 61.
 1 SYSTEMPATH\CodeIgniter.php(907): App\Controllers\BaseController->initController(Object(CodeIgniter\HTTP\IncomingRequest), Object(CodeIgniter\HTTP\Response), Object(CodeIgniter\Log\Logger))
 2 SYSTEMPATH\CodeIgniter.php(490): CodeIgniter\CodeIgniter->createController()
 3 SYSTEMPATH\CodeIgniter.php(368): CodeIgniter\CodeIgniter->handleRequest(null, Object(Config\Cache), false)
 4 FCPATH\index.php(67): CodeIgniter\CodeIgniter->run()
WARNING - 2023-05-25 19:39:34 --> [DEPRECATED] Creation of dynamic property App\Controllers\Laporan::$breadcrumb is deprecated in APPPATH\Controllers\Laporan.php on line 13.
 1 SYSTEMPATH\CodeIgniter.php(934): App\Controllers\Laporan->penjualan()
 2 SYSTEMPATH\CodeIgniter.php(499): CodeIgniter\CodeIgniter->runController(Object(App\Controllers\Laporan))
 3 SYSTEMPATH\CodeIgniter.php(368): CodeIgniter\CodeIgniter->handleRequest(null, Object(Config\Cache), false)
 4 FCPATH\index.php(67): CodeIgniter\CodeIgniter->run()
INFO - 2023-05-25 12:39:52 --> Session: Class initialized using 'CodeIgniter\Session\Handlers\FileHandler' driver.
WARNING - 2023-05-25 12:39:52 --> Session: Sessions is enabled, and one exists. Please don't $session->start();
WARNING - 2023-05-25 19:39:52 --> Session: Sessions is enabled, and one exists. Please don't $session->start();
WARNING - 2023-05-25 19:39:52 --> [DEPRECATED] Creation of dynamic property App\Controllers\Home::$hakakses is deprecated in APPPATH\Controllers\BaseController.php on line 61.
 1 SYSTEMPATH\CodeIgniter.php(907): App\Controllers\BaseController->initController(Object(CodeIgniter\HTTP\IncomingRequest), Object(CodeIgniter\HTTP\Response), Object(CodeIgniter\Log\Logger))
 2 SYSTEMPATH\CodeIgniter.php(490): CodeIgniter\CodeIgniter->createController()
 3 SYSTEMPATH\CodeIgniter.php(368): CodeIgniter\CodeIgniter->handleRequest(null, Object(Config\Cache), false)
 4 FCPATH\index.php(67): CodeIgniter\CodeIgniter->run()
WARNING - 2023-05-25 19:39:52 --> [DEPRECATED] Creation of dynamic property App\Controllers\Home::$breadcrumb is deprecated in APPPATH\Controllers\Home.php on line 23.
 1 SYSTEMPATH\CodeIgniter.php(934): App\Controllers\Home->index()
 2 SYSTEMPATH\CodeIgniter.php(499): CodeIgniter\CodeIgniter->runController(Object(App\Controllers\Home))
 3 SYSTEMPATH\CodeIgniter.php(368): CodeIgniter\CodeIgniter->handleRequest(null, Object(Config\Cache), false)
 4 FCPATH\index.php(67): CodeIgniter\CodeIgniter->run()
INFO - 2023-05-25 19:39:52 --> Session: Class initialized using 'CodeIgniter\Session\Handlers\FileHandler' driver.
WARNING - 2023-05-25 19:39:52 --> Session: Sessions is enabled, and one exists. Please don't $session->start();
INFO - 2023-05-25 19:39:52 --> Session: Class initialized using 'CodeIgniter\Session\Handlers\FileHandler' driver.
WARNING - 2023-05-25 19:39:52 --> Session: Sessions is enabled, and one exists. Please don't $session->start();
INFO - 2023-05-25 12:39:52 --> Session: Class initialized using 'CodeIgniter\Session\Handlers\FileHandler' driver.
WARNING - 2023-05-25 12:39:52 --> Session: Sessions is enabled, and one exists. Please don't $session->start();
WARNING - 2023-05-25 19:39:52 --> Session: Sessions is enabled, and one exists. Please don't $session->start();
WARNING - 2023-05-25 19:39:52 --> [DEPRECATED] Creation of dynamic property App\Controllers\Penjualan::$hakakses is deprecated in APPPATH\Controllers\BaseController.php on line 61.
 1 SYSTEMPATH\CodeIgniter.php(907): App\Controllers\BaseController->initController(Object(CodeIgniter\HTTP\IncomingRequest), Object(CodeIgniter\HTTP\Response), Object(CodeIgniter\Log\Logger))
 2 SYSTEMPATH\CodeIgniter.php(490): CodeIgniter\CodeIgniter->createController()
 3 SYSTEMPATH\CodeIgniter.php(368): CodeIgniter\CodeIgniter->handleRequest(null, Object(Config\Cache), false)
 4 FCPATH\index.php(67): CodeIgniter\CodeIgniter->run()
INFO - 2023-05-25 13:18:33 --> Session: Class initialized using 'CodeIgniter\Session\Handlers\FileHandler' driver.
WARNING - 2023-05-25 13:18:33 --> Session: Sessions is enabled, and one exists. Please don't $session->start();
WARNING - 2023-05-25 20:18:33 --> Session: Sessions is enabled, and one exists. Please don't $session->start();
WARNING - 2023-05-25 20:18:33 --> [DEPRECATED] Creation of dynamic property App\Controllers\Home::$hakakses is deprecated in APPPATH\Controllers\BaseController.php on line 61.
 1 SYSTEMPATH\CodeIgniter.php(907): App\Controllers\BaseController->initController(Object(CodeIgniter\HTTP\IncomingRequest), Object(CodeIgniter\HTTP\Response), Object(CodeIgniter\Log\Logger))
 2 SYSTEMPATH\CodeIgniter.php(490): CodeIgniter\CodeIgniter->createController()
 3 SYSTEMPATH\CodeIgniter.php(368): CodeIgniter\CodeIgniter->handleRequest(null, Object(Config\Cache), false)
 4 FCPATH\index.php(67): CodeIgniter\CodeIgniter->run()
WARNING - 2023-05-25 20:18:33 --> [DEPRECATED] Creation of dynamic property App\Controllers\Home::$breadcrumb is deprecated in APPPATH\Controllers\Home.php on line 23.
 1 SYSTEMPATH\CodeIgniter.php(934): App\Controllers\Home->index()
 2 SYSTEMPATH\CodeIgniter.php(499): CodeIgniter\CodeIgniter->runController(Object(App\Controllers\Home))
 3 SYSTEMPATH\CodeIgniter.php(368): CodeIgniter\CodeIgniter->handleRequest(null, Object(Config\Cache), false)
 4 FCPATH\index.php(67): CodeIgniter\CodeIgniter->run()
INFO - 2023-05-25 20:18:33 --> Session: Class initialized using 'CodeIgniter\Session\Handlers\FileHandler' driver.
WARNING - 2023-05-25 20:18:33 --> Session: Sessions is enabled, and one exists. Please don't $session->start();
INFO - 2023-05-25 20:18:33 --> Session: Class initialized using 'CodeIgniter\Session\Handlers\FileHandler' driver.
WARNING - 2023-05-25 20:18:33 --> Session: Sessions is enabled, and one exists. Please don't $session->start();
INFO - 2023-05-25 13:18:34 --> Session: Class initialized using 'CodeIgniter\Session\Handlers\FileHandler' driver.
WARNING - 2023-05-25 13:18:34 --> Session: Sessions is enabled, and one exists. Please don't $session->start();
WARNING - 2023-05-25 20:18:34 --> Session: Sessions is enabled, and one exists. Please don't $session->start();
WARNING - 2023-05-25 20:18:34 --> [DEPRECATED] Creation of dynamic property App\Controllers\Penjualan::$hakakses is deprecated in APPPATH\Controllers\BaseController.php on line 61.
 1 SYSTEMPATH\CodeIgniter.php(907): App\Controllers\BaseController->initController(Object(CodeIgniter\HTTP\IncomingRequest), Object(CodeIgniter\HTTP\Response), Object(CodeIgniter\Log\Logger))
 2 SYSTEMPATH\CodeIgniter.php(490): CodeIgniter\CodeIgniter->createController()
 3 SYSTEMPATH\CodeIgniter.php(368): CodeIgniter\CodeIgniter->handleRequest(null, Object(Config\Cache), false)
 4 FCPATH\index.php(67): CodeIgniter\CodeIgniter->run()
INFO - 2023-05-25 15:16:58 --> Session: Class initialized using 'CodeIgniter\Session\Handlers\FileHandler' driver.
WARNING - 2023-05-25 15:16:58 --> Session: Sessions is enabled, and one exists. Please don't $session->start();
WARNING - 2023-05-25 22:16:58 --> Session: Sessions is enabled, and one exists. Please don't $session->start();
WARNING - 2023-05-25 22:16:58 --> [DEPRECATED] Creation of dynamic property App\Controllers\Penjualan::$hakakses is deprecated in APPPATH\Controllers\BaseController.php on line 61.
 1 SYSTEMPATH\CodeIgniter.php(907): App\Controllers\BaseController->initController(Object(CodeIgniter\HTTP\IncomingRequest), Object(CodeIgniter\HTTP\Response), Object(CodeIgniter\Log\Logger))
 2 SYSTEMPATH\CodeIgniter.php(490): CodeIgniter\CodeIgniter->createController()
 3 SYSTEMPATH\CodeIgniter.php(368): CodeIgniter\CodeIgniter->handleRequest(null, Object(Config\Cache), false)
 4 FCPATH\index.php(67): CodeIgniter\CodeIgniter->run()
INFO - 2023-05-25 15:16:58 --> Session: Class initialized using 'CodeIgniter\Session\Handlers\FileHandler' driver.
WARNING - 2023-05-25 15:16:58 --> Session: Sessions is enabled, and one exists. Please don't $session->start();
WARNING - 2023-05-25 22:16:58 --> Session: Sessions is enabled, and one exists. Please don't $session->start();
WARNING - 2023-05-25 22:16:58 --> [DEPRECATED] Creation of dynamic property App\Controllers\Penjualan::$hakakses is deprecated in APPPATH\Controllers\BaseController.php on line 61.
 1 SYSTEMPATH\CodeIgniter.php(907): App\Controllers\BaseController->initController(Object(CodeIgniter\HTTP\IncomingRequest), Object(CodeIgniter\HTTP\Response), Object(CodeIgniter\Log\Logger))
 2 SYSTEMPATH\CodeIgniter.php(490): CodeIgniter\CodeIgniter->createController()
 3 SYSTEMPATH\CodeIgniter.php(368): CodeIgniter\CodeIgniter->handleRequest(null, Object(Config\Cache), false)
 4 FCPATH\index.php(67): CodeIgniter\CodeIgniter->run()
INFO - 2023-05-25 15:16:58 --> Session: Class initialized using 'CodeIgniter\Session\Handlers\FileHandler' driver.
WARNING - 2023-05-25 15:16:58 --> Session: Sessions is enabled, and one exists. Please don't $session->start();
WARNING - 2023-05-25 22:16:58 --> Session: Sessions is enabled, and one exists. Please don't $session->start();
WARNING - 2023-05-25 22:16:58 --> [DEPRECATED] Creation of dynamic property App\Controllers\Penjualan::$hakakses is deprecated in APPPATH\Controllers\BaseController.php on line 61.
 1 SYSTEMPATH\CodeIgniter.php(907): App\Controllers\BaseController->initController(Object(CodeIgniter\HTTP\IncomingRequest), Object(CodeIgniter\HTTP\Response), Object(CodeIgniter\Log\Logger))
 2 SYSTEMPATH\CodeIgniter.php(490): CodeIgniter\CodeIgniter->createController()
 3 SYSTEMPATH\CodeIgniter.php(368): CodeIgniter\CodeIgniter->handleRequest(null, Object(Config\Cache), false)
 4 FCPATH\index.php(67): CodeIgniter\CodeIgniter->run()
INFO - 2023-05-25 15:16:58 --> Session: Class initialized using 'CodeIgniter\Session\Handlers\FileHandler' driver.
WARNING - 2023-05-25 15:16:58 --> Session: Sessions is enabled, and one exists. Please don't $session->start();
WARNING - 2023-05-25 22:16:58 --> Session: Sessions is enabled, and one exists. Please don't $session->start();
WARNING - 2023-05-25 22:16:58 --> [DEPRECATED] Creation of dynamic property App\Controllers\Resto::$hakakses is deprecated in APPPATH\Controllers\BaseController.php on line 61.
 1 SYSTEMPATH\CodeIgniter.php(907): App\Controllers\BaseController->initController(Object(CodeIgniter\HTTP\IncomingRequest), Object(CodeIgniter\HTTP\Response), Object(CodeIgniter\Log\Logger))
 2 SYSTEMPATH\CodeIgniter.php(490): CodeIgniter\CodeIgniter->createController()
 3 SYSTEMPATH\CodeIgniter.php(368): CodeIgniter\CodeIgniter->handleRequest(null, Object(Config\Cache), false)
 4 FCPATH\index.php(67): CodeIgniter\CodeIgniter->run()
INFO - 2023-05-25 15:16:58 --> Session: Class initialized using 'CodeIgniter\Session\Handlers\FileHandler' driver.
WARNING - 2023-05-25 15:16:58 --> Session: Sessions is enabled, and one exists. Please don't $session->start();
WARNING - 2023-05-25 22:16:58 --> Session: Sessions is enabled, and one exists. Please don't $session->start();
WARNING - 2023-05-25 22:16:58 --> [DEPRECATED] Creation of dynamic property App\Controllers\Penjualan::$hakakses is deprecated in APPPATH\Controllers\BaseController.php on line 61.
 1 SYSTEMPATH\CodeIgniter.php(907): App\Controllers\BaseController->initController(Object(CodeIgniter\HTTP\IncomingRequest), Object(CodeIgniter\HTTP\Response), Object(CodeIgniter\Log\Logger))
 2 SYSTEMPATH\CodeIgniter.php(490): CodeIgniter\CodeIgniter->createController()
 3 SYSTEMPATH\CodeIgniter.php(368): CodeIgniter\CodeIgniter->handleRequest(null, Object(Config\Cache), false)
 4 FCPATH\index.php(67): CodeIgniter\CodeIgniter->run()
INFO - 2023-05-25 15:17:00 --> Session: Class initialized using 'CodeIgniter\Session\Handlers\FileHandler' driver.
WARNING - 2023-05-25 15:17:00 --> Session: Sessions is enabled, and one exists. Please don't $session->start();
WARNING - 2023-05-25 22:17:00 --> Session: Sessions is enabled, and one exists. Please don't $session->start();
WARNING - 2023-05-25 22:17:00 --> [DEPRECATED] Creation of dynamic property App\Controllers\Resto::$hakakses is deprecated in APPPATH\Controllers\BaseController.php on line 61.
 1 SYSTEMPATH\CodeIgniter.php(907): App\Controllers\BaseController->initController(Object(CodeIgniter\HTTP\IncomingRequest), Object(CodeIgniter\HTTP\Response), Object(CodeIgniter\Log\Logger))
 2 SYSTEMPATH\CodeIgniter.php(490): CodeIgniter\CodeIgniter->createController()
 3 SYSTEMPATH\CodeIgniter.php(368): CodeIgniter\CodeIgniter->handleRequest(null, Object(Config\Cache), false)
 4 FCPATH\index.php(67): CodeIgniter\CodeIgniter->run()
INFO - 2023-05-25 15:17:00 --> Session: Class initialized using 'CodeIgniter\Session\Handlers\FileHandler' driver.
WARNING - 2023-05-25 15:17:00 --> Session: Sessions is enabled, and one exists. Please don't $session->start();
WARNING - 2023-05-25 22:17:00 --> Session: Sessions is enabled, and one exists. Please don't $session->start();
WARNING - 2023-05-25 22:17:00 --> [DEPRECATED] Creation of dynamic property App\Controllers\Penjualan::$hakakses is deprecated in APPPATH\Controllers\BaseController.php on line 61.
 1 SYSTEMPATH\CodeIgniter.php(907): App\Controllers\BaseController->initController(Object(CodeIgniter\HTTP\IncomingRequest), Object(CodeIgniter\HTTP\Response), Object(CodeIgniter\Log\Logger))
 2 SYSTEMPATH\CodeIgniter.php(490): CodeIgniter\CodeIgniter->createController()
 3 SYSTEMPATH\CodeIgniter.php(368): CodeIgniter\CodeIgniter->handleRequest(null, Object(Config\Cache), false)
 4 FCPATH\index.php(67): CodeIgniter\CodeIgniter->run()
INFO - 2023-05-25 22:17:00 --> Session: Class initialized using 'CodeIgniter\Session\Handlers\FileHandler' driver.
WARNING - 2023-05-25 22:17:00 --> Session: Sessions is enabled, and one exists. Please don't $session->start();
INFO - 2023-05-25 22:17:00 --> Session: Class initialized using 'CodeIgniter\Session\Handlers\FileHandler' driver.
WARNING - 2023-05-25 22:17:00 --> Session: Sessions is enabled, and one exists. Please don't $session->start();
INFO - 2023-05-25 15:17:00 --> Session: Class initialized using 'CodeIgniter\Session\Handlers\FileHandler' driver.
WARNING - 2023-05-25 15:17:00 --> Session: Sessions is enabled, and one exists. Please don't $session->start();
WARNING - 2023-05-25 22:17:00 --> Session: Sessions is enabled, and one exists. Please don't $session->start();
WARNING - 2023-05-25 22:17:00 --> [DEPRECATED] Creation of dynamic property App\Controllers\Penjualan::$hakakses is deprecated in APPPATH\Controllers\BaseController.php on line 61.
 1 SYSTEMPATH\CodeIgniter.php(907): App\Controllers\BaseController->initController(Object(CodeIgniter\HTTP\IncomingRequest), Object(CodeIgniter\HTTP\Response), Object(CodeIgniter\Log\Logger))
 2 SYSTEMPATH\CodeIgniter.php(490): CodeIgniter\CodeIgniter->createController()
 3 SYSTEMPATH\CodeIgniter.php(368): CodeIgniter\CodeIgniter->handleRequest(null, Object(Config\Cache), false)
 4 FCPATH\index.php(67): CodeIgniter\CodeIgniter->run()
INFO - 2023-05-25 15:17:00 --> Session: Class initialized using 'CodeIgniter\Session\Handlers\FileHandler' driver.
WARNING - 2023-05-25 15:17:00 --> Session: Sessions is enabled, and one exists. Please don't $session->start();
WARNING - 2023-05-25 22:17:00 --> Session: Sessions is enabled, and one exists. Please don't $session->start();
WARNING - 2023-05-25 22:17:00 --> [DEPRECATED] Creation of dynamic property App\Controllers\Penjualan::$hakakses is deprecated in APPPATH\Controllers\BaseController.php on line 61.
 1 SYSTEMPATH\CodeIgniter.php(907): App\Controllers\BaseController->initController(Object(CodeIgniter\HTTP\IncomingRequest), Object(CodeIgniter\HTTP\Response), Object(CodeIgniter\Log\Logger))
 2 SYSTEMPATH\CodeIgniter.php(490): CodeIgniter\CodeIgniter->createController()
 3 SYSTEMPATH\CodeIgniter.php(368): CodeIgniter\CodeIgniter->handleRequest(null, Object(Config\Cache), false)
 4 FCPATH\index.php(67): CodeIgniter\CodeIgniter->run()
INFO - 2023-05-25 15:17:00 --> Session: Class initialized using 'CodeIgniter\Session\Handlers\FileHandler' driver.
WARNING - 2023-05-25 15:17:00 --> Session: Sessions is enabled, and one exists. Please don't $session->start();
WARNING - 2023-05-25 22:17:00 --> Session: Sessions is enabled, and one exists. Please don't $session->start();
WARNING - 2023-05-25 22:17:00 --> [DEPRECATED] Creation of dynamic property App\Controllers\Resto::$hakakses is deprecated in APPPATH\Controllers\BaseController.php on line 61.
 1 SYSTEMPATH\CodeIgniter.php(907): App\Controllers\BaseController->initController(Object(CodeIgniter\HTTP\IncomingRequest), Object(CodeIgniter\HTTP\Response), Object(CodeIgniter\Log\Logger))
 2 SYSTEMPATH\CodeIgniter.php(490): CodeIgniter\CodeIgniter->createController()
 3 SYSTEMPATH\CodeIgniter.php(368): CodeIgniter\CodeIgniter->handleRequest(null, Object(Config\Cache), false)
 4 FCPATH\index.php(67): CodeIgniter\CodeIgniter->run()
INFO - 2023-05-25 15:17:17 --> Session: Class initialized using 'CodeIgniter\Session\Handlers\FileHandler' driver.
WARNING - 2023-05-25 15:17:17 --> Session: Sessions is enabled, and one exists. Please don't $session->start();
WARNING - 2023-05-25 22:17:17 --> Session: Sessions is enabled, and one exists. Please don't $session->start();
WARNING - 2023-05-25 22:17:17 --> [DEPRECATED] Creation of dynamic property App\Controllers\Penjualan::$hakakses is deprecated in APPPATH\Controllers\BaseController.php on line 61.
 1 SYSTEMPATH\CodeIgniter.php(907): App\Controllers\BaseController->initController(Object(CodeIgniter\HTTP\IncomingRequest), Object(CodeIgniter\HTTP\Response), Object(CodeIgniter\Log\Logger))
 2 SYSTEMPATH\CodeIgniter.php(490): CodeIgniter\CodeIgniter->createController()
 3 SYSTEMPATH\CodeIgniter.php(368): CodeIgniter\CodeIgniter->handleRequest(null, Object(Config\Cache), false)
 4 FCPATH\index.php(67): CodeIgniter\CodeIgniter->run()
INFO - 2023-05-25 15:17:21 --> Session: Class initialized using 'CodeIgniter\Session\Handlers\FileHandler' driver.
WARNING - 2023-05-25 15:17:21 --> Session: Sessions is enabled, and one exists. Please don't $session->start();
WARNING - 2023-05-25 22:17:21 --> Session: Sessions is enabled, and one exists. Please don't $session->start();
WARNING - 2023-05-25 22:17:21 --> [DEPRECATED] Creation of dynamic property App\Controllers\Kds::$hakakses is deprecated in APPPATH\Controllers\BaseController.php on line 61.
 1 SYSTEMPATH\CodeIgniter.php(907): App\Controllers\BaseController->initController(Object(CodeIgniter\HTTP\IncomingRequest), Object(CodeIgniter\HTTP\Response), Object(CodeIgniter\Log\Logger))
 2 SYSTEMPATH\CodeIgniter.php(490): CodeIgniter\CodeIgniter->createController()
 3 SYSTEMPATH\CodeIgniter.php(368): CodeIgniter\CodeIgniter->handleRequest(null, Object(Config\Cache), false)
 4 FCPATH\index.php(67): CodeIgniter\CodeIgniter->run()
INFO - 2023-05-25 15:17:21 --> Session: Class initialized using 'CodeIgniter\Session\Handlers\FileHandler' driver.
WARNING - 2023-05-25 15:17:21 --> Session: Sessions is enabled, and one exists. Please don't $session->start();
WARNING - 2023-05-25 22:17:21 --> Session: Sessions is enabled, and one exists. Please don't $session->start();
WARNING - 2023-05-25 22:17:21 --> [DEPRECATED] Creation of dynamic property App\Controllers\Kds::$hakakses is deprecated in APPPATH\Controllers\BaseController.php on line 61.
 1 SYSTEMPATH\CodeIgniter.php(907): App\Controllers\BaseController->initController(Object(CodeIgniter\HTTP\IncomingRequest), Object(CodeIgniter\HTTP\Response), Object(CodeIgniter\Log\Logger))
 2 SYSTEMPATH\CodeIgniter.php(490): CodeIgniter\CodeIgniter->createController()
 3 SYSTEMPATH\CodeIgniter.php(368): CodeIgniter\CodeIgniter->handleRequest(null, Object(Config\Cache), false)
 4 FCPATH\index.php(67): CodeIgniter\CodeIgniter->run()
INFO - 2023-05-25 15:17:24 --> Session: Class initialized using 'CodeIgniter\Session\Handlers\FileHandler' driver.
WARNING - 2023-05-25 15:17:24 --> Session: Sessions is enabled, and one exists. Please don't $session->start();
WARNING - 2023-05-25 22:17:24 --> Session: Sessions is enabled, and one exists. Please don't $session->start();
WARNING - 2023-05-25 22:17:24 --> [DEPRECATED] Creation of dynamic property App\Controllers\Kds::$hakakses is deprecated in APPPATH\Controllers\BaseController.php on line 61.
 1 SYSTEMPATH\CodeIgniter.php(907): App\Controllers\BaseController->initController(Object(CodeIgniter\HTTP\IncomingRequest), Object(CodeIgniter\HTTP\Response), Object(CodeIgniter\Log\Logger))
 2 SYSTEMPATH\CodeIgniter.php(490): CodeIgniter\CodeIgniter->createController()
 3 SYSTEMPATH\CodeIgniter.php(368): CodeIgniter\CodeIgniter->handleRequest(null, Object(Config\Cache), false)
 4 FCPATH\index.php(67): CodeIgniter\CodeIgniter->run()
INFO - 2023-05-25 15:17:24 --> Session: Class initialized using 'CodeIgniter\Session\Handlers\FileHandler' driver.
WARNING - 2023-05-25 15:17:24 --> Session: Sessions is enabled, and one exists. Please don't $session->start();
WARNING - 2023-05-25 22:17:24 --> Session: Sessions is enabled, and one exists. Please don't $session->start();
WARNING - 2023-05-25 22:17:24 --> [DEPRECATED] Creation of dynamic property App\Controllers\Kds::$hakakses is deprecated in APPPATH\Controllers\BaseController.php on line 61.
 1 SYSTEMPATH\CodeIgniter.php(907): App\Controllers\BaseController->initController(Object(CodeIgniter\HTTP\IncomingRequest), Object(CodeIgniter\HTTP\Response), Object(CodeIgniter\Log\Logger))
 2 SYSTEMPATH\CodeIgniter.php(490): CodeIgniter\CodeIgniter->createController()
 3 SYSTEMPATH\CodeIgniter.php(368): CodeIgniter\CodeIgniter->handleRequest(null, Object(Config\Cache), false)
 4 FCPATH\index.php(67): CodeIgniter\CodeIgniter->run()
INFO - 2023-05-25 15:17:26 --> Session: Class initialized using 'CodeIgniter\Session\Handlers\FileHandler' driver.
WARNING - 2023-05-25 15:17:26 --> Session: Sessions is enabled, and one exists. Please don't $session->start();
WARNING - 2023-05-25 22:17:26 --> Session: Sessions is enabled, and one exists. Please don't $session->start();
WARNING - 2023-05-25 22:17:26 --> [DEPRECATED] Creation of dynamic property App\Controllers\Penjualan::$hakakses is deprecated in APPPATH\Controllers\BaseController.php on line 61.
 1 SYSTEMPATH\CodeIgniter.php(907): App\Controllers\BaseController->initController(Object(CodeIgniter\HTTP\IncomingRequest), Object(CodeIgniter\HTTP\Response), Object(CodeIgniter\Log\Logger))
 2 SYSTEMPATH\CodeIgniter.php(490): CodeIgniter\CodeIgniter->createController()
 3 SYSTEMPATH\CodeIgniter.php(368): CodeIgniter\CodeIgniter->handleRequest(null, Object(Config\Cache), false)
 4 FCPATH\index.php(67): CodeIgniter\CodeIgniter->run()
INFO - 2023-05-25 15:17:26 --> Session: Class initialized using 'CodeIgniter\Session\Handlers\FileHandler' driver.
WARNING - 2023-05-25 15:17:26 --> Session: Sessions is enabled, and one exists. Please don't $session->start();
WARNING - 2023-05-25 22:17:26 --> Session: Sessions is enabled, and one exists. Please don't $session->start();
WARNING - 2023-05-25 22:17:26 --> [DEPRECATED] Creation of dynamic property App\Controllers\Resto::$hakakses is deprecated in APPPATH\Controllers\BaseController.php on line 61.
 1 SYSTEMPATH\CodeIgniter.php(907): App\Controllers\BaseController->initController(Object(CodeIgniter\HTTP\IncomingRequest), Object(CodeIgniter\HTTP\Response), Object(CodeIgniter\Log\Logger))
 2 SYSTEMPATH\CodeIgniter.php(490): CodeIgniter\CodeIgniter->createController()
 3 SYSTEMPATH\CodeIgniter.php(368): CodeIgniter\CodeIgniter->handleRequest(null, Object(Config\Cache), false)
 4 FCPATH\index.php(67): CodeIgniter\CodeIgniter->run()
INFO - 2023-05-25 15:17:27 --> Session: Class initialized using 'CodeIgniter\Session\Handlers\FileHandler' driver.
WARNING - 2023-05-25 15:17:27 --> Session: Sessions is enabled, and one exists. Please don't $session->start();
WARNING - 2023-05-25 22:17:27 --> Session: Sessions is enabled, and one exists. Please don't $session->start();
WARNING - 2023-05-25 22:17:27 --> [DEPRECATED] Creation of dynamic property App\Controllers\Penjualan::$hakakses is deprecated in APPPATH\Controllers\BaseController.php on line 61.
 1 SYSTEMPATH\CodeIgniter.php(907): App\Controllers\BaseController->initController(Object(CodeIgniter\HTTP\IncomingRequest), Object(CodeIgniter\HTTP\Response), Object(CodeIgniter\Log\Logger))
 2 SYSTEMPATH\CodeIgniter.php(490): CodeIgniter\CodeIgniter->createController()
 3 SYSTEMPATH\CodeIgniter.php(368): CodeIgniter\CodeIgniter->handleRequest(null, Object(Config\Cache), false)
 4 FCPATH\index.php(67): CodeIgniter\CodeIgniter->run()
INFO - 2023-05-25 15:17:27 --> Session: Class initialized using 'CodeIgniter\Session\Handlers\FileHandler' driver.
WARNING - 2023-05-25 15:17:27 --> Session: Sessions is enabled, and one exists. Please don't $session->start();
WARNING - 2023-05-25 22:17:27 --> Session: Sessions is enabled, and one exists. Please don't $session->start();
WARNING - 2023-05-25 22:17:27 --> [DEPRECATED] Creation of dynamic property App\Controllers\Penjualan::$hakakses is deprecated in APPPATH\Controllers\BaseController.php on line 61.
 1 SYSTEMPATH\CodeIgniter.php(907): App\Controllers\BaseController->initController(Object(CodeIgniter\HTTP\IncomingRequest), Object(CodeIgniter\HTTP\Response), Object(CodeIgniter\Log\Logger))
 2 SYSTEMPATH\CodeIgniter.php(490): CodeIgniter\CodeIgniter->createController()
 3 SYSTEMPATH\CodeIgniter.php(368): CodeIgniter\CodeIgniter->handleRequest(null, Object(Config\Cache), false)
 4 FCPATH\index.php(67): CodeIgniter\CodeIgniter->run()
INFO - 2023-05-25 15:17:27 --> Session: Class initialized using 'CodeIgniter\Session\Handlers\FileHandler' driver.
WARNING - 2023-05-25 15:17:27 --> Session: Sessions is enabled, and one exists. Please don't $session->start();
WARNING - 2023-05-25 22:17:27 --> Session: Sessions is enabled, and one exists. Please don't $session->start();
WARNING - 2023-05-25 22:17:27 --> [DEPRECATED] Creation of dynamic property App\Controllers\Penjualan::$hakakses is deprecated in APPPATH\Controllers\BaseController.php on line 61.
 1 SYSTEMPATH\CodeIgniter.php(907): App\Controllers\BaseController->initController(Object(CodeIgniter\HTTP\IncomingRequest), Object(CodeIgniter\HTTP\Response), Object(CodeIgniter\Log\Logger))
 2 SYSTEMPATH\CodeIgniter.php(490): CodeIgniter\CodeIgniter->createController()
 3 SYSTEMPATH\CodeIgniter.php(368): CodeIgniter\CodeIgniter->handleRequest(null, Object(Config\Cache), false)
 4 FCPATH\index.php(67): CodeIgniter\CodeIgniter->run()
INFO - 2023-05-25 15:17:27 --> Session: Class initialized using 'CodeIgniter\Session\Handlers\FileHandler' driver.
WARNING - 2023-05-25 15:17:27 --> Session: Sessions is enabled, and one exists. Please don't $session->start();
WARNING - 2023-05-25 22:17:27 --> Session: Sessions is enabled, and one exists. Please don't $session->start();
WARNING - 2023-05-25 22:17:27 --> [DEPRECATED] Creation of dynamic property App\Controllers\Penjualan::$hakakses is deprecated in APPPATH\Controllers\BaseController.php on line 61.
 1 SYSTEMPATH\CodeIgniter.php(907): App\Controllers\BaseController->initController(Object(CodeIgniter\HTTP\IncomingRequest), Object(CodeIgniter\HTTP\Response), Object(CodeIgniter\Log\Logger))
 2 SYSTEMPATH\CodeIgniter.php(490): CodeIgniter\CodeIgniter->createController()
 3 SYSTEMPATH\CodeIgniter.php(368): CodeIgniter\CodeIgniter->handleRequest(null, Object(Config\Cache), false)
 4 FCPATH\index.php(67): CodeIgniter\CodeIgniter->run()
INFO - 2023-05-25 15:17:27 --> Session: Class initialized using 'CodeIgniter\Session\Handlers\FileHandler' driver.
WARNING - 2023-05-25 15:17:27 --> Session: Sessions is enabled, and one exists. Please don't $session->start();
WARNING - 2023-05-25 22:17:27 --> Session: Sessions is enabled, and one exists. Please don't $session->start();
WARNING - 2023-05-25 22:17:27 --> [DEPRECATED] Creation of dynamic property App\Controllers\Resto::$hakakses is deprecated in APPPATH\Controllers\BaseController.php on line 61.
 1 SYSTEMPATH\CodeIgniter.php(907): App\Controllers\BaseController->initController(Object(CodeIgniter\HTTP\IncomingRequest), Object(CodeIgniter\HTTP\Response), Object(CodeIgniter\Log\Logger))
 2 SYSTEMPATH\CodeIgniter.php(490): CodeIgniter\CodeIgniter->createController()
 3 SYSTEMPATH\CodeIgniter.php(368): CodeIgniter\CodeIgniter->handleRequest(null, Object(Config\Cache), false)
 4 FCPATH\index.php(67): CodeIgniter\CodeIgniter->run()
INFO - 2023-05-25 15:17:27 --> Session: Class initialized using 'CodeIgniter\Session\Handlers\FileHandler' driver.
WARNING - 2023-05-25 15:17:27 --> Session: Sessions is enabled, and one exists. Please don't $session->start();
WARNING - 2023-05-25 22:17:27 --> Session: Sessions is enabled, and one exists. Please don't $session->start();
WARNING - 2023-05-25 22:17:27 --> [DEPRECATED] Creation of dynamic property App\Controllers\Penjualan::$hakakses is deprecated in APPPATH\Controllers\BaseController.php on line 61.
 1 SYSTEMPATH\CodeIgniter.php(907): App\Controllers\BaseController->initController(Object(CodeIgniter\HTTP\IncomingRequest), Object(CodeIgniter\HTTP\Response), Object(CodeIgniter\Log\Logger))
 2 SYSTEMPATH\CodeIgniter.php(490): CodeIgniter\CodeIgniter->createController()
 3 SYSTEMPATH\CodeIgniter.php(368): CodeIgniter\CodeIgniter->handleRequest(null, Object(Config\Cache), false)
 4 FCPATH\index.php(67): CodeIgniter\CodeIgniter->run()
INFO - 2023-05-25 22:17:27 --> Session: Class initialized using 'CodeIgniter\Session\Handlers\FileHandler' driver.
WARNING - 2023-05-25 22:17:27 --> Session: Sessions is enabled, and one exists. Please don't $session->start();
INFO - 2023-05-25 22:17:27 --> Session: Class initialized using 'CodeIgniter\Session\Handlers\FileHandler' driver.
WARNING - 2023-05-25 22:17:27 --> Session: Sessions is enabled, and one exists. Please don't $session->start();
INFO - 2023-05-25 15:17:27 --> Session: Class initialized using 'CodeIgniter\Session\Handlers\FileHandler' driver.
WARNING - 2023-05-25 15:17:27 --> Session: Sessions is enabled, and one exists. Please don't $session->start();
WARNING - 2023-05-25 22:17:27 --> Session: Sessions is enabled, and one exists. Please don't $session->start();
WARNING - 2023-05-25 22:17:27 --> [DEPRECATED] Creation of dynamic property App\Controllers\Resto::$hakakses is deprecated in APPPATH\Controllers\BaseController.php on line 61.
 1 SYSTEMPATH\CodeIgniter.php(907): App\Controllers\BaseController->initController(Object(CodeIgniter\HTTP\IncomingRequest), Object(CodeIgniter\HTTP\Response), Object(CodeIgniter\Log\Logger))
 2 SYSTEMPATH\CodeIgniter.php(490): CodeIgniter\CodeIgniter->createController()
 3 SYSTEMPATH\CodeIgniter.php(368): CodeIgniter\CodeIgniter->handleRequest(null, Object(Config\Cache), false)
 4 FCPATH\index.php(67): CodeIgniter\CodeIgniter->run()
INFO - 2023-05-25 15:17:28 --> Session: Class initialized using 'CodeIgniter\Session\Handlers\FileHandler' driver.
WARNING - 2023-05-25 15:17:28 --> Session: Sessions is enabled, and one exists. Please don't $session->start();
WARNING - 2023-05-25 22:17:28 --> Session: Sessions is enabled, and one exists. Please don't $session->start();
WARNING - 2023-05-25 22:17:28 --> [DEPRECATED] Creation of dynamic property App\Controllers\Penjualan::$hakakses is deprecated in APPPATH\Controllers\BaseController.php on line 61.
 1 SYSTEMPATH\CodeIgniter.php(907): App\Controllers\BaseController->initController(Object(CodeIgniter\HTTP\IncomingRequest), Object(CodeIgniter\HTTP\Response), Object(CodeIgniter\Log\Logger))
 2 SYSTEMPATH\CodeIgniter.php(490): CodeIgniter\CodeIgniter->createController()
 3 SYSTEMPATH\CodeIgniter.php(368): CodeIgniter\CodeIgniter->handleRequest(null, Object(Config\Cache), false)
 4 FCPATH\index.php(67): CodeIgniter\CodeIgniter->run()
INFO - 2023-05-25 15:19:21 --> Session: Class initialized using 'CodeIgniter\Session\Handlers\FileHandler' driver.
WARNING - 2023-05-25 15:19:21 --> Session: Sessions is enabled, and one exists. Please don't $session->start();
WARNING - 2023-05-25 22:19:21 --> Session: Sessions is enabled, and one exists. Please don't $session->start();
WARNING - 2023-05-25 22:19:21 --> [DEPRECATED] Creation of dynamic property App\Controllers\Resto::$hakakses is deprecated in APPPATH\Controllers\BaseController.php on line 61.
 1 SYSTEMPATH\CodeIgniter.php(907): App\Controllers\BaseController->initController(Object(CodeIgniter\HTTP\IncomingRequest), Object(CodeIgniter\HTTP\Response), Object(CodeIgniter\Log\Logger))
 2 SYSTEMPATH\CodeIgniter.php(490): CodeIgniter\CodeIgniter->createController()
 3 SYSTEMPATH\CodeIgniter.php(368): CodeIgniter\CodeIgniter->handleRequest(null, Object(Config\Cache), false)
 4 FCPATH\index.php(67): CodeIgniter\CodeIgniter->run()
INFO - 2023-05-25 15:19:21 --> Session: Class initialized using 'CodeIgniter\Session\Handlers\FileHandler' driver.
WARNING - 2023-05-25 15:19:21 --> Session: Sessions is enabled, and one exists. Please don't $session->start();
WARNING - 2023-05-25 22:19:21 --> Session: Sessions is enabled, and one exists. Please don't $session->start();
WARNING - 2023-05-25 22:19:21 --> [DEPRECATED] Creation of dynamic property App\Controllers\Resto::$hakakses is deprecated in APPPATH\Controllers\BaseController.php on line 61.
 1 SYSTEMPATH\CodeIgniter.php(907): App\Controllers\BaseController->initController(Object(CodeIgniter\HTTP\IncomingRequest), Object(CodeIgniter\HTTP\Response), Object(CodeIgniter\Log\Logger))
 2 SYSTEMPATH\CodeIgniter.php(490): CodeIgniter\CodeIgniter->createController()
 3 SYSTEMPATH\CodeIgniter.php(368): CodeIgniter\CodeIgniter->handleRequest(null, Object(Config\Cache), false)
 4 FCPATH\index.php(67): CodeIgniter\CodeIgniter->run()
INFO - 2023-05-25 15:19:22 --> Session: Class initialized using 'CodeIgniter\Session\Handlers\FileHandler' driver.
WARNING - 2023-05-25 15:19:22 --> Session: Sessions is enabled, and one exists. Please don't $session->start();
WARNING - 2023-05-25 22:19:22 --> Session: Sessions is enabled, and one exists. Please don't $session->start();
WARNING - 2023-05-25 22:19:22 --> [DEPRECATED] Creation of dynamic property App\Controllers\Resto::$hakakses is deprecated in APPPATH\Controllers\BaseController.php on line 61.
 1 SYSTEMPATH\CodeIgniter.php(907): App\Controllers\BaseController->initController(Object(CodeIgniter\HTTP\IncomingRequest), Object(CodeIgniter\HTTP\Response), Object(CodeIgniter\Log\Logger))
 2 SYSTEMPATH\CodeIgniter.php(490): CodeIgniter\CodeIgniter->createController()
 3 SYSTEMPATH\CodeIgniter.php(368): CodeIgniter\CodeIgniter->handleRequest(null, Object(Config\Cache), false)
 4 FCPATH\index.php(67): CodeIgniter\CodeIgniter->run()
INFO - 2023-05-25 15:19:28 --> Session: Class initialized using 'CodeIgniter\Session\Handlers\FileHandler' driver.
WARNING - 2023-05-25 15:19:28 --> Session: Sessions is enabled, and one exists. Please don't $session->start();
WARNING - 2023-05-25 22:19:28 --> Session: Sessions is enabled, and one exists. Please don't $session->start();
WARNING - 2023-05-25 22:19:28 --> [DEPRECATED] Creation of dynamic property App\Controllers\Home::$hakakses is deprecated in APPPATH\Controllers\BaseController.php on line 61.
 1 SYSTEMPATH\CodeIgniter.php(907): App\Controllers\BaseController->initController(Object(CodeIgniter\HTTP\IncomingRequest), Object(CodeIgniter\HTTP\Response), Object(CodeIgniter\Log\Logger))
 2 SYSTEMPATH\CodeIgniter.php(490): CodeIgniter\CodeIgniter->createController()
 3 SYSTEMPATH\CodeIgniter.php(368): CodeIgniter\CodeIgniter->handleRequest(null, Object(Config\Cache), false)
 4 FCPATH\index.php(67): CodeIgniter\CodeIgniter->run()
WARNING - 2023-05-25 22:19:28 --> [DEPRECATED] Creation of dynamic property App\Controllers\Home::$breadcrumb is deprecated in APPPATH\Controllers\Home.php on line 23.
 1 SYSTEMPATH\CodeIgniter.php(934): App\Controllers\Home->index()
 2 SYSTEMPATH\CodeIgniter.php(499): CodeIgniter\CodeIgniter->runController(Object(App\Controllers\Home))
 3 SYSTEMPATH\CodeIgniter.php(368): CodeIgniter\CodeIgniter->handleRequest(null, Object(Config\Cache), false)
 4 FCPATH\index.php(67): CodeIgniter\CodeIgniter->run()
INFO - 2023-05-25 22:19:28 --> Session: Class initialized using 'CodeIgniter\Session\Handlers\FileHandler' driver.
WARNING - 2023-05-25 22:19:28 --> Session: Sessions is enabled, and one exists. Please don't $session->start();
INFO - 2023-05-25 22:19:28 --> Session: Class initialized using 'CodeIgniter\Session\Handlers\FileHandler' driver.
WARNING - 2023-05-25 22:19:28 --> Session: Sessions is enabled, and one exists. Please don't $session->start();
INFO - 2023-05-25 15:19:28 --> Session: Class initialized using 'CodeIgniter\Session\Handlers\FileHandler' driver.
WARNING - 2023-05-25 15:19:28 --> Session: Sessions is enabled, and one exists. Please don't $session->start();
WARNING - 2023-05-25 22:19:28 --> Session: Sessions is enabled, and one exists. Please don't $session->start();
WARNING - 2023-05-25 22:19:28 --> [DEPRECATED] Creation of dynamic property App\Controllers\Penjualan::$hakakses is deprecated in APPPATH\Controllers\BaseController.php on line 61.
 1 SYSTEMPATH\CodeIgniter.php(907): App\Controllers\BaseController->initController(Object(CodeIgniter\HTTP\IncomingRequest), Object(CodeIgniter\HTTP\Response), Object(CodeIgniter\Log\Logger))
 2 SYSTEMPATH\CodeIgniter.php(490): CodeIgniter\CodeIgniter->createController()
 3 SYSTEMPATH\CodeIgniter.php(368): CodeIgniter\CodeIgniter->handleRequest(null, Object(Config\Cache), false)
 4 FCPATH\index.php(67): CodeIgniter\CodeIgniter->run()
INFO - 2023-05-25 15:28:15 --> Session: Class initialized using 'CodeIgniter\Session\Handlers\FileHandler' driver.
WARNING - 2023-05-25 15:28:15 --> Session: Sessions is enabled, and one exists. Please don't $session->start();
WARNING - 2023-05-25 22:28:15 --> Session: Sessions is enabled, and one exists. Please don't $session->start();
WARNING - 2023-05-25 22:28:15 --> [DEPRECATED] Creation of dynamic property App\Controllers\Home::$hakakses is deprecated in APPPATH\Controllers\BaseController.php on line 61.
 1 SYSTEMPATH\CodeIgniter.php(907): App\Controllers\BaseController->initController(Object(CodeIgniter\HTTP\IncomingRequest), Object(CodeIgniter\HTTP\Response), Object(CodeIgniter\Log\Logger))
 2 SYSTEMPATH\CodeIgniter.php(490): CodeIgniter\CodeIgniter->createController()
 3 SYSTEMPATH\CodeIgniter.php(368): CodeIgniter\CodeIgniter->handleRequest(null, Object(Config\Cache), false)
 4 FCPATH\index.php(67): CodeIgniter\CodeIgniter->run()
WARNING - 2023-05-25 22:28:15 --> [DEPRECATED] Creation of dynamic property App\Controllers\Home::$breadcrumb is deprecated in APPPATH\Controllers\Home.php on line 23.
 1 SYSTEMPATH\CodeIgniter.php(934): App\Controllers\Home->index()
 2 SYSTEMPATH\CodeIgniter.php(499): CodeIgniter\CodeIgniter->runController(Object(App\Controllers\Home))
 3 SYSTEMPATH\CodeIgniter.php(368): CodeIgniter\CodeIgniter->handleRequest(null, Object(Config\Cache), false)
 4 FCPATH\index.php(67): CodeIgniter\CodeIgniter->run()
INFO - 2023-05-25 22:28:15 --> Session: Class initialized using 'CodeIgniter\Session\Handlers\FileHandler' driver.
WARNING - 2023-05-25 22:28:15 --> Session: Sessions is enabled, and one exists. Please don't $session->start();
INFO - 2023-05-25 22:28:15 --> Session: Class initialized using 'CodeIgniter\Session\Handlers\FileHandler' driver.
WARNING - 2023-05-25 22:28:15 --> Session: Sessions is enabled, and one exists. Please don't $session->start();
INFO - 2023-05-25 15:28:15 --> Session: Class initialized using 'CodeIgniter\Session\Handlers\FileHandler' driver.
WARNING - 2023-05-25 15:28:15 --> Session: Sessions is enabled, and one exists. Please don't $session->start();
WARNING - 2023-05-25 22:28:15 --> Session: Sessions is enabled, and one exists. Please don't $session->start();
WARNING - 2023-05-25 22:28:15 --> [DEPRECATED] Creation of dynamic property App\Controllers\Penjualan::$hakakses is deprecated in APPPATH\Controllers\BaseController.php on line 61.
 1 SYSTEMPATH\CodeIgniter.php(907): App\Controllers\BaseController->initController(Object(CodeIgniter\HTTP\IncomingRequest), Object(CodeIgniter\HTTP\Response), Object(CodeIgniter\Log\Logger))
 2 SYSTEMPATH\CodeIgniter.php(490): CodeIgniter\CodeIgniter->createController()
 3 SYSTEMPATH\CodeIgniter.php(368): CodeIgniter\CodeIgniter->handleRequest(null, Object(Config\Cache), false)
 4 FCPATH\index.php(67): CodeIgniter\CodeIgniter->run()
