INFO - 2023-05-15 14:50:39 --> Session: Class initialized using 'CodeIgniter\Session\Handlers\FileHandler' driver.
WARNING - 2023-05-15 14:50:39 --> Session: Sessions is enabled, and one exists.Please don't $session->start();
INFO - 2023-05-15 21:50:39 --> Session: Class initialized using 'CodeIgniter\Session\Handlers\FileHandler' driver.
WARNING - 2023-05-15 21:50:39 --> Session: Sessions is enabled, and one exists.Please don't $session->start();
WARNING - 2023-05-15 21:50:39 --> [DEPRECATED] json_decode(): Passing null to parameter #1 ($json) of type string is deprecated in APPPATH\Controllers\BaseController.php on line 61.
 1 APPPATH\Controllers\BaseController.php(61): json_decode(null)
 2 SYSTEMPATH\CodeIgniter.php(907): App\Controllers\BaseController->initController(Object(CodeIgniter\HTTP\IncomingRequest), Object(CodeIgniter\HTTP\Response), Object(CodeIgniter\Log\Logger))
 3 SYSTEMPATH\CodeIgniter.php(490): CodeIgniter\CodeIgniter->createController()
 4 SYSTEMPATH\CodeIgniter.php(368): CodeIgniter\CodeIgniter->handleRequest(null, Object(Config\Cache), false)
 5 FCPATH\index.php(67): CodeIgniter\CodeIgniter->run()
WARNING - 2023-05-15 21:50:39 --> [DEPRECATED] Creation of dynamic property App\Controllers\Auth::$hakakses is deprecated in APPPATH\Controllers\BaseController.php on line 61.
 1 SYSTEMPATH\CodeIgniter.php(907): App\Controllers\BaseController->initController(Object(CodeIgniter\HTTP\IncomingRequest), Object(CodeIgniter\HTTP\Response), Object(CodeIgniter\Log\Logger))
 2 SYSTEMPATH\CodeIgniter.php(490): CodeIgniter\CodeIgniter->createController()
 3 SYSTEMPATH\CodeIgniter.php(368): CodeIgniter\CodeIgniter->handleRequest(null, Object(Config\Cache), false)
 4 FCPATH\index.php(67): CodeIgniter\CodeIgniter->run()
INFO - 2023-05-15 21:50:46 --> Session: Class initialized using 'CodeIgniter\Session\Handlers\FileHandler' driver.
WARNING - 2023-05-15 21:50:46 --> Session: Sessions is enabled, and one exists.Please don't $session->start();
WARNING - 2023-05-15 21:50:46 --> [DEPRECATED] json_decode(): Passing null to parameter #1 ($json) of type string is deprecated in APPPATH\Controllers\BaseController.php on line 61.
 1 APPPATH\Controllers\BaseController.php(61): json_decode(null)
 2 SYSTEMPATH\CodeIgniter.php(907): App\Controllers\BaseController->initController(Object(CodeIgniter\HTTP\IncomingRequest), Object(CodeIgniter\HTTP\Response), Object(CodeIgniter\Log\Logger))
 3 SYSTEMPATH\CodeIgniter.php(490): CodeIgniter\CodeIgniter->createController()
 4 SYSTEMPATH\CodeIgniter.php(368): CodeIgniter\CodeIgniter->handleRequest(null, Object(Config\Cache), false)
 5 FCPATH\index.php(67): CodeIgniter\CodeIgniter->run()
WARNING - 2023-05-15 21:50:46 --> [DEPRECATED] Creation of dynamic property App\Controllers\Auth::$hakakses is deprecated in APPPATH\Controllers\BaseController.php on line 61.
 1 SYSTEMPATH\CodeIgniter.php(907): App\Controllers\BaseController->initController(Object(CodeIgniter\HTTP\IncomingRequest), Object(CodeIgniter\HTTP\Response), Object(CodeIgniter\Log\Logger))
 2 SYSTEMPATH\CodeIgniter.php(490): CodeIgniter\CodeIgniter->createController()
 3 SYSTEMPATH\CodeIgniter.php(368): CodeIgniter\CodeIgniter->handleRequest(null, Object(Config\Cache), false)
 4 FCPATH\index.php(67): CodeIgniter\CodeIgniter->run()
INFO - 2023-05-15 14:50:47 --> Session: Class initialized using 'CodeIgniter\Session\Handlers\FileHandler' driver.
WARNING - 2023-05-15 14:50:47 --> Session: Sessions is enabled, and one exists.Please don't $session->start();
WARNING - 2023-05-15 21:50:47 --> Session: Sessions is enabled, and one exists.Please don't $session->start();
WARNING - 2023-05-15 21:50:47 --> [DEPRECATED] Creation of dynamic property App\Controllers\Home::$hakakses is deprecated in APPPATH\Controllers\BaseController.php on line 61.
 1 SYSTEMPATH\CodeIgniter.php(907): App\Controllers\BaseController->initController(Object(CodeIgniter\HTTP\IncomingRequest), Object(CodeIgniter\HTTP\Response), Object(CodeIgniter\Log\Logger))
 2 SYSTEMPATH\CodeIgniter.php(490): CodeIgniter\CodeIgniter->createController()
 3 SYSTEMPATH\CodeIgniter.php(368): CodeIgniter\CodeIgniter->handleRequest(null, Object(Config\Cache), false)
 4 FCPATH\index.php(67): CodeIgniter\CodeIgniter->run()
WARNING - 2023-05-15 21:50:47 --> [DEPRECATED] Creation of dynamic property App\Controllers\Home::$breadcrumb is deprecated in APPPATH\Controllers\Home.php on line 23.
 1 SYSTEMPATH\CodeIgniter.php(934): App\Controllers\Home->index()
 2 SYSTEMPATH\CodeIgniter.php(499): CodeIgniter\CodeIgniter->runController(Object(App\Controllers\Home))
 3 SYSTEMPATH\CodeIgniter.php(368): CodeIgniter\CodeIgniter->handleRequest(null, Object(Config\Cache), false)
 4 FCPATH\index.php(67): CodeIgniter\CodeIgniter->run()
INFO - 2023-05-15 21:50:48 --> Session: Class initialized using 'CodeIgniter\Session\Handlers\FileHandler' driver.
WARNING - 2023-05-15 21:50:48 --> Session: Sessions is enabled, and one exists.Please don't $session->start();
INFO - 2023-05-15 21:50:48 --> Session: Class initialized using 'CodeIgniter\Session\Handlers\FileHandler' driver.
WARNING - 2023-05-15 21:50:48 --> Session: Sessions is enabled, and one exists.Please don't $session->start();
INFO - 2023-05-15 14:50:48 --> Session: Class initialized using 'CodeIgniter\Session\Handlers\FileHandler' driver.
WARNING - 2023-05-15 14:50:48 --> Session: Sessions is enabled, and one exists.Please don't $session->start();
WARNING - 2023-05-15 21:50:48 --> Session: Sessions is enabled, and one exists.Please don't $session->start();
WARNING - 2023-05-15 21:50:48 --> [DEPRECATED] Creation of dynamic property App\Controllers\Penjualan::$hakakses is deprecated in APPPATH\Controllers\BaseController.php on line 61.
 1 SYSTEMPATH\CodeIgniter.php(907): App\Controllers\BaseController->initController(Object(CodeIgniter\HTTP\IncomingRequest), Object(CodeIgniter\HTTP\Response), Object(CodeIgniter\Log\Logger))
 2 SYSTEMPATH\CodeIgniter.php(490): CodeIgniter\CodeIgniter->createController()
 3 SYSTEMPATH\CodeIgniter.php(368): CodeIgniter\CodeIgniter->handleRequest(null, Object(Config\Cache), false)
 4 FCPATH\index.php(67): CodeIgniter\CodeIgniter->run()
INFO - 2023-05-15 14:50:58 --> Session: Class initialized using 'CodeIgniter\Session\Handlers\FileHandler' driver.
WARNING - 2023-05-15 14:50:58 --> Session: Sessions is enabled, and one exists.Please don't $session->start();
WARNING - 2023-05-15 21:50:58 --> Session: Sessions is enabled, and one exists.Please don't $session->start();
WARNING - 2023-05-15 21:50:58 --> [DEPRECATED] Creation of dynamic property App\Controllers\Laporan::$hakakses is deprecated in APPPATH\Controllers\BaseController.php on line 61.
 1 SYSTEMPATH\CodeIgniter.php(907): App\Controllers\BaseController->initController(Object(CodeIgniter\HTTP\IncomingRequest), Object(CodeIgniter\HTTP\Response), Object(CodeIgniter\Log\Logger))
 2 SYSTEMPATH\CodeIgniter.php(490): CodeIgniter\CodeIgniter->createController()
 3 SYSTEMPATH\CodeIgniter.php(368): CodeIgniter\CodeIgniter->handleRequest(null, Object(Config\Cache), false)
 4 FCPATH\index.php(67): CodeIgniter\CodeIgniter->run()
WARNING - 2023-05-15 21:50:58 --> [DEPRECATED] Creation of dynamic property App\Controllers\Laporan::$breadcrumb is deprecated in APPPATH\Controllers\Laporan.php on line 13.
 1 SYSTEMPATH\CodeIgniter.php(934): App\Controllers\Laporan->penjualan()
 2 SYSTEMPATH\CodeIgniter.php(499): CodeIgniter\CodeIgniter->runController(Object(App\Controllers\Laporan))
 3 SYSTEMPATH\CodeIgniter.php(368): CodeIgniter\CodeIgniter->handleRequest(null, Object(Config\Cache), false)
 4 FCPATH\index.php(67): CodeIgniter\CodeIgniter->run()
INFO - 2023-05-15 14:51:03 --> Session: Class initialized using 'CodeIgniter\Session\Handlers\FileHandler' driver.
WARNING - 2023-05-15 14:51:03 --> Session: Sessions is enabled, and one exists.Please don't $session->start();
WARNING - 2023-05-15 21:51:03 --> Session: Sessions is enabled, and one exists.Please don't $session->start();
WARNING - 2023-05-15 21:51:03 --> [DEPRECATED] Creation of dynamic property App\Controllers\Laporan::$hakakses is deprecated in APPPATH\Controllers\BaseController.php on line 61.
 1 SYSTEMPATH\CodeIgniter.php(907): App\Controllers\BaseController->initController(Object(CodeIgniter\HTTP\IncomingRequest), Object(CodeIgniter\HTTP\Response), Object(CodeIgniter\Log\Logger))
 2 SYSTEMPATH\CodeIgniter.php(490): CodeIgniter\CodeIgniter->createController()
 3 SYSTEMPATH\CodeIgniter.php(368): CodeIgniter\CodeIgniter->handleRequest(null, Object(Config\Cache), false)
 4 FCPATH\index.php(67): CodeIgniter\CodeIgniter->run()
INFO - 2023-05-15 14:53:52 --> Session: Class initialized using 'CodeIgniter\Session\Handlers\FileHandler' driver.
WARNING - 2023-05-15 14:53:52 --> Session: Sessions is enabled, and one exists.Please don't $session->start();
WARNING - 2023-05-15 21:53:52 --> Session: Sessions is enabled, and one exists.Please don't $session->start();
WARNING - 2023-05-15 21:53:52 --> [DEPRECATED] Creation of dynamic property App\Controllers\Laporan::$hakakses is deprecated in APPPATH\Controllers\BaseController.php on line 61.
 1 SYSTEMPATH\CodeIgniter.php(907): App\Controllers\BaseController->initController(Object(CodeIgniter\HTTP\IncomingRequest), Object(CodeIgniter\HTTP\Response), Object(CodeIgniter\Log\Logger))
 2 SYSTEMPATH\CodeIgniter.php(490): CodeIgniter\CodeIgniter->createController()
 3 SYSTEMPATH\CodeIgniter.php(368): CodeIgniter\CodeIgniter->handleRequest(null, Object(Config\Cache), false)
 4 FCPATH\index.php(67): CodeIgniter\CodeIgniter->run()
WARNING - 2023-05-15 21:53:52 --> [DEPRECATED] Creation of dynamic property App\Controllers\Laporan::$breadcrumb is deprecated in APPPATH\Controllers\Laporan.php on line 13.
 1 SYSTEMPATH\CodeIgniter.php(934): App\Controllers\Laporan->penjualan()
 2 SYSTEMPATH\CodeIgniter.php(499): CodeIgniter\CodeIgniter->runController(Object(App\Controllers\Laporan))
 3 SYSTEMPATH\CodeIgniter.php(368): CodeIgniter\CodeIgniter->handleRequest(null, Object(Config\Cache), false)
 4 FCPATH\index.php(67): CodeIgniter\CodeIgniter->run()
INFO - 2023-05-15 14:53:56 --> Session: Class initialized using 'CodeIgniter\Session\Handlers\FileHandler' driver.
WARNING - 2023-05-15 14:53:56 --> Session: Sessions is enabled, and one exists.Please don't $session->start();
WARNING - 2023-05-15 21:53:56 --> Session: Sessions is enabled, and one exists.Please don't $session->start();
WARNING - 2023-05-15 21:53:56 --> [DEPRECATED] Creation of dynamic property App\Controllers\Laporan::$hakakses is deprecated in APPPATH\Controllers\BaseController.php on line 61.
 1 SYSTEMPATH\CodeIgniter.php(907): App\Controllers\BaseController->initController(Object(CodeIgniter\HTTP\IncomingRequest), Object(CodeIgniter\HTTP\Response), Object(CodeIgniter\Log\Logger))
 2 SYSTEMPATH\CodeIgniter.php(490): CodeIgniter\CodeIgniter->createController()
 3 SYSTEMPATH\CodeIgniter.php(368): CodeIgniter\CodeIgniter->handleRequest(null, Object(Config\Cache), false)
 4 FCPATH\index.php(67): CodeIgniter\CodeIgniter->run()
INFO - 2023-05-15 14:54:08 --> Session: Class initialized using 'CodeIgniter\Session\Handlers\FileHandler' driver.
WARNING - 2023-05-15 14:54:08 --> Session: Sessions is enabled, and one exists.Please don't $session->start();
WARNING - 2023-05-15 21:54:08 --> Session: Sessions is enabled, and one exists.Please don't $session->start();
WARNING - 2023-05-15 21:54:08 --> [DEPRECATED] Creation of dynamic property App\Controllers\Laporan::$hakakses is deprecated in APPPATH\Controllers\BaseController.php on line 61.
 1 SYSTEMPATH\CodeIgniter.php(907): App\Controllers\BaseController->initController(Object(CodeIgniter\HTTP\IncomingRequest), Object(CodeIgniter\HTTP\Response), Object(CodeIgniter\Log\Logger))
 2 SYSTEMPATH\CodeIgniter.php(490): CodeIgniter\CodeIgniter->createController()
 3 SYSTEMPATH\CodeIgniter.php(368): CodeIgniter\CodeIgniter->handleRequest(null, Object(Config\Cache), false)
 4 FCPATH\index.php(67): CodeIgniter\CodeIgniter->run()
WARNING - 2023-05-15 21:54:08 --> [DEPRECATED] Creation of dynamic property App\Controllers\Laporan::$breadcrumb is deprecated in APPPATH\Controllers\Laporan.php on line 13.
 1 SYSTEMPATH\CodeIgniter.php(934): App\Controllers\Laporan->penjualan()
 2 SYSTEMPATH\CodeIgniter.php(499): CodeIgniter\CodeIgniter->runController(Object(App\Controllers\Laporan))
 3 SYSTEMPATH\CodeIgniter.php(368): CodeIgniter\CodeIgniter->handleRequest(null, Object(Config\Cache), false)
 4 FCPATH\index.php(67): CodeIgniter\CodeIgniter->run()
INFO - 2023-05-15 14:54:12 --> Session: Class initialized using 'CodeIgniter\Session\Handlers\FileHandler' driver.
WARNING - 2023-05-15 14:54:12 --> Session: Sessions is enabled, and one exists.Please don't $session->start();
WARNING - 2023-05-15 21:54:12 --> Session: Sessions is enabled, and one exists.Please don't $session->start();
WARNING - 2023-05-15 21:54:12 --> [DEPRECATED] Creation of dynamic property App\Controllers\Laporan::$hakakses is deprecated in APPPATH\Controllers\BaseController.php on line 61.
 1 SYSTEMPATH\CodeIgniter.php(907): App\Controllers\BaseController->initController(Object(CodeIgniter\HTTP\IncomingRequest), Object(CodeIgniter\HTTP\Response), Object(CodeIgniter\Log\Logger))
 2 SYSTEMPATH\CodeIgniter.php(490): CodeIgniter\CodeIgniter->createController()
 3 SYSTEMPATH\CodeIgniter.php(368): CodeIgniter\CodeIgniter->handleRequest(null, Object(Config\Cache), false)
 4 FCPATH\index.php(67): CodeIgniter\CodeIgniter->run()
INFO - 2023-05-15 14:55:16 --> Session: Class initialized using 'CodeIgniter\Session\Handlers\FileHandler' driver.
WARNING - 2023-05-15 14:55:16 --> Session: Sessions is enabled, and one exists.Please don't $session->start();
WARNING - 2023-05-15 21:55:16 --> Session: Sessions is enabled, and one exists.Please don't $session->start();
WARNING - 2023-05-15 21:55:16 --> [DEPRECATED] Creation of dynamic property App\Controllers\Laporan::$hakakses is deprecated in APPPATH\Controllers\BaseController.php on line 61.
 1 SYSTEMPATH\CodeIgniter.php(907): App\Controllers\BaseController->initController(Object(CodeIgniter\HTTP\IncomingRequest), Object(CodeIgniter\HTTP\Response), Object(CodeIgniter\Log\Logger))
 2 SYSTEMPATH\CodeIgniter.php(490): CodeIgniter\CodeIgniter->createController()
 3 SYSTEMPATH\CodeIgniter.php(368): CodeIgniter\CodeIgniter->handleRequest(null, Object(Config\Cache), false)
 4 FCPATH\index.php(67): CodeIgniter\CodeIgniter->run()
WARNING - 2023-05-15 21:55:16 --> [DEPRECATED] Creation of dynamic property App\Controllers\Laporan::$breadcrumb is deprecated in APPPATH\Controllers\Laporan.php on line 13.
 1 SYSTEMPATH\CodeIgniter.php(934): App\Controllers\Laporan->penjualan()
 2 SYSTEMPATH\CodeIgniter.php(499): CodeIgniter\CodeIgniter->runController(Object(App\Controllers\Laporan))
 3 SYSTEMPATH\CodeIgniter.php(368): CodeIgniter\CodeIgniter->handleRequest(null, Object(Config\Cache), false)
 4 FCPATH\index.php(67): CodeIgniter\CodeIgniter->run()
INFO - 2023-05-15 14:55:25 --> Session: Class initialized using 'CodeIgniter\Session\Handlers\FileHandler' driver.
WARNING - 2023-05-15 14:55:25 --> Session: Sessions is enabled, and one exists.Please don't $session->start();
WARNING - 2023-05-15 21:55:25 --> Session: Sessions is enabled, and one exists.Please don't $session->start();
WARNING - 2023-05-15 21:55:25 --> [DEPRECATED] Creation of dynamic property App\Controllers\Laporan::$hakakses is deprecated in APPPATH\Controllers\BaseController.php on line 61.
 1 SYSTEMPATH\CodeIgniter.php(907): App\Controllers\BaseController->initController(Object(CodeIgniter\HTTP\IncomingRequest), Object(CodeIgniter\HTTP\Response), Object(CodeIgniter\Log\Logger))
 2 SYSTEMPATH\CodeIgniter.php(490): CodeIgniter\CodeIgniter->createController()
 3 SYSTEMPATH\CodeIgniter.php(368): CodeIgniter\CodeIgniter->handleRequest(null, Object(Config\Cache), false)
 4 FCPATH\index.php(67): CodeIgniter\CodeIgniter->run()
WARNING - 2023-05-15 21:55:25 --> [DEPRECATED] Creation of dynamic property App\Controllers\Laporan::$breadcrumb is deprecated in APPPATH\Controllers\Laporan.php on line 13.
 1 SYSTEMPATH\CodeIgniter.php(934): App\Controllers\Laporan->penjualan()
 2 SYSTEMPATH\CodeIgniter.php(499): CodeIgniter\CodeIgniter->runController(Object(App\Controllers\Laporan))
 3 SYSTEMPATH\CodeIgniter.php(368): CodeIgniter\CodeIgniter->handleRequest(null, Object(Config\Cache), false)
 4 FCPATH\index.php(67): CodeIgniter\CodeIgniter->run()
INFO - 2023-05-15 14:55:28 --> Session: Class initialized using 'CodeIgniter\Session\Handlers\FileHandler' driver.
WARNING - 2023-05-15 14:55:28 --> Session: Sessions is enabled, and one exists.Please don't $session->start();
WARNING - 2023-05-15 21:55:28 --> Session: Sessions is enabled, and one exists.Please don't $session->start();
WARNING - 2023-05-15 21:55:28 --> [DEPRECATED] Creation of dynamic property App\Controllers\Laporan::$hakakses is deprecated in APPPATH\Controllers\BaseController.php on line 61.
 1 SYSTEMPATH\CodeIgniter.php(907): App\Controllers\BaseController->initController(Object(CodeIgniter\HTTP\IncomingRequest), Object(CodeIgniter\HTTP\Response), Object(CodeIgniter\Log\Logger))
 2 SYSTEMPATH\CodeIgniter.php(490): CodeIgniter\CodeIgniter->createController()
 3 SYSTEMPATH\CodeIgniter.php(368): CodeIgniter\CodeIgniter->handleRequest(null, Object(Config\Cache), false)
 4 FCPATH\index.php(67): CodeIgniter\CodeIgniter->run()
INFO - 2023-05-15 14:58:43 --> Session: Class initialized using 'CodeIgniter\Session\Handlers\FileHandler' driver.
WARNING - 2023-05-15 14:58:43 --> Session: Sessions is enabled, and one exists.Please don't $session->start();
WARNING - 2023-05-15 21:58:43 --> Session: Sessions is enabled, and one exists.Please don't $session->start();
WARNING - 2023-05-15 21:58:43 --> [DEPRECATED] Creation of dynamic property App\Controllers\Laporan::$hakakses is deprecated in APPPATH\Controllers\BaseController.php on line 61.
 1 SYSTEMPATH\CodeIgniter.php(907): App\Controllers\BaseController->initController(Object(CodeIgniter\HTTP\IncomingRequest), Object(CodeIgniter\HTTP\Response), Object(CodeIgniter\Log\Logger))
 2 SYSTEMPATH\CodeIgniter.php(490): CodeIgniter\CodeIgniter->createController()
 3 SYSTEMPATH\CodeIgniter.php(368): CodeIgniter\CodeIgniter->handleRequest(null, Object(Config\Cache), false)
 4 FCPATH\index.php(67): CodeIgniter\CodeIgniter->run()
WARNING - 2023-05-15 21:58:43 --> [DEPRECATED] Creation of dynamic property App\Controllers\Laporan::$breadcrumb is deprecated in APPPATH\Controllers\Laporan.php on line 13.
 1 SYSTEMPATH\CodeIgniter.php(934): App\Controllers\Laporan->penjualan()
 2 SYSTEMPATH\CodeIgniter.php(499): CodeIgniter\CodeIgniter->runController(Object(App\Controllers\Laporan))
 3 SYSTEMPATH\CodeIgniter.php(368): CodeIgniter\CodeIgniter->handleRequest(null, Object(Config\Cache), false)
 4 FCPATH\index.php(67): CodeIgniter\CodeIgniter->run()
INFO - 2023-05-15 14:58:48 --> Session: Class initialized using 'CodeIgniter\Session\Handlers\FileHandler' driver.
WARNING - 2023-05-15 14:58:48 --> Session: Sessions is enabled, and one exists.Please don't $session->start();
WARNING - 2023-05-15 21:58:48 --> Session: Sessions is enabled, and one exists.Please don't $session->start();
WARNING - 2023-05-15 21:58:48 --> [DEPRECATED] Creation of dynamic property App\Controllers\Laporan::$hakakses is deprecated in APPPATH\Controllers\BaseController.php on line 61.
 1 SYSTEMPATH\CodeIgniter.php(907): App\Controllers\BaseController->initController(Object(CodeIgniter\HTTP\IncomingRequest), Object(CodeIgniter\HTTP\Response), Object(CodeIgniter\Log\Logger))
 2 SYSTEMPATH\CodeIgniter.php(490): CodeIgniter\CodeIgniter->createController()
 3 SYSTEMPATH\CodeIgniter.php(368): CodeIgniter\CodeIgniter->handleRequest(null, Object(Config\Cache), false)
 4 FCPATH\index.php(67): CodeIgniter\CodeIgniter->run()
INFO - 2023-05-15 14:59:10 --> Session: Class initialized using 'CodeIgniter\Session\Handlers\FileHandler' driver.
WARNING - 2023-05-15 14:59:10 --> Session: Sessions is enabled, and one exists.Please don't $session->start();
WARNING - 2023-05-15 21:59:10 --> Session: Sessions is enabled, and one exists.Please don't $session->start();
WARNING - 2023-05-15 21:59:10 --> [DEPRECATED] Creation of dynamic property App\Controllers\Laporan::$hakakses is deprecated in APPPATH\Controllers\BaseController.php on line 61.
 1 SYSTEMPATH\CodeIgniter.php(907): App\Controllers\BaseController->initController(Object(CodeIgniter\HTTP\IncomingRequest), Object(CodeIgniter\HTTP\Response), Object(CodeIgniter\Log\Logger))
 2 SYSTEMPATH\CodeIgniter.php(490): CodeIgniter\CodeIgniter->createController()
 3 SYSTEMPATH\CodeIgniter.php(368): CodeIgniter\CodeIgniter->handleRequest(null, Object(Config\Cache), false)
 4 FCPATH\index.php(67): CodeIgniter\CodeIgniter->run()
WARNING - 2023-05-15 21:59:10 --> [DEPRECATED] Creation of dynamic property App\Controllers\Laporan::$breadcrumb is deprecated in APPPATH\Controllers\Laporan.php on line 13.
 1 SYSTEMPATH\CodeIgniter.php(934): App\Controllers\Laporan->penjualan()
 2 SYSTEMPATH\CodeIgniter.php(499): CodeIgniter\CodeIgniter->runController(Object(App\Controllers\Laporan))
 3 SYSTEMPATH\CodeIgniter.php(368): CodeIgniter\CodeIgniter->handleRequest(null, Object(Config\Cache), false)
 4 FCPATH\index.php(67): CodeIgniter\CodeIgniter->run()
INFO - 2023-05-15 14:59:13 --> Session: Class initialized using 'CodeIgniter\Session\Handlers\FileHandler' driver.
WARNING - 2023-05-15 14:59:13 --> Session: Sessions is enabled, and one exists.Please don't $session->start();
WARNING - 2023-05-15 21:59:13 --> Session: Sessions is enabled, and one exists.Please don't $session->start();
WARNING - 2023-05-15 21:59:13 --> [DEPRECATED] Creation of dynamic property App\Controllers\Laporan::$hakakses is deprecated in APPPATH\Controllers\BaseController.php on line 61.
 1 SYSTEMPATH\CodeIgniter.php(907): App\Controllers\BaseController->initController(Object(CodeIgniter\HTTP\IncomingRequest), Object(CodeIgniter\HTTP\Response), Object(CodeIgniter\Log\Logger))
 2 SYSTEMPATH\CodeIgniter.php(490): CodeIgniter\CodeIgniter->createController()
 3 SYSTEMPATH\CodeIgniter.php(368): CodeIgniter\CodeIgniter->handleRequest(null, Object(Config\Cache), false)
 4 FCPATH\index.php(67): CodeIgniter\CodeIgniter->run()
INFO - 2023-05-15 14:59:24 --> Session: Class initialized using 'CodeIgniter\Session\Handlers\FileHandler' driver.
WARNING - 2023-05-15 14:59:24 --> Session: Sessions is enabled, and one exists.Please don't $session->start();
WARNING - 2023-05-15 21:59:24 --> Session: Sessions is enabled, and one exists.Please don't $session->start();
WARNING - 2023-05-15 21:59:24 --> [DEPRECATED] Creation of dynamic property App\Controllers\Laporan::$hakakses is deprecated in APPPATH\Controllers\BaseController.php on line 61.
 1 SYSTEMPATH\CodeIgniter.php(907): App\Controllers\BaseController->initController(Object(CodeIgniter\HTTP\IncomingRequest), Object(CodeIgniter\HTTP\Response), Object(CodeIgniter\Log\Logger))
 2 SYSTEMPATH\CodeIgniter.php(490): CodeIgniter\CodeIgniter->createController()
 3 SYSTEMPATH\CodeIgniter.php(368): CodeIgniter\CodeIgniter->handleRequest(null, Object(Config\Cache), false)
 4 FCPATH\index.php(67): CodeIgniter\CodeIgniter->run()
WARNING - 2023-05-15 21:59:24 --> [DEPRECATED] Creation of dynamic property App\Controllers\Laporan::$breadcrumb is deprecated in APPPATH\Controllers\Laporan.php on line 13.
 1 SYSTEMPATH\CodeIgniter.php(934): App\Controllers\Laporan->penjualan()
 2 SYSTEMPATH\CodeIgniter.php(499): CodeIgniter\CodeIgniter->runController(Object(App\Controllers\Laporan))
 3 SYSTEMPATH\CodeIgniter.php(368): CodeIgniter\CodeIgniter->handleRequest(null, Object(Config\Cache), false)
 4 FCPATH\index.php(67): CodeIgniter\CodeIgniter->run()
INFO - 2023-05-15 14:59:28 --> Session: Class initialized using 'CodeIgniter\Session\Handlers\FileHandler' driver.
WARNING - 2023-05-15 14:59:28 --> Session: Sessions is enabled, and one exists.Please don't $session->start();
WARNING - 2023-05-15 21:59:28 --> Session: Sessions is enabled, and one exists.Please don't $session->start();
WARNING - 2023-05-15 21:59:28 --> [DEPRECATED] Creation of dynamic property App\Controllers\Laporan::$hakakses is deprecated in APPPATH\Controllers\BaseController.php on line 61.
 1 SYSTEMPATH\CodeIgniter.php(907): App\Controllers\BaseController->initController(Object(CodeIgniter\HTTP\IncomingRequest), Object(CodeIgniter\HTTP\Response), Object(CodeIgniter\Log\Logger))
 2 SYSTEMPATH\CodeIgniter.php(490): CodeIgniter\CodeIgniter->createController()
 3 SYSTEMPATH\CodeIgniter.php(368): CodeIgniter\CodeIgniter->handleRequest(null, Object(Config\Cache), false)
 4 FCPATH\index.php(67): CodeIgniter\CodeIgniter->run()
INFO - 2023-05-15 14:59:48 --> Session: Class initialized using 'CodeIgniter\Session\Handlers\FileHandler' driver.
WARNING - 2023-05-15 14:59:48 --> Session: Sessions is enabled, and one exists.Please don't $session->start();
WARNING - 2023-05-15 21:59:48 --> Session: Sessions is enabled, and one exists.Please don't $session->start();
WARNING - 2023-05-15 21:59:48 --> [DEPRECATED] Creation of dynamic property App\Controllers\Laporan::$hakakses is deprecated in APPPATH\Controllers\BaseController.php on line 61.
 1 SYSTEMPATH\CodeIgniter.php(907): App\Controllers\BaseController->initController(Object(CodeIgniter\HTTP\IncomingRequest), Object(CodeIgniter\HTTP\Response), Object(CodeIgniter\Log\Logger))
 2 SYSTEMPATH\CodeIgniter.php(490): CodeIgniter\CodeIgniter->createController()
 3 SYSTEMPATH\CodeIgniter.php(368): CodeIgniter\CodeIgniter->handleRequest(null, Object(Config\Cache), false)
 4 FCPATH\index.php(67): CodeIgniter\CodeIgniter->run()
WARNING - 2023-05-15 21:59:48 --> [DEPRECATED] Creation of dynamic property App\Controllers\Laporan::$breadcrumb is deprecated in APPPATH\Controllers\Laporan.php on line 13.
 1 SYSTEMPATH\CodeIgniter.php(934): App\Controllers\Laporan->penjualan()
 2 SYSTEMPATH\CodeIgniter.php(499): CodeIgniter\CodeIgniter->runController(Object(App\Controllers\Laporan))
 3 SYSTEMPATH\CodeIgniter.php(368): CodeIgniter\CodeIgniter->handleRequest(null, Object(Config\Cache), false)
 4 FCPATH\index.php(67): CodeIgniter\CodeIgniter->run()
INFO - 2023-05-15 14:59:51 --> Session: Class initialized using 'CodeIgniter\Session\Handlers\FileHandler' driver.
WARNING - 2023-05-15 14:59:51 --> Session: Sessions is enabled, and one exists.Please don't $session->start();
WARNING - 2023-05-15 21:59:51 --> Session: Sessions is enabled, and one exists.Please don't $session->start();
WARNING - 2023-05-15 21:59:51 --> [DEPRECATED] Creation of dynamic property App\Controllers\Laporan::$hakakses is deprecated in APPPATH\Controllers\BaseController.php on line 61.
 1 SYSTEMPATH\CodeIgniter.php(907): App\Controllers\BaseController->initController(Object(CodeIgniter\HTTP\IncomingRequest), Object(CodeIgniter\HTTP\Response), Object(CodeIgniter\Log\Logger))
 2 SYSTEMPATH\CodeIgniter.php(490): CodeIgniter\CodeIgniter->createController()
 3 SYSTEMPATH\CodeIgniter.php(368): CodeIgniter\CodeIgniter->handleRequest(null, Object(Config\Cache), false)
 4 FCPATH\index.php(67): CodeIgniter\CodeIgniter->run()
INFO - 2023-05-15 15:00:17 --> Session: Class initialized using 'CodeIgniter\Session\Handlers\FileHandler' driver.
WARNING - 2023-05-15 15:00:17 --> Session: Sessions is enabled, and one exists.Please don't $session->start();
WARNING - 2023-05-15 22:00:17 --> Session: Sessions is enabled, and one exists.Please don't $session->start();
WARNING - 2023-05-15 22:00:17 --> [DEPRECATED] Creation of dynamic property App\Controllers\Laporan::$hakakses is deprecated in APPPATH\Controllers\BaseController.php on line 61.
 1 SYSTEMPATH\CodeIgniter.php(907): App\Controllers\BaseController->initController(Object(CodeIgniter\HTTP\IncomingRequest), Object(CodeIgniter\HTTP\Response), Object(CodeIgniter\Log\Logger))
 2 SYSTEMPATH\CodeIgniter.php(490): CodeIgniter\CodeIgniter->createController()
 3 SYSTEMPATH\CodeIgniter.php(368): CodeIgniter\CodeIgniter->handleRequest(null, Object(Config\Cache), false)
 4 FCPATH\index.php(67): CodeIgniter\CodeIgniter->run()
WARNING - 2023-05-15 22:00:17 --> [DEPRECATED] Creation of dynamic property App\Controllers\Laporan::$breadcrumb is deprecated in APPPATH\Controllers\Laporan.php on line 13.
 1 SYSTEMPATH\CodeIgniter.php(934): App\Controllers\Laporan->penjualan()
 2 SYSTEMPATH\CodeIgniter.php(499): CodeIgniter\CodeIgniter->runController(Object(App\Controllers\Laporan))
 3 SYSTEMPATH\CodeIgniter.php(368): CodeIgniter\CodeIgniter->handleRequest(null, Object(Config\Cache), false)
 4 FCPATH\index.php(67): CodeIgniter\CodeIgniter->run()
INFO - 2023-05-15 15:00:21 --> Session: Class initialized using 'CodeIgniter\Session\Handlers\FileHandler' driver.
WARNING - 2023-05-15 15:00:21 --> Session: Sessions is enabled, and one exists.Please don't $session->start();
WARNING - 2023-05-15 22:00:21 --> Session: Sessions is enabled, and one exists.Please don't $session->start();
WARNING - 2023-05-15 22:00:21 --> [DEPRECATED] Creation of dynamic property App\Controllers\Laporan::$hakakses is deprecated in APPPATH\Controllers\BaseController.php on line 61.
 1 SYSTEMPATH\CodeIgniter.php(907): App\Controllers\BaseController->initController(Object(CodeIgniter\HTTP\IncomingRequest), Object(CodeIgniter\HTTP\Response), Object(CodeIgniter\Log\Logger))
 2 SYSTEMPATH\CodeIgniter.php(490): CodeIgniter\CodeIgniter->createController()
 3 SYSTEMPATH\CodeIgniter.php(368): CodeIgniter\CodeIgniter->handleRequest(null, Object(Config\Cache), false)
 4 FCPATH\index.php(67): CodeIgniter\CodeIgniter->run()
INFO - 2023-05-15 15:00:32 --> Session: Class initialized using 'CodeIgniter\Session\Handlers\FileHandler' driver.
WARNING - 2023-05-15 15:00:32 --> Session: Sessions is enabled, and one exists.Please don't $session->start();
WARNING - 2023-05-15 22:00:32 --> Session: Sessions is enabled, and one exists.Please don't $session->start();
WARNING - 2023-05-15 22:00:32 --> [DEPRECATED] Creation of dynamic property App\Controllers\Laporan::$hakakses is deprecated in APPPATH\Controllers\BaseController.php on line 61.
 1 SYSTEMPATH\CodeIgniter.php(907): App\Controllers\BaseController->initController(Object(CodeIgniter\HTTP\IncomingRequest), Object(CodeIgniter\HTTP\Response), Object(CodeIgniter\Log\Logger))
 2 SYSTEMPATH\CodeIgniter.php(490): CodeIgniter\CodeIgniter->createController()
 3 SYSTEMPATH\CodeIgniter.php(368): CodeIgniter\CodeIgniter->handleRequest(null, Object(Config\Cache), false)
 4 FCPATH\index.php(67): CodeIgniter\CodeIgniter->run()
WARNING - 2023-05-15 22:00:32 --> [DEPRECATED] Creation of dynamic property App\Controllers\Laporan::$breadcrumb is deprecated in APPPATH\Controllers\Laporan.php on line 13.
 1 SYSTEMPATH\CodeIgniter.php(934): App\Controllers\Laporan->penjualan()
 2 SYSTEMPATH\CodeIgniter.php(499): CodeIgniter\CodeIgniter->runController(Object(App\Controllers\Laporan))
 3 SYSTEMPATH\CodeIgniter.php(368): CodeIgniter\CodeIgniter->handleRequest(null, Object(Config\Cache), false)
 4 FCPATH\index.php(67): CodeIgniter\CodeIgniter->run()
INFO - 2023-05-15 15:01:54 --> Session: Class initialized using 'CodeIgniter\Session\Handlers\FileHandler' driver.
WARNING - 2023-05-15 15:01:54 --> Session: Sessions is enabled, and one exists.Please don't $session->start();
WARNING - 2023-05-15 22:01:54 --> Session: Sessions is enabled, and one exists.Please don't $session->start();
WARNING - 2023-05-15 22:01:54 --> [DEPRECATED] Creation of dynamic property App\Controllers\Laporan::$hakakses is deprecated in APPPATH\Controllers\BaseController.php on line 61.
 1 SYSTEMPATH\CodeIgniter.php(907): App\Controllers\BaseController->initController(Object(CodeIgniter\HTTP\IncomingRequest), Object(CodeIgniter\HTTP\Response), Object(CodeIgniter\Log\Logger))
 2 SYSTEMPATH\CodeIgniter.php(490): CodeIgniter\CodeIgniter->createController()
 3 SYSTEMPATH\CodeIgniter.php(368): CodeIgniter\CodeIgniter->handleRequest(null, Object(Config\Cache), false)
 4 FCPATH\index.php(67): CodeIgniter\CodeIgniter->run()
WARNING - 2023-05-15 22:01:54 --> [DEPRECATED] Creation of dynamic property App\Controllers\Laporan::$breadcrumb is deprecated in APPPATH\Controllers\Laporan.php on line 13.
 1 SYSTEMPATH\CodeIgniter.php(934): App\Controllers\Laporan->penjualan()
 2 SYSTEMPATH\CodeIgniter.php(499): CodeIgniter\CodeIgniter->runController(Object(App\Controllers\Laporan))
 3 SYSTEMPATH\CodeIgniter.php(368): CodeIgniter\CodeIgniter->handleRequest(null, Object(Config\Cache), false)
 4 FCPATH\index.php(67): CodeIgniter\CodeIgniter->run()
INFO - 2023-05-15 15:01:57 --> Session: Class initialized using 'CodeIgniter\Session\Handlers\FileHandler' driver.
WARNING - 2023-05-15 15:01:57 --> Session: Sessions is enabled, and one exists.Please don't $session->start();
WARNING - 2023-05-15 22:01:57 --> Session: Sessions is enabled, and one exists.Please don't $session->start();
WARNING - 2023-05-15 22:01:57 --> [DEPRECATED] Creation of dynamic property App\Controllers\Laporan::$hakakses is deprecated in APPPATH\Controllers\BaseController.php on line 61.
 1 SYSTEMPATH\CodeIgniter.php(907): App\Controllers\BaseController->initController(Object(CodeIgniter\HTTP\IncomingRequest), Object(CodeIgniter\HTTP\Response), Object(CodeIgniter\Log\Logger))
 2 SYSTEMPATH\CodeIgniter.php(490): CodeIgniter\CodeIgniter->createController()
 3 SYSTEMPATH\CodeIgniter.php(368): CodeIgniter\CodeIgniter->handleRequest(null, Object(Config\Cache), false)
 4 FCPATH\index.php(67): CodeIgniter\CodeIgniter->run()
INFO - 2023-05-15 15:02:12 --> Session: Class initialized using 'CodeIgniter\Session\Handlers\FileHandler' driver.
WARNING - 2023-05-15 15:02:12 --> Session: Sessions is enabled, and one exists.Please don't $session->start();
WARNING - 2023-05-15 22:02:12 --> Session: Sessions is enabled, and one exists.Please don't $session->start();
WARNING - 2023-05-15 22:02:12 --> [DEPRECATED] Creation of dynamic property App\Controllers\Laporan::$hakakses is deprecated in APPPATH\Controllers\BaseController.php on line 61.
 1 SYSTEMPATH\CodeIgniter.php(907): App\Controllers\BaseController->initController(Object(CodeIgniter\HTTP\IncomingRequest), Object(CodeIgniter\HTTP\Response), Object(CodeIgniter\Log\Logger))
 2 SYSTEMPATH\CodeIgniter.php(490): CodeIgniter\CodeIgniter->createController()
 3 SYSTEMPATH\CodeIgniter.php(368): CodeIgniter\CodeIgniter->handleRequest(null, Object(Config\Cache), false)
 4 FCPATH\index.php(67): CodeIgniter\CodeIgniter->run()
WARNING - 2023-05-15 22:02:12 --> [DEPRECATED] Creation of dynamic property App\Controllers\Laporan::$breadcrumb is deprecated in APPPATH\Controllers\Laporan.php on line 13.
 1 SYSTEMPATH\CodeIgniter.php(934): App\Controllers\Laporan->penjualan()
 2 SYSTEMPATH\CodeIgniter.php(499): CodeIgniter\CodeIgniter->runController(Object(App\Controllers\Laporan))
 3 SYSTEMPATH\CodeIgniter.php(368): CodeIgniter\CodeIgniter->handleRequest(null, Object(Config\Cache), false)
 4 FCPATH\index.php(67): CodeIgniter\CodeIgniter->run()
INFO - 2023-05-15 15:02:15 --> Session: Class initialized using 'CodeIgniter\Session\Handlers\FileHandler' driver.
WARNING - 2023-05-15 15:02:15 --> Session: Sessions is enabled, and one exists.Please don't $session->start();
WARNING - 2023-05-15 22:02:15 --> Session: Sessions is enabled, and one exists.Please don't $session->start();
WARNING - 2023-05-15 22:02:15 --> [DEPRECATED] Creation of dynamic property App\Controllers\Laporan::$hakakses is deprecated in APPPATH\Controllers\BaseController.php on line 61.
 1 SYSTEMPATH\CodeIgniter.php(907): App\Controllers\BaseController->initController(Object(CodeIgniter\HTTP\IncomingRequest), Object(CodeIgniter\HTTP\Response), Object(CodeIgniter\Log\Logger))
 2 SYSTEMPATH\CodeIgniter.php(490): CodeIgniter\CodeIgniter->createController()
 3 SYSTEMPATH\CodeIgniter.php(368): CodeIgniter\CodeIgniter->handleRequest(null, Object(Config\Cache), false)
 4 FCPATH\index.php(67): CodeIgniter\CodeIgniter->run()
INFO - 2023-05-15 15:02:48 --> Session: Class initialized using 'CodeIgniter\Session\Handlers\FileHandler' driver.
WARNING - 2023-05-15 15:02:48 --> Session: Sessions is enabled, and one exists.Please don't $session->start();
WARNING - 2023-05-15 22:02:48 --> Session: Sessions is enabled, and one exists.Please don't $session->start();
WARNING - 2023-05-15 22:02:48 --> [DEPRECATED] Creation of dynamic property App\Controllers\Laporan::$hakakses is deprecated in APPPATH\Controllers\BaseController.php on line 61.
 1 SYSTEMPATH\CodeIgniter.php(907): App\Controllers\BaseController->initController(Object(CodeIgniter\HTTP\IncomingRequest), Object(CodeIgniter\HTTP\Response), Object(CodeIgniter\Log\Logger))
 2 SYSTEMPATH\CodeIgniter.php(490): CodeIgniter\CodeIgniter->createController()
 3 SYSTEMPATH\CodeIgniter.php(368): CodeIgniter\CodeIgniter->handleRequest(null, Object(Config\Cache), false)
 4 FCPATH\index.php(67): CodeIgniter\CodeIgniter->run()
WARNING - 2023-05-15 22:02:48 --> [DEPRECATED] Creation of dynamic property App\Controllers\Laporan::$breadcrumb is deprecated in APPPATH\Controllers\Laporan.php on line 13.
 1 SYSTEMPATH\CodeIgniter.php(934): App\Controllers\Laporan->penjualan()
 2 SYSTEMPATH\CodeIgniter.php(499): CodeIgniter\CodeIgniter->runController(Object(App\Controllers\Laporan))
 3 SYSTEMPATH\CodeIgniter.php(368): CodeIgniter\CodeIgniter->handleRequest(null, Object(Config\Cache), false)
 4 FCPATH\index.php(67): CodeIgniter\CodeIgniter->run()
INFO - 2023-05-15 15:02:51 --> Session: Class initialized using 'CodeIgniter\Session\Handlers\FileHandler' driver.
WARNING - 2023-05-15 15:02:51 --> Session: Sessions is enabled, and one exists.Please don't $session->start();
WARNING - 2023-05-15 22:02:51 --> Session: Sessions is enabled, and one exists.Please don't $session->start();
WARNING - 2023-05-15 22:02:51 --> [DEPRECATED] Creation of dynamic property App\Controllers\Laporan::$hakakses is deprecated in APPPATH\Controllers\BaseController.php on line 61.
 1 SYSTEMPATH\CodeIgniter.php(907): App\Controllers\BaseController->initController(Object(CodeIgniter\HTTP\IncomingRequest), Object(CodeIgniter\HTTP\Response), Object(CodeIgniter\Log\Logger))
 2 SYSTEMPATH\CodeIgniter.php(490): CodeIgniter\CodeIgniter->createController()
 3 SYSTEMPATH\CodeIgniter.php(368): CodeIgniter\CodeIgniter->handleRequest(null, Object(Config\Cache), false)
 4 FCPATH\index.php(67): CodeIgniter\CodeIgniter->run()
INFO - 2023-05-15 15:03:02 --> Session: Class initialized using 'CodeIgniter\Session\Handlers\FileHandler' driver.
WARNING - 2023-05-15 15:03:02 --> Session: Sessions is enabled, and one exists.Please don't $session->start();
WARNING - 2023-05-15 22:03:02 --> Session: Sessions is enabled, and one exists.Please don't $session->start();
WARNING - 2023-05-15 22:03:02 --> [DEPRECATED] Creation of dynamic property App\Controllers\Laporan::$hakakses is deprecated in APPPATH\Controllers\BaseController.php on line 61.
 1 SYSTEMPATH\CodeIgniter.php(907): App\Controllers\BaseController->initController(Object(CodeIgniter\HTTP\IncomingRequest), Object(CodeIgniter\HTTP\Response), Object(CodeIgniter\Log\Logger))
 2 SYSTEMPATH\CodeIgniter.php(490): CodeIgniter\CodeIgniter->createController()
 3 SYSTEMPATH\CodeIgniter.php(368): CodeIgniter\CodeIgniter->handleRequest(null, Object(Config\Cache), false)
 4 FCPATH\index.php(67): CodeIgniter\CodeIgniter->run()
WARNING - 2023-05-15 22:03:02 --> [DEPRECATED] Creation of dynamic property App\Controllers\Laporan::$breadcrumb is deprecated in APPPATH\Controllers\Laporan.php on line 13.
 1 SYSTEMPATH\CodeIgniter.php(934): App\Controllers\Laporan->penjualan()
 2 SYSTEMPATH\CodeIgniter.php(499): CodeIgniter\CodeIgniter->runController(Object(App\Controllers\Laporan))
 3 SYSTEMPATH\CodeIgniter.php(368): CodeIgniter\CodeIgniter->handleRequest(null, Object(Config\Cache), false)
 4 FCPATH\index.php(67): CodeIgniter\CodeIgniter->run()
INFO - 2023-05-15 15:03:07 --> Session: Class initialized using 'CodeIgniter\Session\Handlers\FileHandler' driver.
WARNING - 2023-05-15 15:03:07 --> Session: Sessions is enabled, and one exists.Please don't $session->start();
WARNING - 2023-05-15 22:03:07 --> Session: Sessions is enabled, and one exists.Please don't $session->start();
WARNING - 2023-05-15 22:03:07 --> [DEPRECATED] Creation of dynamic property App\Controllers\Laporan::$hakakses is deprecated in APPPATH\Controllers\BaseController.php on line 61.
 1 SYSTEMPATH\CodeIgniter.php(907): App\Controllers\BaseController->initController(Object(CodeIgniter\HTTP\IncomingRequest), Object(CodeIgniter\HTTP\Response), Object(CodeIgniter\Log\Logger))
 2 SYSTEMPATH\CodeIgniter.php(490): CodeIgniter\CodeIgniter->createController()
 3 SYSTEMPATH\CodeIgniter.php(368): CodeIgniter\CodeIgniter->handleRequest(null, Object(Config\Cache), false)
 4 FCPATH\index.php(67): CodeIgniter\CodeIgniter->run()
INFO - 2023-05-15 15:04:09 --> Session: Class initialized using 'CodeIgniter\Session\Handlers\FileHandler' driver.
WARNING - 2023-05-15 15:04:09 --> Session: Sessions is enabled, and one exists.Please don't $session->start();
WARNING - 2023-05-15 22:04:09 --> Session: Sessions is enabled, and one exists.Please don't $session->start();
WARNING - 2023-05-15 22:04:09 --> [DEPRECATED] Creation of dynamic property App\Controllers\Laporan::$hakakses is deprecated in APPPATH\Controllers\BaseController.php on line 61.
 1 SYSTEMPATH\CodeIgniter.php(907): App\Controllers\BaseController->initController(Object(CodeIgniter\HTTP\IncomingRequest), Object(CodeIgniter\HTTP\Response), Object(CodeIgniter\Log\Logger))
 2 SYSTEMPATH\CodeIgniter.php(490): CodeIgniter\CodeIgniter->createController()
 3 SYSTEMPATH\CodeIgniter.php(368): CodeIgniter\CodeIgniter->handleRequest(null, Object(Config\Cache), false)
 4 FCPATH\index.php(67): CodeIgniter\CodeIgniter->run()
WARNING - 2023-05-15 22:04:09 --> [DEPRECATED] Creation of dynamic property App\Controllers\Laporan::$breadcrumb is deprecated in APPPATH\Controllers\Laporan.php on line 13.
 1 SYSTEMPATH\CodeIgniter.php(934): App\Controllers\Laporan->penjualan()
 2 SYSTEMPATH\CodeIgniter.php(499): CodeIgniter\CodeIgniter->runController(Object(App\Controllers\Laporan))
 3 SYSTEMPATH\CodeIgniter.php(368): CodeIgniter\CodeIgniter->handleRequest(null, Object(Config\Cache), false)
 4 FCPATH\index.php(67): CodeIgniter\CodeIgniter->run()
INFO - 2023-05-15 15:04:14 --> Session: Class initialized using 'CodeIgniter\Session\Handlers\FileHandler' driver.
WARNING - 2023-05-15 15:04:14 --> Session: Sessions is enabled, and one exists.Please don't $session->start();
WARNING - 2023-05-15 22:04:14 --> Session: Sessions is enabled, and one exists.Please don't $session->start();
WARNING - 2023-05-15 22:04:14 --> [DEPRECATED] Creation of dynamic property App\Controllers\Laporan::$hakakses is deprecated in APPPATH\Controllers\BaseController.php on line 61.
 1 SYSTEMPATH\CodeIgniter.php(907): App\Controllers\BaseController->initController(Object(CodeIgniter\HTTP\IncomingRequest), Object(CodeIgniter\HTTP\Response), Object(CodeIgniter\Log\Logger))
 2 SYSTEMPATH\CodeIgniter.php(490): CodeIgniter\CodeIgniter->createController()
 3 SYSTEMPATH\CodeIgniter.php(368): CodeIgniter\CodeIgniter->handleRequest(null, Object(Config\Cache), false)
 4 FCPATH\index.php(67): CodeIgniter\CodeIgniter->run()
INFO - 2023-05-15 15:05:08 --> Session: Class initialized using 'CodeIgniter\Session\Handlers\FileHandler' driver.
WARNING - 2023-05-15 15:05:08 --> Session: Sessions is enabled, and one exists.Please don't $session->start();
WARNING - 2023-05-15 22:05:08 --> Session: Sessions is enabled, and one exists.Please don't $session->start();
WARNING - 2023-05-15 22:05:08 --> [DEPRECATED] Creation of dynamic property App\Controllers\Laporan::$hakakses is deprecated in APPPATH\Controllers\BaseController.php on line 61.
 1 SYSTEMPATH\CodeIgniter.php(907): App\Controllers\BaseController->initController(Object(CodeIgniter\HTTP\IncomingRequest), Object(CodeIgniter\HTTP\Response), Object(CodeIgniter\Log\Logger))
 2 SYSTEMPATH\CodeIgniter.php(490): CodeIgniter\CodeIgniter->createController()
 3 SYSTEMPATH\CodeIgniter.php(368): CodeIgniter\CodeIgniter->handleRequest(null, Object(Config\Cache), false)
 4 FCPATH\index.php(67): CodeIgniter\CodeIgniter->run()
WARNING - 2023-05-15 22:05:08 --> [DEPRECATED] Creation of dynamic property App\Controllers\Laporan::$breadcrumb is deprecated in APPPATH\Controllers\Laporan.php on line 13.
 1 SYSTEMPATH\CodeIgniter.php(934): App\Controllers\Laporan->penjualan()
 2 SYSTEMPATH\CodeIgniter.php(499): CodeIgniter\CodeIgniter->runController(Object(App\Controllers\Laporan))
 3 SYSTEMPATH\CodeIgniter.php(368): CodeIgniter\CodeIgniter->handleRequest(null, Object(Config\Cache), false)
 4 FCPATH\index.php(67): CodeIgniter\CodeIgniter->run()
INFO - 2023-05-15 15:05:12 --> Session: Class initialized using 'CodeIgniter\Session\Handlers\FileHandler' driver.
WARNING - 2023-05-15 15:05:12 --> Session: Sessions is enabled, and one exists.Please don't $session->start();
WARNING - 2023-05-15 22:05:12 --> Session: Sessions is enabled, and one exists.Please don't $session->start();
WARNING - 2023-05-15 22:05:12 --> [DEPRECATED] Creation of dynamic property App\Controllers\Laporan::$hakakses is deprecated in APPPATH\Controllers\BaseController.php on line 61.
 1 SYSTEMPATH\CodeIgniter.php(907): App\Controllers\BaseController->initController(Object(CodeIgniter\HTTP\IncomingRequest), Object(CodeIgniter\HTTP\Response), Object(CodeIgniter\Log\Logger))
 2 SYSTEMPATH\CodeIgniter.php(490): CodeIgniter\CodeIgniter->createController()
 3 SYSTEMPATH\CodeIgniter.php(368): CodeIgniter\CodeIgniter->handleRequest(null, Object(Config\Cache), false)
 4 FCPATH\index.php(67): CodeIgniter\CodeIgniter->run()
INFO - 2023-05-15 15:05:28 --> Session: Class initialized using 'CodeIgniter\Session\Handlers\FileHandler' driver.
WARNING - 2023-05-15 15:05:28 --> Session: Sessions is enabled, and one exists.Please don't $session->start();
WARNING - 2023-05-15 22:05:28 --> Session: Sessions is enabled, and one exists.Please don't $session->start();
WARNING - 2023-05-15 22:05:28 --> [DEPRECATED] Creation of dynamic property App\Controllers\Laporan::$hakakses is deprecated in APPPATH\Controllers\BaseController.php on line 61.
 1 SYSTEMPATH\CodeIgniter.php(907): App\Controllers\BaseController->initController(Object(CodeIgniter\HTTP\IncomingRequest), Object(CodeIgniter\HTTP\Response), Object(CodeIgniter\Log\Logger))
 2 SYSTEMPATH\CodeIgniter.php(490): CodeIgniter\CodeIgniter->createController()
 3 SYSTEMPATH\CodeIgniter.php(368): CodeIgniter\CodeIgniter->handleRequest(null, Object(Config\Cache), false)
 4 FCPATH\index.php(67): CodeIgniter\CodeIgniter->run()
WARNING - 2023-05-15 22:05:28 --> [DEPRECATED] Creation of dynamic property App\Controllers\Laporan::$breadcrumb is deprecated in APPPATH\Controllers\Laporan.php on line 13.
 1 SYSTEMPATH\CodeIgniter.php(934): App\Controllers\Laporan->penjualan()
 2 SYSTEMPATH\CodeIgniter.php(499): CodeIgniter\CodeIgniter->runController(Object(App\Controllers\Laporan))
 3 SYSTEMPATH\CodeIgniter.php(368): CodeIgniter\CodeIgniter->handleRequest(null, Object(Config\Cache), false)
 4 FCPATH\index.php(67): CodeIgniter\CodeIgniter->run()
INFO - 2023-05-15 15:05:31 --> Session: Class initialized using 'CodeIgniter\Session\Handlers\FileHandler' driver.
WARNING - 2023-05-15 15:05:31 --> Session: Sessions is enabled, and one exists.Please don't $session->start();
WARNING - 2023-05-15 22:05:31 --> Session: Sessions is enabled, and one exists.Please don't $session->start();
WARNING - 2023-05-15 22:05:31 --> [DEPRECATED] Creation of dynamic property App\Controllers\Laporan::$hakakses is deprecated in APPPATH\Controllers\BaseController.php on line 61.
 1 SYSTEMPATH\CodeIgniter.php(907): App\Controllers\BaseController->initController(Object(CodeIgniter\HTTP\IncomingRequest), Object(CodeIgniter\HTTP\Response), Object(CodeIgniter\Log\Logger))
 2 SYSTEMPATH\CodeIgniter.php(490): CodeIgniter\CodeIgniter->createController()
 3 SYSTEMPATH\CodeIgniter.php(368): CodeIgniter\CodeIgniter->handleRequest(null, Object(Config\Cache), false)
 4 FCPATH\index.php(67): CodeIgniter\CodeIgniter->run()
INFO - 2023-05-15 15:05:43 --> Session: Class initialized using 'CodeIgniter\Session\Handlers\FileHandler' driver.
WARNING - 2023-05-15 15:05:43 --> Session: Sessions is enabled, and one exists.Please don't $session->start();
WARNING - 2023-05-15 22:05:43 --> Session: Sessions is enabled, and one exists.Please don't $session->start();
WARNING - 2023-05-15 22:05:43 --> [DEPRECATED] Creation of dynamic property App\Controllers\Laporan::$hakakses is deprecated in APPPATH\Controllers\BaseController.php on line 61.
 1 SYSTEMPATH\CodeIgniter.php(907): App\Controllers\BaseController->initController(Object(CodeIgniter\HTTP\IncomingRequest), Object(CodeIgniter\HTTP\Response), Object(CodeIgniter\Log\Logger))
 2 SYSTEMPATH\CodeIgniter.php(490): CodeIgniter\CodeIgniter->createController()
 3 SYSTEMPATH\CodeIgniter.php(368): CodeIgniter\CodeIgniter->handleRequest(null, Object(Config\Cache), false)
 4 FCPATH\index.php(67): CodeIgniter\CodeIgniter->run()
WARNING - 2023-05-15 22:05:43 --> [DEPRECATED] Creation of dynamic property App\Controllers\Laporan::$breadcrumb is deprecated in APPPATH\Controllers\Laporan.php on line 13.
 1 SYSTEMPATH\CodeIgniter.php(934): App\Controllers\Laporan->penjualan()
 2 SYSTEMPATH\CodeIgniter.php(499): CodeIgniter\CodeIgniter->runController(Object(App\Controllers\Laporan))
 3 SYSTEMPATH\CodeIgniter.php(368): CodeIgniter\CodeIgniter->handleRequest(null, Object(Config\Cache), false)
 4 FCPATH\index.php(67): CodeIgniter\CodeIgniter->run()
INFO - 2023-05-15 15:05:46 --> Session: Class initialized using 'CodeIgniter\Session\Handlers\FileHandler' driver.
WARNING - 2023-05-15 15:05:46 --> Session: Sessions is enabled, and one exists.Please don't $session->start();
WARNING - 2023-05-15 22:05:46 --> Session: Sessions is enabled, and one exists.Please don't $session->start();
WARNING - 2023-05-15 22:05:46 --> [DEPRECATED] Creation of dynamic property App\Controllers\Laporan::$hakakses is deprecated in APPPATH\Controllers\BaseController.php on line 61.
 1 SYSTEMPATH\CodeIgniter.php(907): App\Controllers\BaseController->initController(Object(CodeIgniter\HTTP\IncomingRequest), Object(CodeIgniter\HTTP\Response), Object(CodeIgniter\Log\Logger))
 2 SYSTEMPATH\CodeIgniter.php(490): CodeIgniter\CodeIgniter->createController()
 3 SYSTEMPATH\CodeIgniter.php(368): CodeIgniter\CodeIgniter->handleRequest(null, Object(Config\Cache), false)
 4 FCPATH\index.php(67): CodeIgniter\CodeIgniter->run()
INFO - 2023-05-15 15:05:54 --> Session: Class initialized using 'CodeIgniter\Session\Handlers\FileHandler' driver.
WARNING - 2023-05-15 15:05:54 --> Session: Sessions is enabled, and one exists.Please don't $session->start();
WARNING - 2023-05-15 22:05:54 --> Session: Sessions is enabled, and one exists.Please don't $session->start();
WARNING - 2023-05-15 22:05:54 --> [DEPRECATED] Creation of dynamic property App\Controllers\Laporan::$hakakses is deprecated in APPPATH\Controllers\BaseController.php on line 61.
 1 SYSTEMPATH\CodeIgniter.php(907): App\Controllers\BaseController->initController(Object(CodeIgniter\HTTP\IncomingRequest), Object(CodeIgniter\HTTP\Response), Object(CodeIgniter\Log\Logger))
 2 SYSTEMPATH\CodeIgniter.php(490): CodeIgniter\CodeIgniter->createController()
 3 SYSTEMPATH\CodeIgniter.php(368): CodeIgniter\CodeIgniter->handleRequest(null, Object(Config\Cache), false)
 4 FCPATH\index.php(67): CodeIgniter\CodeIgniter->run()
WARNING - 2023-05-15 22:05:54 --> [DEPRECATED] Creation of dynamic property App\Controllers\Laporan::$breadcrumb is deprecated in APPPATH\Controllers\Laporan.php on line 13.
 1 SYSTEMPATH\CodeIgniter.php(934): App\Controllers\Laporan->penjualan()
 2 SYSTEMPATH\CodeIgniter.php(499): CodeIgniter\CodeIgniter->runController(Object(App\Controllers\Laporan))
 3 SYSTEMPATH\CodeIgniter.php(368): CodeIgniter\CodeIgniter->handleRequest(null, Object(Config\Cache), false)
 4 FCPATH\index.php(67): CodeIgniter\CodeIgniter->run()
INFO - 2023-05-15 15:05:56 --> Session: Class initialized using 'CodeIgniter\Session\Handlers\FileHandler' driver.
WARNING - 2023-05-15 15:05:56 --> Session: Sessions is enabled, and one exists.Please don't $session->start();
WARNING - 2023-05-15 22:05:56 --> Session: Sessions is enabled, and one exists.Please don't $session->start();
WARNING - 2023-05-15 22:05:56 --> [DEPRECATED] Creation of dynamic property App\Controllers\Laporan::$hakakses is deprecated in APPPATH\Controllers\BaseController.php on line 61.
 1 SYSTEMPATH\CodeIgniter.php(907): App\Controllers\BaseController->initController(Object(CodeIgniter\HTTP\IncomingRequest), Object(CodeIgniter\HTTP\Response), Object(CodeIgniter\Log\Logger))
 2 SYSTEMPATH\CodeIgniter.php(490): CodeIgniter\CodeIgniter->createController()
 3 SYSTEMPATH\CodeIgniter.php(368): CodeIgniter\CodeIgniter->handleRequest(null, Object(Config\Cache), false)
 4 FCPATH\index.php(67): CodeIgniter\CodeIgniter->run()
INFO - 2023-05-15 15:06:41 --> Session: Class initialized using 'CodeIgniter\Session\Handlers\FileHandler' driver.
WARNING - 2023-05-15 15:06:41 --> Session: Sessions is enabled, and one exists.Please don't $session->start();
WARNING - 2023-05-15 22:06:41 --> Session: Sessions is enabled, and one exists.Please don't $session->start();
WARNING - 2023-05-15 22:06:41 --> [DEPRECATED] Creation of dynamic property App\Controllers\Laporan::$hakakses is deprecated in APPPATH\Controllers\BaseController.php on line 61.
 1 SYSTEMPATH\CodeIgniter.php(907): App\Controllers\BaseController->initController(Object(CodeIgniter\HTTP\IncomingRequest), Object(CodeIgniter\HTTP\Response), Object(CodeIgniter\Log\Logger))
 2 SYSTEMPATH\CodeIgniter.php(490): CodeIgniter\CodeIgniter->createController()
 3 SYSTEMPATH\CodeIgniter.php(368): CodeIgniter\CodeIgniter->handleRequest(null, Object(Config\Cache), false)
 4 FCPATH\index.php(67): CodeIgniter\CodeIgniter->run()
WARNING - 2023-05-15 22:06:41 --> [DEPRECATED] Creation of dynamic property App\Controllers\Laporan::$breadcrumb is deprecated in APPPATH\Controllers\Laporan.php on line 13.
 1 SYSTEMPATH\CodeIgniter.php(934): App\Controllers\Laporan->penjualan()
 2 SYSTEMPATH\CodeIgniter.php(499): CodeIgniter\CodeIgniter->runController(Object(App\Controllers\Laporan))
 3 SYSTEMPATH\CodeIgniter.php(368): CodeIgniter\CodeIgniter->handleRequest(null, Object(Config\Cache), false)
 4 FCPATH\index.php(67): CodeIgniter\CodeIgniter->run()
INFO - 2023-05-15 15:06:44 --> Session: Class initialized using 'CodeIgniter\Session\Handlers\FileHandler' driver.
WARNING - 2023-05-15 15:06:44 --> Session: Sessions is enabled, and one exists.Please don't $session->start();
WARNING - 2023-05-15 22:06:44 --> Session: Sessions is enabled, and one exists.Please don't $session->start();
WARNING - 2023-05-15 22:06:44 --> [DEPRECATED] Creation of dynamic property App\Controllers\Laporan::$hakakses is deprecated in APPPATH\Controllers\BaseController.php on line 61.
 1 SYSTEMPATH\CodeIgniter.php(907): App\Controllers\BaseController->initController(Object(CodeIgniter\HTTP\IncomingRequest), Object(CodeIgniter\HTTP\Response), Object(CodeIgniter\Log\Logger))
 2 SYSTEMPATH\CodeIgniter.php(490): CodeIgniter\CodeIgniter->createController()
 3 SYSTEMPATH\CodeIgniter.php(368): CodeIgniter\CodeIgniter->handleRequest(null, Object(Config\Cache), false)
 4 FCPATH\index.php(67): CodeIgniter\CodeIgniter->run()
INFO - 2023-05-15 15:07:28 --> Session: Class initialized using 'CodeIgniter\Session\Handlers\FileHandler' driver.
WARNING - 2023-05-15 15:07:28 --> Session: Sessions is enabled, and one exists.Please don't $session->start();
WARNING - 2023-05-15 22:07:28 --> Session: Sessions is enabled, and one exists.Please don't $session->start();
WARNING - 2023-05-15 22:07:28 --> [DEPRECATED] Creation of dynamic property App\Controllers\Home::$hakakses is deprecated in APPPATH\Controllers\BaseController.php on line 61.
 1 SYSTEMPATH\CodeIgniter.php(907): App\Controllers\BaseController->initController(Object(CodeIgniter\HTTP\IncomingRequest), Object(CodeIgniter\HTTP\Response), Object(CodeIgniter\Log\Logger))
 2 SYSTEMPATH\CodeIgniter.php(490): CodeIgniter\CodeIgniter->createController()
 3 SYSTEMPATH\CodeIgniter.php(368): CodeIgniter\CodeIgniter->handleRequest(null, Object(Config\Cache), false)
 4 FCPATH\index.php(67): CodeIgniter\CodeIgniter->run()
WARNING - 2023-05-15 22:07:28 --> [DEPRECATED] Creation of dynamic property App\Controllers\Home::$breadcrumb is deprecated in APPPATH\Controllers\Home.php on line 23.
 1 SYSTEMPATH\CodeIgniter.php(934): App\Controllers\Home->index()
 2 SYSTEMPATH\CodeIgniter.php(499): CodeIgniter\CodeIgniter->runController(Object(App\Controllers\Home))
 3 SYSTEMPATH\CodeIgniter.php(368): CodeIgniter\CodeIgniter->handleRequest(null, Object(Config\Cache), false)
 4 FCPATH\index.php(67): CodeIgniter\CodeIgniter->run()
INFO - 2023-05-15 22:07:28 --> Session: Class initialized using 'CodeIgniter\Session\Handlers\FileHandler' driver.
WARNING - 2023-05-15 22:07:28 --> Session: Sessions is enabled, and one exists.Please don't $session->start();
INFO - 2023-05-15 22:07:28 --> Session: Class initialized using 'CodeIgniter\Session\Handlers\FileHandler' driver.
WARNING - 2023-05-15 22:07:28 --> Session: Sessions is enabled, and one exists.Please don't $session->start();
INFO - 2023-05-15 15:07:28 --> Session: Class initialized using 'CodeIgniter\Session\Handlers\FileHandler' driver.
WARNING - 2023-05-15 15:07:28 --> Session: Sessions is enabled, and one exists.Please don't $session->start();
WARNING - 2023-05-15 22:07:28 --> Session: Sessions is enabled, and one exists.Please don't $session->start();
WARNING - 2023-05-15 22:07:28 --> [DEPRECATED] Creation of dynamic property App\Controllers\Penjualan::$hakakses is deprecated in APPPATH\Controllers\BaseController.php on line 61.
 1 SYSTEMPATH\CodeIgniter.php(907): App\Controllers\BaseController->initController(Object(CodeIgniter\HTTP\IncomingRequest), Object(CodeIgniter\HTTP\Response), Object(CodeIgniter\Log\Logger))
 2 SYSTEMPATH\CodeIgniter.php(490): CodeIgniter\CodeIgniter->createController()
 3 SYSTEMPATH\CodeIgniter.php(368): CodeIgniter\CodeIgniter->handleRequest(null, Object(Config\Cache), false)
 4 FCPATH\index.php(67): CodeIgniter\CodeIgniter->run()
INFO - 2023-05-15 15:07:32 --> Session: Class initialized using 'CodeIgniter\Session\Handlers\FileHandler' driver.
WARNING - 2023-05-15 15:07:32 --> Session: Sessions is enabled, and one exists.Please don't $session->start();
WARNING - 2023-05-15 22:07:32 --> Session: Sessions is enabled, and one exists.Please don't $session->start();
WARNING - 2023-05-15 22:07:32 --> [DEPRECATED] Creation of dynamic property App\Controllers\Laporan::$hakakses is deprecated in APPPATH\Controllers\BaseController.php on line 61.
 1 SYSTEMPATH\CodeIgniter.php(907): App\Controllers\BaseController->initController(Object(CodeIgniter\HTTP\IncomingRequest), Object(CodeIgniter\HTTP\Response), Object(CodeIgniter\Log\Logger))
 2 SYSTEMPATH\CodeIgniter.php(490): CodeIgniter\CodeIgniter->createController()
 3 SYSTEMPATH\CodeIgniter.php(368): CodeIgniter\CodeIgniter->handleRequest(null, Object(Config\Cache), false)
 4 FCPATH\index.php(67): CodeIgniter\CodeIgniter->run()
WARNING - 2023-05-15 22:07:32 --> [DEPRECATED] Creation of dynamic property App\Controllers\Laporan::$breadcrumb is deprecated in APPPATH\Controllers\Laporan.php on line 13.
 1 SYSTEMPATH\CodeIgniter.php(934): App\Controllers\Laporan->penjualan()
 2 SYSTEMPATH\CodeIgniter.php(499): CodeIgniter\CodeIgniter->runController(Object(App\Controllers\Laporan))
 3 SYSTEMPATH\CodeIgniter.php(368): CodeIgniter\CodeIgniter->handleRequest(null, Object(Config\Cache), false)
 4 FCPATH\index.php(67): CodeIgniter\CodeIgniter->run()
INFO - 2023-05-15 15:07:35 --> Session: Class initialized using 'CodeIgniter\Session\Handlers\FileHandler' driver.
WARNING - 2023-05-15 15:07:35 --> Session: Sessions is enabled, and one exists.Please don't $session->start();
WARNING - 2023-05-15 22:07:35 --> Session: Sessions is enabled, and one exists.Please don't $session->start();
WARNING - 2023-05-15 22:07:35 --> [DEPRECATED] Creation of dynamic property App\Controllers\Laporan::$hakakses is deprecated in APPPATH\Controllers\BaseController.php on line 61.
 1 SYSTEMPATH\CodeIgniter.php(907): App\Controllers\BaseController->initController(Object(CodeIgniter\HTTP\IncomingRequest), Object(CodeIgniter\HTTP\Response), Object(CodeIgniter\Log\Logger))
 2 SYSTEMPATH\CodeIgniter.php(490): CodeIgniter\CodeIgniter->createController()
 3 SYSTEMPATH\CodeIgniter.php(368): CodeIgniter\CodeIgniter->handleRequest(null, Object(Config\Cache), false)
 4 FCPATH\index.php(67): CodeIgniter\CodeIgniter->run()
INFO - 2023-05-15 15:08:14 --> Session: Class initialized using 'CodeIgniter\Session\Handlers\FileHandler' driver.
WARNING - 2023-05-15 15:08:14 --> Session: Sessions is enabled, and one exists.Please don't $session->start();
WARNING - 2023-05-15 22:08:14 --> Session: Sessions is enabled, and one exists.Please don't $session->start();
WARNING - 2023-05-15 22:08:14 --> [DEPRECATED] Creation of dynamic property App\Controllers\Laporan::$hakakses is deprecated in APPPATH\Controllers\BaseController.php on line 61.
 1 SYSTEMPATH\CodeIgniter.php(907): App\Controllers\BaseController->initController(Object(CodeIgniter\HTTP\IncomingRequest), Object(CodeIgniter\HTTP\Response), Object(CodeIgniter\Log\Logger))
 2 SYSTEMPATH\CodeIgniter.php(490): CodeIgniter\CodeIgniter->createController()
 3 SYSTEMPATH\CodeIgniter.php(368): CodeIgniter\CodeIgniter->handleRequest(null, Object(Config\Cache), false)
 4 FCPATH\index.php(67): CodeIgniter\CodeIgniter->run()
WARNING - 2023-05-15 22:08:14 --> [DEPRECATED] Creation of dynamic property App\Controllers\Laporan::$breadcrumb is deprecated in APPPATH\Controllers\Laporan.php on line 13.
 1 SYSTEMPATH\CodeIgniter.php(934): App\Controllers\Laporan->penjualan()
 2 SYSTEMPATH\CodeIgniter.php(499): CodeIgniter\CodeIgniter->runController(Object(App\Controllers\Laporan))
 3 SYSTEMPATH\CodeIgniter.php(368): CodeIgniter\CodeIgniter->handleRequest(null, Object(Config\Cache), false)
 4 FCPATH\index.php(67): CodeIgniter\CodeIgniter->run()
INFO - 2023-05-15 15:08:18 --> Session: Class initialized using 'CodeIgniter\Session\Handlers\FileHandler' driver.
WARNING - 2023-05-15 15:08:18 --> Session: Sessions is enabled, and one exists.Please don't $session->start();
WARNING - 2023-05-15 22:08:18 --> Session: Sessions is enabled, and one exists.Please don't $session->start();
WARNING - 2023-05-15 22:08:18 --> [DEPRECATED] Creation of dynamic property App\Controllers\Laporan::$hakakses is deprecated in APPPATH\Controllers\BaseController.php on line 61.
 1 SYSTEMPATH\CodeIgniter.php(907): App\Controllers\BaseController->initController(Object(CodeIgniter\HTTP\IncomingRequest), Object(CodeIgniter\HTTP\Response), Object(CodeIgniter\Log\Logger))
 2 SYSTEMPATH\CodeIgniter.php(490): CodeIgniter\CodeIgniter->createController()
 3 SYSTEMPATH\CodeIgniter.php(368): CodeIgniter\CodeIgniter->handleRequest(null, Object(Config\Cache), false)
 4 FCPATH\index.php(67): CodeIgniter\CodeIgniter->run()
INFO - 2023-05-15 15:08:42 --> Session: Class initialized using 'CodeIgniter\Session\Handlers\FileHandler' driver.
WARNING - 2023-05-15 15:08:42 --> Session: Sessions is enabled, and one exists.Please don't $session->start();
WARNING - 2023-05-15 22:08:42 --> Session: Sessions is enabled, and one exists.Please don't $session->start();
WARNING - 2023-05-15 22:08:42 --> [DEPRECATED] Creation of dynamic property App\Controllers\Laporan::$hakakses is deprecated in APPPATH\Controllers\BaseController.php on line 61.
 1 SYSTEMPATH\CodeIgniter.php(907): App\Controllers\BaseController->initController(Object(CodeIgniter\HTTP\IncomingRequest), Object(CodeIgniter\HTTP\Response), Object(CodeIgniter\Log\Logger))
 2 SYSTEMPATH\CodeIgniter.php(490): CodeIgniter\CodeIgniter->createController()
 3 SYSTEMPATH\CodeIgniter.php(368): CodeIgniter\CodeIgniter->handleRequest(null, Object(Config\Cache), false)
 4 FCPATH\index.php(67): CodeIgniter\CodeIgniter->run()
INFO - 2023-05-15 22:55:05 --> Session: Class initialized using 'CodeIgniter\Session\Handlers\FileHandler' driver.
WARNING - 2023-05-15 22:55:05 --> Session: Sessions is enabled, and one exists.Please don't $session->start();
INFO - 2023-05-15 22:55:11 --> Session: Class initialized using 'CodeIgniter\Session\Handlers\FileHandler' driver.
WARNING - 2023-05-15 22:55:11 --> Session: Sessions is enabled, and one exists.Please don't $session->start();
INFO - 2023-05-15 22:55:13 --> Session: Class initialized using 'CodeIgniter\Session\Handlers\FileHandler' driver.
WARNING - 2023-05-15 22:55:13 --> Session: Sessions is enabled, and one exists.Please don't $session->start();
INFO - 2023-05-15 22:55:20 --> Session: Class initialized using 'CodeIgniter\Session\Handlers\FileHandler' driver.
WARNING - 2023-05-15 22:55:20 --> Session: Sessions is enabled, and one exists.Please don't $session->start();
INFO - 2023-05-15 22:55:24 --> Session: Class initialized using 'CodeIgniter\Session\Handlers\FileHandler' driver.
WARNING - 2023-05-15 22:55:24 --> Session: Sessions is enabled, and one exists.Please don't $session->start();
INFO - 2023-05-15 22:56:12 --> Session: Class initialized using 'CodeIgniter\Session\Handlers\FileHandler' driver.
WARNING - 2023-05-15 22:56:12 --> Session: Sessions is enabled, and one exists.Please don't $session->start();
INFO - 2023-05-15 22:56:15 --> Session: Class initialized using 'CodeIgniter\Session\Handlers\FileHandler' driver.
WARNING - 2023-05-15 22:56:15 --> Session: Sessions is enabled, and one exists.Please don't $session->start();
INFO - 2023-05-15 22:58:50 --> Session: Class initialized using 'CodeIgniter\Session\Handlers\FileHandler' driver.
WARNING - 2023-05-15 22:58:50 --> Session: Sessions is enabled, and one exists.Please don't $session->start();
INFO - 2023-05-15 22:58:54 --> Session: Class initialized using 'CodeIgniter\Session\Handlers\FileHandler' driver.
WARNING - 2023-05-15 22:58:54 --> Session: Sessions is enabled, and one exists.Please don't $session->start();
INFO - 2023-05-15 22:59:16 --> Session: Class initialized using 'CodeIgniter\Session\Handlers\FileHandler' driver.
WARNING - 2023-05-15 22:59:16 --> Session: Sessions is enabled, and one exists.Please don't $session->start();
INFO - 2023-05-15 22:59:19 --> Session: Class initialized using 'CodeIgniter\Session\Handlers\FileHandler' driver.
WARNING - 2023-05-15 22:59:19 --> Session: Sessions is enabled, and one exists.Please don't $session->start();
INFO - 2023-05-15 22:59:37 --> Session: Class initialized using 'CodeIgniter\Session\Handlers\FileHandler' driver.
WARNING - 2023-05-15 22:59:37 --> Session: Sessions is enabled, and one exists.Please don't $session->start();
INFO - 2023-05-15 22:59:41 --> Session: Class initialized using 'CodeIgniter\Session\Handlers\FileHandler' driver.
WARNING - 2023-05-15 22:59:41 --> Session: Sessions is enabled, and one exists.Please don't $session->start();
INFO - 2023-05-15 23:02:01 --> Session: Class initialized using 'CodeIgniter\Session\Handlers\FileHandler' driver.
WARNING - 2023-05-15 23:02:01 --> Session: Sessions is enabled, and one exists.Please don't $session->start();
INFO - 2023-05-15 23:02:05 --> Session: Class initialized using 'CodeIgniter\Session\Handlers\FileHandler' driver.
WARNING - 2023-05-15 23:02:05 --> Session: Sessions is enabled, and one exists.Please don't $session->start();
INFO - 2023-05-15 23:02:25 --> Session: Class initialized using 'CodeIgniter\Session\Handlers\FileHandler' driver.
WARNING - 2023-05-15 23:02:25 --> Session: Sessions is enabled, and one exists.Please don't $session->start();
INFO - 2023-05-15 23:02:29 --> Session: Class initialized using 'CodeIgniter\Session\Handlers\FileHandler' driver.
WARNING - 2023-05-15 23:02:29 --> Session: Sessions is enabled, and one exists.Please don't $session->start();
INFO - 2023-05-15 23:03:02 --> Session: Class initialized using 'CodeIgniter\Session\Handlers\FileHandler' driver.
WARNING - 2023-05-15 23:03:02 --> Session: Sessions is enabled, and one exists.Please don't $session->start();
INFO - 2023-05-15 23:03:06 --> Session: Class initialized using 'CodeIgniter\Session\Handlers\FileHandler' driver.
WARNING - 2023-05-15 23:03:06 --> Session: Sessions is enabled, and one exists.Please don't $session->start();
INFO - 2023-05-15 23:03:18 --> Session: Class initialized using 'CodeIgniter\Session\Handlers\FileHandler' driver.
WARNING - 2023-05-15 23:03:18 --> Session: Sessions is enabled, and one exists.Please don't $session->start();
INFO - 2023-05-15 23:03:22 --> Session: Class initialized using 'CodeIgniter\Session\Handlers\FileHandler' driver.
WARNING - 2023-05-15 23:03:22 --> Session: Sessions is enabled, and one exists.Please don't $session->start();
INFO - 2023-05-15 23:05:45 --> Session: Class initialized using 'CodeIgniter\Session\Handlers\FileHandler' driver.
WARNING - 2023-05-15 23:05:45 --> Session: Sessions is enabled, and one exists.Please don't $session->start();
INFO - 2023-05-15 23:05:47 --> Session: Class initialized using 'CodeIgniter\Session\Handlers\FileHandler' driver.
WARNING - 2023-05-15 23:05:47 --> Session: Sessions is enabled, and one exists.Please don't $session->start();
INFO - 2023-05-15 23:05:48 --> Session: Class initialized using 'CodeIgniter\Session\Handlers\FileHandler' driver.
WARNING - 2023-05-15 23:05:48 --> Session: Sessions is enabled, and one exists.Please don't $session->start();
INFO - 2023-05-15 23:05:49 --> Session: Class initialized using 'CodeIgniter\Session\Handlers\FileHandler' driver.
WARNING - 2023-05-15 23:05:49 --> Session: Sessions is enabled, and one exists.Please don't $session->start();
INFO - 2023-05-15 23:06:01 --> Session: Class initialized using 'CodeIgniter\Session\Handlers\FileHandler' driver.
WARNING - 2023-05-15 23:06:01 --> Session: Sessions is enabled, and one exists.Please don't $session->start();
INFO - 2023-05-15 23:06:37 --> Session: Class initialized using 'CodeIgniter\Session\Handlers\FileHandler' driver.
WARNING - 2023-05-15 23:06:37 --> Session: Sessions is enabled, and one exists.Please don't $session->start();
INFO - 2023-05-15 23:08:48 --> Session: Class initialized using 'CodeIgniter\Session\Handlers\FileHandler' driver.
WARNING - 2023-05-15 23:08:48 --> Session: Sessions is enabled, and one exists.Please don't $session->start();
INFO - 2023-05-15 23:08:52 --> Session: Class initialized using 'CodeIgniter\Session\Handlers\FileHandler' driver.
WARNING - 2023-05-15 23:08:52 --> Session: Sessions is enabled, and one exists.Please don't $session->start();
INFO - 2023-05-15 23:16:32 --> Session: Class initialized using 'CodeIgniter\Session\Handlers\FileHandler' driver.
WARNING - 2023-05-15 23:16:32 --> Session: Sessions is enabled, and one exists.Please don't $session->start();
INFO - 2023-05-15 23:18:34 --> Session: Class initialized using 'CodeIgniter\Session\Handlers\FileHandler' driver.
WARNING - 2023-05-15 23:18:34 --> Session: Sessions is enabled, and one exists.Please don't $session->start();
INFO - 2023-05-15 23:18:42 --> Session: Class initialized using 'CodeIgniter\Session\Handlers\FileHandler' driver.
WARNING - 2023-05-15 23:18:42 --> Session: Sessions is enabled, and one exists.Please don't $session->start();
INFO - 2023-05-15 23:22:04 --> Session: Class initialized using 'CodeIgniter\Session\Handlers\FileHandler' driver.
WARNING - 2023-05-15 23:22:04 --> Session: Sessions is enabled, and one exists.Please don't $session->start();
INFO - 2023-05-15 23:22:07 --> Session: Class initialized using 'CodeIgniter\Session\Handlers\FileHandler' driver.
WARNING - 2023-05-15 23:22:07 --> Session: Sessions is enabled, and one exists.Please don't $session->start();
INFO - 2023-05-15 23:22:58 --> Session: Class initialized using 'CodeIgniter\Session\Handlers\FileHandler' driver.
WARNING - 2023-05-15 23:22:58 --> Session: Sessions is enabled, and one exists.Please don't $session->start();
INFO - 2023-05-15 23:23:01 --> Session: Class initialized using 'CodeIgniter\Session\Handlers\FileHandler' driver.
WARNING - 2023-05-15 23:23:01 --> Session: Sessions is enabled, and one exists.Please don't $session->start();
INFO - 2023-05-15 23:24:11 --> Session: Class initialized using 'CodeIgniter\Session\Handlers\FileHandler' driver.
WARNING - 2023-05-15 23:24:11 --> Session: Sessions is enabled, and one exists.Please don't $session->start();
INFO - 2023-05-15 23:24:14 --> Session: Class initialized using 'CodeIgniter\Session\Handlers\FileHandler' driver.
WARNING - 2023-05-15 23:24:14 --> Session: Sessions is enabled, and one exists.Please don't $session->start();
INFO - 2023-05-15 23:24:34 --> Session: Class initialized using 'CodeIgniter\Session\Handlers\FileHandler' driver.
WARNING - 2023-05-15 23:24:34 --> Session: Sessions is enabled, and one exists.Please don't $session->start();
INFO - 2023-05-15 23:24:38 --> Session: Class initialized using 'CodeIgniter\Session\Handlers\FileHandler' driver.
WARNING - 2023-05-15 23:24:38 --> Session: Sessions is enabled, and one exists.Please don't $session->start();
INFO - 2023-05-15 23:25:19 --> Session: Class initialized using 'CodeIgniter\Session\Handlers\FileHandler' driver.
WARNING - 2023-05-15 23:25:19 --> Session: Sessions is enabled, and one exists.Please don't $session->start();
INFO - 2023-05-15 23:32:05 --> Session: Class initialized using 'CodeIgniter\Session\Handlers\FileHandler' driver.
WARNING - 2023-05-15 23:32:05 --> Session: Sessions is enabled, and one exists.Please don't $session->start();
INFO - 2023-05-15 23:32:09 --> Session: Class initialized using 'CodeIgniter\Session\Handlers\FileHandler' driver.
WARNING - 2023-05-15 23:32:09 --> Session: Sessions is enabled, and one exists.Please don't $session->start();
INFO - 2023-05-15 23:32:52 --> Session: Class initialized using 'CodeIgniter\Session\Handlers\FileHandler' driver.
WARNING - 2023-05-15 23:32:52 --> Session: Sessions is enabled, and one exists.Please don't $session->start();
INFO - 2023-05-15 23:32:55 --> Session: Class initialized using 'CodeIgniter\Session\Handlers\FileHandler' driver.
WARNING - 2023-05-15 23:32:55 --> Session: Sessions is enabled, and one exists.Please don't $session->start();
INFO - 2023-05-15 23:34:53 --> Session: Class initialized using 'CodeIgniter\Session\Handlers\FileHandler' driver.
WARNING - 2023-05-15 23:34:53 --> Session: Sessions is enabled, and one exists.Please don't $session->start();
INFO - 2023-05-15 23:34:56 --> Session: Class initialized using 'CodeIgniter\Session\Handlers\FileHandler' driver.
WARNING - 2023-05-15 23:34:56 --> Session: Sessions is enabled, and one exists.Please don't $session->start();
INFO - 2023-05-15 23:35:12 --> Session: Class initialized using 'CodeIgniter\Session\Handlers\FileHandler' driver.
WARNING - 2023-05-15 23:35:12 --> Session: Sessions is enabled, and one exists.Please don't $session->start();
INFO - 2023-05-15 23:35:16 --> Session: Class initialized using 'CodeIgniter\Session\Handlers\FileHandler' driver.
WARNING - 2023-05-15 23:35:16 --> Session: Sessions is enabled, and one exists.Please don't $session->start();
INFO - 2023-05-15 23:35:32 --> Session: Class initialized using 'CodeIgniter\Session\Handlers\FileHandler' driver.
WARNING - 2023-05-15 23:35:32 --> Session: Sessions is enabled, and one exists.Please don't $session->start();
INFO - 2023-05-15 23:35:36 --> Session: Class initialized using 'CodeIgniter\Session\Handlers\FileHandler' driver.
WARNING - 2023-05-15 23:35:36 --> Session: Sessions is enabled, and one exists.Please don't $session->start();
INFO - 2023-05-15 23:36:19 --> Session: Class initialized using 'CodeIgniter\Session\Handlers\FileHandler' driver.
WARNING - 2023-05-15 23:36:19 --> Session: Sessions is enabled, and one exists.Please don't $session->start();
INFO - 2023-05-15 23:36:22 --> Session: Class initialized using 'CodeIgniter\Session\Handlers\FileHandler' driver.
WARNING - 2023-05-15 23:36:22 --> Session: Sessions is enabled, and one exists.Please don't $session->start();
INFO - 2023-05-15 23:38:13 --> Session: Class initialized using 'CodeIgniter\Session\Handlers\FileHandler' driver.
WARNING - 2023-05-15 23:38:13 --> Session: Sessions is enabled, and one exists.Please don't $session->start();
INFO - 2023-05-15 23:40:04 --> Session: Class initialized using 'CodeIgniter\Session\Handlers\FileHandler' driver.
WARNING - 2023-05-15 23:40:04 --> Session: Sessions is enabled, and one exists.Please don't $session->start();
INFO - 2023-05-15 23:40:26 --> Session: Class initialized using 'CodeIgniter\Session\Handlers\FileHandler' driver.
WARNING - 2023-05-15 23:40:26 --> Session: Sessions is enabled, and one exists.Please don't $session->start();
INFO - 2023-05-15 23:41:40 --> Session: Class initialized using 'CodeIgniter\Session\Handlers\FileHandler' driver.
WARNING - 2023-05-15 23:41:40 --> Session: Sessions is enabled, and one exists.Please don't $session->start();
INFO - 2023-05-15 23:42:46 --> Session: Class initialized using 'CodeIgniter\Session\Handlers\FileHandler' driver.
WARNING - 2023-05-15 23:42:46 --> Session: Sessions is enabled, and one exists.Please don't $session->start();
INFO - 2023-05-15 23:42:49 --> Session: Class initialized using 'CodeIgniter\Session\Handlers\FileHandler' driver.
WARNING - 2023-05-15 23:42:49 --> Session: Sessions is enabled, and one exists.Please don't $session->start();
INFO - 2023-05-15 23:43:38 --> Session: Class initialized using 'CodeIgniter\Session\Handlers\FileHandler' driver.
WARNING - 2023-05-15 23:43:38 --> Session: Sessions is enabled, and one exists.Please don't $session->start();
INFO - 2023-05-15 23:44:07 --> Session: Class initialized using 'CodeIgniter\Session\Handlers\FileHandler' driver.
WARNING - 2023-05-15 23:44:07 --> Session: Sessions is enabled, and one exists.Please don't $session->start();
INFO - 2023-05-15 23:44:47 --> Session: Class initialized using 'CodeIgniter\Session\Handlers\FileHandler' driver.
WARNING - 2023-05-15 23:44:47 --> Session: Sessions is enabled, and one exists.Please don't $session->start();
INFO - 2023-05-15 23:44:57 --> Session: Class initialized using 'CodeIgniter\Session\Handlers\FileHandler' driver.
WARNING - 2023-05-15 23:44:57 --> Session: Sessions is enabled, and one exists.Please don't $session->start();
INFO - 2023-05-15 23:45:23 --> Session: Class initialized using 'CodeIgniter\Session\Handlers\FileHandler' driver.
WARNING - 2023-05-15 23:45:23 --> Session: Sessions is enabled, and one exists.Please don't $session->start();
INFO - 2023-05-15 23:45:26 --> Session: Class initialized using 'CodeIgniter\Session\Handlers\FileHandler' driver.
WARNING - 2023-05-15 23:45:26 --> Session: Sessions is enabled, and one exists.Please don't $session->start();
INFO - 2023-05-15 23:45:34 --> Session: Class initialized using 'CodeIgniter\Session\Handlers\FileHandler' driver.
WARNING - 2023-05-15 23:45:34 --> Session: Sessions is enabled, and one exists.Please don't $session->start();
INFO - 2023-05-15 23:46:08 --> Session: Class initialized using 'CodeIgniter\Session\Handlers\FileHandler' driver.
WARNING - 2023-05-15 23:46:08 --> Session: Sessions is enabled, and one exists.Please don't $session->start();
INFO - 2023-05-15 23:47:54 --> Session: Class initialized using 'CodeIgniter\Session\Handlers\FileHandler' driver.
WARNING - 2023-05-15 23:47:54 --> Session: Sessions is enabled, and one exists.Please don't $session->start();
INFO - 2023-05-15 23:47:58 --> Session: Class initialized using 'CodeIgniter\Session\Handlers\FileHandler' driver.
WARNING - 2023-05-15 23:47:58 --> Session: Sessions is enabled, and one exists.Please don't $session->start();
INFO - 2023-05-15 23:48:12 --> Session: Class initialized using 'CodeIgniter\Session\Handlers\FileHandler' driver.
WARNING - 2023-05-15 23:48:12 --> Session: Sessions is enabled, and one exists.Please don't $session->start();
INFO - 2023-05-15 23:48:49 --> Session: Class initialized using 'CodeIgniter\Session\Handlers\FileHandler' driver.
WARNING - 2023-05-15 23:48:49 --> Session: Sessions is enabled, and one exists.Please don't $session->start();
INFO - 2023-05-15 23:49:00 --> Session: Class initialized using 'CodeIgniter\Session\Handlers\FileHandler' driver.
WARNING - 2023-05-15 23:49:00 --> Session: Sessions is enabled, and one exists.Please don't $session->start();
INFO - 2023-05-15 23:49:15 --> Session: Class initialized using 'CodeIgniter\Session\Handlers\FileHandler' driver.
WARNING - 2023-05-15 23:49:15 --> Session: Sessions is enabled, and one exists.Please don't $session->start();
INFO - 2023-05-15 23:49:47 --> Session: Class initialized using 'CodeIgniter\Session\Handlers\FileHandler' driver.
WARNING - 2023-05-15 23:49:47 --> Session: Sessions is enabled, and one exists.Please don't $session->start();
INFO - 2023-05-15 23:49:59 --> Session: Class initialized using 'CodeIgniter\Session\Handlers\FileHandler' driver.
WARNING - 2023-05-15 23:49:59 --> Session: Sessions is enabled, and one exists.Please don't $session->start();
INFO - 2023-05-15 23:50:43 --> Session: Class initialized using 'CodeIgniter\Session\Handlers\FileHandler' driver.
WARNING - 2023-05-15 23:50:43 --> Session: Sessions is enabled, and one exists.Please don't $session->start();
INFO - 2023-05-15 23:52:41 --> Session: Class initialized using 'CodeIgniter\Session\Handlers\FileHandler' driver.
WARNING - 2023-05-15 23:52:41 --> Session: Sessions is enabled, and one exists.Please don't $session->start();
INFO - 2023-05-15 23:53:13 --> Session: Class initialized using 'CodeIgniter\Session\Handlers\FileHandler' driver.
WARNING - 2023-05-15 23:53:13 --> Session: Sessions is enabled, and one exists.Please don't $session->start();
INFO - 2023-05-15 23:53:16 --> Session: Class initialized using 'CodeIgniter\Session\Handlers\FileHandler' driver.
WARNING - 2023-05-15 23:53:16 --> Session: Sessions is enabled, and one exists.Please don't $session->start();
INFO - 2023-05-15 23:53:34 --> Session: Class initialized using 'CodeIgniter\Session\Handlers\FileHandler' driver.
WARNING - 2023-05-15 23:53:34 --> Session: Sessions is enabled, and one exists.Please don't $session->start();
INFO - 2023-05-15 23:55:36 --> Session: Class initialized using 'CodeIgniter\Session\Handlers\FileHandler' driver.
WARNING - 2023-05-15 23:55:36 --> Session: Sessions is enabled, and one exists.Please don't $session->start();
INFO - 2023-05-15 23:55:47 --> Session: Class initialized using 'CodeIgniter\Session\Handlers\FileHandler' driver.
WARNING - 2023-05-15 23:55:47 --> Session: Sessions is enabled, and one exists.Please don't $session->start();
INFO - 2023-05-15 23:57:17 --> Session: Class initialized using 'CodeIgniter\Session\Handlers\FileHandler' driver.
WARNING - 2023-05-15 23:57:17 --> Session: Sessions is enabled, and one exists.Please don't $session->start();
INFO - 2023-05-15 23:58:03 --> Session: Class initialized using 'CodeIgniter\Session\Handlers\FileHandler' driver.
WARNING - 2023-05-15 23:58:03 --> Session: Sessions is enabled, and one exists.Please don't $session->start();
INFO - 2023-05-15 23:58:11 --> Session: Class initialized using 'CodeIgniter\Session\Handlers\FileHandler' driver.
WARNING - 2023-05-15 23:58:11 --> Session: Sessions is enabled, and one exists.Please don't $session->start();
INFO - 2023-05-15 23:58:22 --> Session: Class initialized using 'CodeIgniter\Session\Handlers\FileHandler' driver.
WARNING - 2023-05-15 23:58:22 --> Session: Sessions is enabled, and one exists.Please don't $session->start();
