INFO - 2023-04-21 08:54:17 --> Session: Class initialized using 'CodeIgniter\Session\Handlers\FileHandler' driver.
WARNING - 2023-04-21 08:54:17 --> Session: Sessions is enabled, and one exists.Please don't $session->start();
INFO - 2023-04-21 08:54:17 --> Session: Class initialized using 'CodeIgniter\Session\Handlers\FileHandler' driver.
WARNING - 2023-04-21 08:54:17 --> Session: Sessions is enabled, and one exists.Please don't $session->start();
INFO - 2023-04-21 08:54:19 --> Session: Class initialized using 'CodeIgniter\Session\Handlers\FileHandler' driver.
WARNING - 2023-04-21 08:54:19 --> Session: Sessions is enabled, and one exists.Please don't $session->start();
CRITICAL - 2023-04-21 15:54:21 --> 7 : Failed to connect to localhost port 1111 after 2239 ms: Connection refused
in SYSTEMPATH\HTTP\CURLRequest.php on line 666.
 1 SYSTEMPATH\HTTP\CURLRequest.php(666): CodeIgniter\HTTP\Exceptions\HTTPException::forCurlError('7', 'Failed to connect to localhost port 1111 after 2239 ms: Connection refused')
 2 SYSTEMPATH\HTTP\CURLRequest.php(372): CodeIgniter\HTTP\CURLRequest->sendRequest([...])
 3 SYSTEMPATH\HTTP\CURLRequest.php(134): CodeIgniter\HTTP\CURLRequest->send('POST', 'http://localhost:1111/auth/loginapps')
 4 APPPATH\Controllers\Auth.php(20): CodeIgniter\HTTP\CURLRequest->request('POST', 'http://localhost:1111/auth/loginapps', [...])
 5 SYSTEMPATH\CodeIgniter.php(934): App\Controllers\Auth->ajax_login()
 6 SYSTEMPATH\CodeIgniter.php(499): CodeIgniter\CodeIgniter->runController(Object(App\Controllers\Auth))
 7 SYSTEMPATH\CodeIgniter.php(368): CodeIgniter\CodeIgniter->handleRequest(null, Object(Config\Cache), false)
 8 FCPATH\index.php(67): CodeIgniter\CodeIgniter->run()
INFO - 2023-04-21 08:54:23 --> Session: Class initialized using 'CodeIgniter\Session\Handlers\FileHandler' driver.
WARNING - 2023-04-21 08:54:23 --> Session: Sessions is enabled, and one exists.Please don't $session->start();
CRITICAL - 2023-04-21 15:54:25 --> 7 : Failed to connect to localhost port 1111 after 2248 ms: Connection refused
in SYSTEMPATH\HTTP\CURLRequest.php on line 666.
 1 SYSTEMPATH\HTTP\CURLRequest.php(666): CodeIgniter\HTTP\Exceptions\HTTPException::forCurlError('7', 'Failed to connect to localhost port 1111 after 2248 ms: Connection refused')
 2 SYSTEMPATH\HTTP\CURLRequest.php(372): CodeIgniter\HTTP\CURLRequest->sendRequest([...])
 3 SYSTEMPATH\HTTP\CURLRequest.php(134): CodeIgniter\HTTP\CURLRequest->send('POST', 'http://localhost:1111/auth/loginapps')
 4 APPPATH\Controllers\Auth.php(20): CodeIgniter\HTTP\CURLRequest->request('POST', 'http://localhost:1111/auth/loginapps', [...])
 5 SYSTEMPATH\CodeIgniter.php(934): App\Controllers\Auth->ajax_login()
 6 SYSTEMPATH\CodeIgniter.php(499): CodeIgniter\CodeIgniter->runController(Object(App\Controllers\Auth))
 7 SYSTEMPATH\CodeIgniter.php(368): CodeIgniter\CodeIgniter->handleRequest(null, Object(Config\Cache), false)
 8 FCPATH\index.php(67): CodeIgniter\CodeIgniter->run()
INFO - 2023-04-21 08:54:29 --> Session: Class initialized using 'CodeIgniter\Session\Handlers\FileHandler' driver.
WARNING - 2023-04-21 08:54:29 --> Session: Sessions is enabled, and one exists.Please don't $session->start();
CRITICAL - 2023-04-21 15:54:32 --> 7 : Failed to connect to localhost port 1111 after 2241 ms: Connection refused
in SYSTEMPATH\HTTP\CURLRequest.php on line 666.
 1 SYSTEMPATH\HTTP\CURLRequest.php(666): CodeIgniter\HTTP\Exceptions\HTTPException::forCurlError('7', 'Failed to connect to localhost port 1111 after 2241 ms: Connection refused')
 2 SYSTEMPATH\HTTP\CURLRequest.php(372): CodeIgniter\HTTP\CURLRequest->sendRequest([...])
 3 SYSTEMPATH\HTTP\CURLRequest.php(134): CodeIgniter\HTTP\CURLRequest->send('POST', 'http://localhost:1111/auth/loginapps')
 4 APPPATH\Controllers\Auth.php(20): CodeIgniter\HTTP\CURLRequest->request('POST', 'http://localhost:1111/auth/loginapps', [...])
 5 SYSTEMPATH\CodeIgniter.php(934): App\Controllers\Auth->ajax_login()
 6 SYSTEMPATH\CodeIgniter.php(499): CodeIgniter\CodeIgniter->runController(Object(App\Controllers\Auth))
 7 SYSTEMPATH\CodeIgniter.php(368): CodeIgniter\CodeIgniter->handleRequest(null, Object(Config\Cache), false)
 8 FCPATH\index.php(67): CodeIgniter\CodeIgniter->run()
INFO - 2023-04-21 08:55:33 --> Session: Class initialized using 'CodeIgniter\Session\Handlers\FileHandler' driver.
WARNING - 2023-04-21 08:55:33 --> Session: Sessions is enabled, and one exists.Please don't $session->start();
INFO - 2023-04-21 08:55:33 --> Session: Class initialized using 'CodeIgniter\Session\Handlers\FileHandler' driver.
WARNING - 2023-04-21 08:55:33 --> Session: Sessions is enabled, and one exists.Please don't $session->start();
WARNING - 2023-04-21 15:55:33 --> [DEPRECATED] Creation of dynamic property App\Controllers\Home::$breadcrumb is deprecated in APPPATH\Controllers\Home.php on line 19.
 1 SYSTEMPATH\CodeIgniter.php(934): App\Controllers\Home->index()
 2 SYSTEMPATH\CodeIgniter.php(499): CodeIgniter\CodeIgniter->runController(Object(App\Controllers\Home))
 3 SYSTEMPATH\CodeIgniter.php(368): CodeIgniter\CodeIgniter->handleRequest(null, Object(Config\Cache), false)
 4 FCPATH\index.php(67): CodeIgniter\CodeIgniter->run()
INFO - 2023-04-21 08:55:36 --> Session: Class initialized using 'CodeIgniter\Session\Handlers\FileHandler' driver.
WARNING - 2023-04-21 08:55:36 --> Session: Sessions is enabled, and one exists.Please don't $session->start();
INFO - 2023-04-21 08:55:37 --> Session: Class initialized using 'CodeIgniter\Session\Handlers\FileHandler' driver.
WARNING - 2023-04-21 08:55:37 --> Session: Sessions is enabled, and one exists.Please don't $session->start();
INFO - 2023-04-21 08:55:37 --> Session: Class initialized using 'CodeIgniter\Session\Handlers\FileHandler' driver.
WARNING - 2023-04-21 08:55:37 --> Session: Sessions is enabled, and one exists.Please don't $session->start();
INFO - 2023-04-21 08:55:42 --> Session: Class initialized using 'CodeIgniter\Session\Handlers\FileHandler' driver.
WARNING - 2023-04-21 08:55:42 --> Session: Sessions is enabled, and one exists.Please don't $session->start();
WARNING - 2023-04-21 08:55:56 --> [DEPRECATED] Creation of dynamic property App\Controllers\Penyesuaian::$penyesuaianModel is deprecated in APPPATH\Controllers\Penyesuaian.php on line 13.
 1 SYSTEMPATH\CodeIgniter.php(906): App\Controllers\Penyesuaian->__construct()
 2 SYSTEMPATH\CodeIgniter.php(490): CodeIgniter\CodeIgniter->createController()
 3 SYSTEMPATH\CodeIgniter.php(368): CodeIgniter\CodeIgniter->handleRequest(null, Object(Config\Cache), false)
 4 FCPATH\index.php(67): CodeIgniter\CodeIgniter->run()
INFO - 2023-04-21 08:55:56 --> Session: Class initialized using 'CodeIgniter\Session\Handlers\FileHandler' driver.
WARNING - 2023-04-21 08:55:56 --> Session: Sessions is enabled, and one exists.Please don't $session->start();
INFO - 2023-04-21 08:55:57 --> Session: Class initialized using 'CodeIgniter\Session\Handlers\FileHandler' driver.
WARNING - 2023-04-21 08:55:57 --> Session: Sessions is enabled, and one exists.Please don't $session->start();
WARNING - 2023-04-21 08:55:57 --> [DEPRECATED] Creation of dynamic property App\Controllers\Penyesuaian::$penyesuaianModel is deprecated in APPPATH\Controllers\Penyesuaian.php on line 13.
 1 SYSTEMPATH\CodeIgniter.php(906): App\Controllers\Penyesuaian->__construct()
 2 SYSTEMPATH\CodeIgniter.php(490): CodeIgniter\CodeIgniter->createController()
 3 SYSTEMPATH\CodeIgniter.php(368): CodeIgniter\CodeIgniter->handleRequest(null, Object(Config\Cache), false)
 4 FCPATH\index.php(67): CodeIgniter\CodeIgniter->run()
INFO - 2023-04-21 08:55:57 --> Session: Class initialized using 'CodeIgniter\Session\Handlers\FileHandler' driver.
WARNING - 2023-04-21 08:55:57 --> Session: Sessions is enabled, and one exists.Please don't $session->start();
INFO - 2023-04-21 08:55:57 --> Session: Class initialized using 'CodeIgniter\Session\Handlers\FileHandler' driver.
WARNING - 2023-04-21 08:55:57 --> Session: Sessions is enabled, and one exists.Please don't $session->start();
INFO - 2023-04-21 08:55:58 --> Session: Class initialized using 'CodeIgniter\Session\Handlers\FileHandler' driver.
WARNING - 2023-04-21 08:55:58 --> Session: Sessions is enabled, and one exists.Please don't $session->start();
INFO - 2023-04-21 08:55:59 --> Session: Class initialized using 'CodeIgniter\Session\Handlers\FileHandler' driver.
WARNING - 2023-04-21 08:55:59 --> Session: Sessions is enabled, and one exists.Please don't $session->start();
INFO - 2023-04-21 08:55:59 --> Session: Class initialized using 'CodeIgniter\Session\Handlers\FileHandler' driver.
WARNING - 2023-04-21 08:55:59 --> Session: Sessions is enabled, and one exists.Please don't $session->start();
INFO - 2023-04-21 08:56:05 --> Session: Class initialized using 'CodeIgniter\Session\Handlers\FileHandler' driver.
WARNING - 2023-04-21 08:56:05 --> Session: Sessions is enabled, and one exists.Please don't $session->start();
INFO - 2023-04-21 08:56:41 --> Session: Class initialized using 'CodeIgniter\Session\Handlers\FileHandler' driver.
WARNING - 2023-04-21 08:56:41 --> Session: Sessions is enabled, and one exists.Please don't $session->start();
INFO - 2023-04-21 08:56:41 --> Session: Class initialized using 'CodeIgniter\Session\Handlers\FileHandler' driver.
WARNING - 2023-04-21 08:56:41 --> Session: Sessions is enabled, and one exists.Please don't $session->start();
INFO - 2023-04-21 08:56:41 --> Session: Class initialized using 'CodeIgniter\Session\Handlers\FileHandler' driver.
WARNING - 2023-04-21 08:56:41 --> Session: Sessions is enabled, and one exists.Please don't $session->start();
INFO - 2023-04-21 08:56:58 --> Session: Class initialized using 'CodeIgniter\Session\Handlers\FileHandler' driver.
WARNING - 2023-04-21 08:56:58 --> Session: Sessions is enabled, and one exists.Please don't $session->start();
INFO - 2023-04-21 08:56:59 --> Session: Class initialized using 'CodeIgniter\Session\Handlers\FileHandler' driver.
WARNING - 2023-04-21 08:56:59 --> Session: Sessions is enabled, and one exists.Please don't $session->start();
INFO - 2023-04-21 08:56:59 --> Session: Class initialized using 'CodeIgniter\Session\Handlers\FileHandler' driver.
WARNING - 2023-04-21 08:56:59 --> Session: Sessions is enabled, and one exists.Please don't $session->start();
INFO - 2023-04-21 08:57:10 --> Session: Class initialized using 'CodeIgniter\Session\Handlers\FileHandler' driver.
WARNING - 2023-04-21 08:57:10 --> Session: Sessions is enabled, and one exists.Please don't $session->start();
INFO - 2023-04-21 08:57:11 --> Session: Class initialized using 'CodeIgniter\Session\Handlers\FileHandler' driver.
WARNING - 2023-04-21 08:57:11 --> Session: Sessions is enabled, and one exists.Please don't $session->start();
INFO - 2023-04-21 08:57:11 --> Session: Class initialized using 'CodeIgniter\Session\Handlers\FileHandler' driver.
WARNING - 2023-04-21 08:57:11 --> Session: Sessions is enabled, and one exists.Please don't $session->start();
INFO - 2023-04-21 08:57:21 --> Session: Class initialized using 'CodeIgniter\Session\Handlers\FileHandler' driver.
WARNING - 2023-04-21 08:57:21 --> Session: Sessions is enabled, and one exists.Please don't $session->start();
INFO - 2023-04-21 08:57:21 --> Session: Class initialized using 'CodeIgniter\Session\Handlers\FileHandler' driver.
WARNING - 2023-04-21 08:57:21 --> Session: Sessions is enabled, and one exists.Please don't $session->start();
INFO - 2023-04-21 08:57:21 --> Session: Class initialized using 'CodeIgniter\Session\Handlers\FileHandler' driver.
WARNING - 2023-04-21 08:57:21 --> Session: Sessions is enabled, and one exists.Please don't $session->start();
INFO - 2023-04-21 08:57:39 --> Session: Class initialized using 'CodeIgniter\Session\Handlers\FileHandler' driver.
WARNING - 2023-04-21 08:57:39 --> Session: Sessions is enabled, and one exists.Please don't $session->start();
INFO - 2023-04-21 08:57:39 --> Session: Class initialized using 'CodeIgniter\Session\Handlers\FileHandler' driver.
WARNING - 2023-04-21 08:57:39 --> Session: Sessions is enabled, and one exists.Please don't $session->start();
INFO - 2023-04-21 08:57:39 --> Session: Class initialized using 'CodeIgniter\Session\Handlers\FileHandler' driver.
WARNING - 2023-04-21 08:57:39 --> Session: Sessions is enabled, and one exists.Please don't $session->start();
INFO - 2023-04-21 08:58:17 --> Session: Class initialized using 'CodeIgniter\Session\Handlers\FileHandler' driver.
WARNING - 2023-04-21 08:58:17 --> Session: Sessions is enabled, and one exists.Please don't $session->start();
INFO - 2023-04-21 08:58:17 --> Session: Class initialized using 'CodeIgniter\Session\Handlers\FileHandler' driver.
WARNING - 2023-04-21 08:58:17 --> Session: Sessions is enabled, and one exists.Please don't $session->start();
INFO - 2023-04-21 08:58:17 --> Session: Class initialized using 'CodeIgniter\Session\Handlers\FileHandler' driver.
WARNING - 2023-04-21 08:58:17 --> Session: Sessions is enabled, and one exists.Please don't $session->start();
INFO - 2023-04-21 09:10:02 --> Session: Class initialized using 'CodeIgniter\Session\Handlers\FileHandler' driver.
WARNING - 2023-04-21 09:10:02 --> Session: Sessions is enabled, and one exists.Please don't $session->start();
INFO - 2023-04-21 09:10:28 --> Session: Class initialized using 'CodeIgniter\Session\Handlers\FileHandler' driver.
WARNING - 2023-04-21 09:10:28 --> Session: Sessions is enabled, and one exists.Please don't $session->start();
INFO - 2023-04-21 09:10:29 --> Session: Class initialized using 'CodeIgniter\Session\Handlers\FileHandler' driver.
WARNING - 2023-04-21 09:10:29 --> Session: Sessions is enabled, and one exists.Please don't $session->start();
INFO - 2023-04-21 09:10:29 --> Session: Class initialized using 'CodeIgniter\Session\Handlers\FileHandler' driver.
WARNING - 2023-04-21 09:10:29 --> Session: Sessions is enabled, and one exists.Please don't $session->start();
INFO - 2023-04-21 09:10:31 --> Session: Class initialized using 'CodeIgniter\Session\Handlers\FileHandler' driver.
WARNING - 2023-04-21 09:10:31 --> Session: Sessions is enabled, and one exists.Please don't $session->start();
INFO - 2023-04-21 09:12:47 --> Session: Class initialized using 'CodeIgniter\Session\Handlers\FileHandler' driver.
WARNING - 2023-04-21 09:12:47 --> Session: Sessions is enabled, and one exists.Please don't $session->start();
INFO - 2023-04-21 09:12:55 --> Session: Class initialized using 'CodeIgniter\Session\Handlers\FileHandler' driver.
WARNING - 2023-04-21 09:12:55 --> Session: Sessions is enabled, and one exists.Please don't $session->start();
INFO - 2023-04-21 09:21:58 --> Session: Class initialized using 'CodeIgniter\Session\Handlers\FileHandler' driver.
WARNING - 2023-04-21 09:21:58 --> Session: Sessions is enabled, and one exists.Please don't $session->start();
INFO - 2023-04-21 09:21:59 --> Session: Class initialized using 'CodeIgniter\Session\Handlers\FileHandler' driver.
WARNING - 2023-04-21 09:21:59 --> Session: Sessions is enabled, and one exists.Please don't $session->start();
INFO - 2023-04-21 09:21:59 --> Session: Class initialized using 'CodeIgniter\Session\Handlers\FileHandler' driver.
WARNING - 2023-04-21 09:21:59 --> Session: Sessions is enabled, and one exists.Please don't $session->start();
INFO - 2023-04-21 09:22:03 --> Session: Class initialized using 'CodeIgniter\Session\Handlers\FileHandler' driver.
WARNING - 2023-04-21 09:22:03 --> Session: Sessions is enabled, and one exists.Please don't $session->start();
INFO - 2023-04-21 09:22:03 --> Session: Class initialized using 'CodeIgniter\Session\Handlers\FileHandler' driver.
WARNING - 2023-04-21 09:22:03 --> Session: Sessions is enabled, and one exists.Please don't $session->start();
INFO - 2023-04-21 09:22:05 --> Session: Class initialized using 'CodeIgniter\Session\Handlers\FileHandler' driver.
WARNING - 2023-04-21 09:22:05 --> Session: Sessions is enabled, and one exists.Please don't $session->start();
INFO - 2023-04-21 09:22:06 --> Session: Class initialized using 'CodeIgniter\Session\Handlers\FileHandler' driver.
WARNING - 2023-04-21 09:22:06 --> Session: Sessions is enabled, and one exists.Please don't $session->start();
INFO - 2023-04-21 09:22:06 --> Session: Class initialized using 'CodeIgniter\Session\Handlers\FileHandler' driver.
WARNING - 2023-04-21 09:22:06 --> Session: Sessions is enabled, and one exists.Please don't $session->start();
INFO - 2023-04-21 09:22:07 --> Session: Class initialized using 'CodeIgniter\Session\Handlers\FileHandler' driver.
WARNING - 2023-04-21 09:22:07 --> Session: Sessions is enabled, and one exists.Please don't $session->start();
INFO - 2023-04-21 09:22:07 --> Session: Class initialized using 'CodeIgniter\Session\Handlers\FileHandler' driver.
WARNING - 2023-04-21 09:22:07 --> Session: Sessions is enabled, and one exists.Please don't $session->start();
INFO - 2023-04-21 09:22:08 --> Session: Class initialized using 'CodeIgniter\Session\Handlers\FileHandler' driver.
WARNING - 2023-04-21 09:22:08 --> Session: Sessions is enabled, and one exists.Please don't $session->start();
INFO - 2023-04-21 09:22:39 --> Session: Class initialized using 'CodeIgniter\Session\Handlers\FileHandler' driver.
WARNING - 2023-04-21 09:22:39 --> Session: Sessions is enabled, and one exists.Please don't $session->start();
INFO - 2023-04-21 09:22:40 --> Session: Class initialized using 'CodeIgniter\Session\Handlers\FileHandler' driver.
WARNING - 2023-04-21 09:22:40 --> Session: Sessions is enabled, and one exists.Please don't $session->start();
INFO - 2023-04-21 09:22:41 --> Session: Class initialized using 'CodeIgniter\Session\Handlers\FileHandler' driver.
WARNING - 2023-04-21 09:22:41 --> Session: Sessions is enabled, and one exists.Please don't $session->start();
INFO - 2023-04-21 09:22:54 --> Session: Class initialized using 'CodeIgniter\Session\Handlers\FileHandler' driver.
WARNING - 2023-04-21 09:22:54 --> Session: Sessions is enabled, and one exists.Please don't $session->start();
INFO - 2023-04-21 09:22:55 --> Session: Class initialized using 'CodeIgniter\Session\Handlers\FileHandler' driver.
WARNING - 2023-04-21 09:22:55 --> Session: Sessions is enabled, and one exists.Please don't $session->start();
INFO - 2023-04-21 09:22:55 --> Session: Class initialized using 'CodeIgniter\Session\Handlers\FileHandler' driver.
WARNING - 2023-04-21 09:22:55 --> Session: Sessions is enabled, and one exists.Please don't $session->start();
INFO - 2023-04-21 09:24:42 --> Session: Class initialized using 'CodeIgniter\Session\Handlers\FileHandler' driver.
WARNING - 2023-04-21 09:24:42 --> Session: Sessions is enabled, and one exists.Please don't $session->start();
INFO - 2023-04-21 09:24:43 --> Session: Class initialized using 'CodeIgniter\Session\Handlers\FileHandler' driver.
WARNING - 2023-04-21 09:24:43 --> Session: Sessions is enabled, and one exists.Please don't $session->start();
INFO - 2023-04-21 09:24:43 --> Session: Class initialized using 'CodeIgniter\Session\Handlers\FileHandler' driver.
WARNING - 2023-04-21 09:24:43 --> Session: Sessions is enabled, and one exists.Please don't $session->start();
INFO - 2023-04-21 09:25:00 --> Session: Class initialized using 'CodeIgniter\Session\Handlers\FileHandler' driver.
WARNING - 2023-04-21 09:25:00 --> Session: Sessions is enabled, and one exists.Please don't $session->start();
INFO - 2023-04-21 09:25:00 --> Session: Class initialized using 'CodeIgniter\Session\Handlers\FileHandler' driver.
WARNING - 2023-04-21 09:25:00 --> Session: Sessions is enabled, and one exists.Please don't $session->start();
INFO - 2023-04-21 09:25:01 --> Session: Class initialized using 'CodeIgniter\Session\Handlers\FileHandler' driver.
WARNING - 2023-04-21 09:25:01 --> Session: Sessions is enabled, and one exists.Please don't $session->start();
INFO - 2023-04-21 09:25:41 --> Session: Class initialized using 'CodeIgniter\Session\Handlers\FileHandler' driver.
WARNING - 2023-04-21 09:25:41 --> Session: Sessions is enabled, and one exists.Please don't $session->start();
INFO - 2023-04-21 09:25:41 --> Session: Class initialized using 'CodeIgniter\Session\Handlers\FileHandler' driver.
WARNING - 2023-04-21 09:25:41 --> Session: Sessions is enabled, and one exists.Please don't $session->start();
INFO - 2023-04-21 09:25:42 --> Session: Class initialized using 'CodeIgniter\Session\Handlers\FileHandler' driver.
WARNING - 2023-04-21 09:25:42 --> Session: Sessions is enabled, and one exists.Please don't $session->start();
INFO - 2023-04-21 09:25:42 --> Session: Class initialized using 'CodeIgniter\Session\Handlers\FileHandler' driver.
WARNING - 2023-04-21 09:25:42 --> Session: Sessions is enabled, and one exists.Please don't $session->start();
INFO - 2023-04-21 09:25:42 --> Session: Class initialized using 'CodeIgniter\Session\Handlers\FileHandler' driver.
WARNING - 2023-04-21 09:25:42 --> Session: Sessions is enabled, and one exists.Please don't $session->start();
INFO - 2023-04-21 09:25:43 --> Session: Class initialized using 'CodeIgniter\Session\Handlers\FileHandler' driver.
WARNING - 2023-04-21 09:25:43 --> Session: Sessions is enabled, and one exists.Please don't $session->start();
INFO - 2023-04-21 09:25:44 --> Session: Class initialized using 'CodeIgniter\Session\Handlers\FileHandler' driver.
WARNING - 2023-04-21 09:25:44 --> Session: Sessions is enabled, and one exists.Please don't $session->start();
INFO - 2023-04-21 09:25:44 --> Session: Class initialized using 'CodeIgniter\Session\Handlers\FileHandler' driver.
WARNING - 2023-04-21 09:25:44 --> Session: Sessions is enabled, and one exists.Please don't $session->start();
INFO - 2023-04-21 09:25:58 --> Session: Class initialized using 'CodeIgniter\Session\Handlers\FileHandler' driver.
WARNING - 2023-04-21 09:25:58 --> Session: Sessions is enabled, and one exists.Please don't $session->start();
INFO - 2023-04-21 09:25:59 --> Session: Class initialized using 'CodeIgniter\Session\Handlers\FileHandler' driver.
WARNING - 2023-04-21 09:25:59 --> Session: Sessions is enabled, and one exists.Please don't $session->start();
INFO - 2023-04-21 09:25:59 --> Session: Class initialized using 'CodeIgniter\Session\Handlers\FileHandler' driver.
WARNING - 2023-04-21 09:25:59 --> Session: Sessions is enabled, and one exists.Please don't $session->start();
INFO - 2023-04-21 09:26:18 --> Session: Class initialized using 'CodeIgniter\Session\Handlers\FileHandler' driver.
WARNING - 2023-04-21 09:26:18 --> Session: Sessions is enabled, and one exists.Please don't $session->start();
INFO - 2023-04-21 09:26:19 --> Session: Class initialized using 'CodeIgniter\Session\Handlers\FileHandler' driver.
WARNING - 2023-04-21 09:26:19 --> Session: Sessions is enabled, and one exists.Please don't $session->start();
INFO - 2023-04-21 09:26:20 --> Session: Class initialized using 'CodeIgniter\Session\Handlers\FileHandler' driver.
WARNING - 2023-04-21 09:26:20 --> Session: Sessions is enabled, and one exists.Please don't $session->start();
INFO - 2023-04-21 09:28:33 --> Session: Class initialized using 'CodeIgniter\Session\Handlers\FileHandler' driver.
WARNING - 2023-04-21 09:28:33 --> Session: Sessions is enabled, and one exists.Please don't $session->start();
INFO - 2023-04-21 09:28:34 --> Session: Class initialized using 'CodeIgniter\Session\Handlers\FileHandler' driver.
WARNING - 2023-04-21 09:28:34 --> Session: Sessions is enabled, and one exists.Please don't $session->start();
INFO - 2023-04-21 09:28:34 --> Session: Class initialized using 'CodeIgniter\Session\Handlers\FileHandler' driver.
WARNING - 2023-04-21 09:28:34 --> Session: Sessions is enabled, and one exists.Please don't $session->start();
INFO - 2023-04-21 09:29:24 --> Session: Class initialized using 'CodeIgniter\Session\Handlers\FileHandler' driver.
WARNING - 2023-04-21 09:29:24 --> Session: Sessions is enabled, and one exists.Please don't $session->start();
INFO - 2023-04-21 09:29:25 --> Session: Class initialized using 'CodeIgniter\Session\Handlers\FileHandler' driver.
WARNING - 2023-04-21 09:29:25 --> Session: Sessions is enabled, and one exists.Please don't $session->start();
INFO - 2023-04-21 09:29:25 --> Session: Class initialized using 'CodeIgniter\Session\Handlers\FileHandler' driver.
WARNING - 2023-04-21 09:29:25 --> Session: Sessions is enabled, and one exists.Please don't $session->start();
INFO - 2023-04-21 09:34:58 --> Session: Class initialized using 'CodeIgniter\Session\Handlers\FileHandler' driver.
WARNING - 2023-04-21 09:34:58 --> Session: Sessions is enabled, and one exists.Please don't $session->start();
INFO - 2023-04-21 09:34:59 --> Session: Class initialized using 'CodeIgniter\Session\Handlers\FileHandler' driver.
WARNING - 2023-04-21 09:34:59 --> Session: Sessions is enabled, and one exists.Please don't $session->start();
INFO - 2023-04-21 09:34:59 --> Session: Class initialized using 'CodeIgniter\Session\Handlers\FileHandler' driver.
WARNING - 2023-04-21 09:34:59 --> Session: Sessions is enabled, and one exists.Please don't $session->start();
INFO - 2023-04-21 09:36:20 --> Session: Class initialized using 'CodeIgniter\Session\Handlers\FileHandler' driver.
WARNING - 2023-04-21 09:36:20 --> Session: Sessions is enabled, and one exists.Please don't $session->start();
INFO - 2023-04-21 09:36:20 --> Session: Class initialized using 'CodeIgniter\Session\Handlers\FileHandler' driver.
WARNING - 2023-04-21 09:36:20 --> Session: Sessions is enabled, and one exists.Please don't $session->start();
INFO - 2023-04-21 09:36:21 --> Session: Class initialized using 'CodeIgniter\Session\Handlers\FileHandler' driver.
WARNING - 2023-04-21 09:36:21 --> Session: Sessions is enabled, and one exists.Please don't $session->start();
INFO - 2023-04-21 09:36:27 --> Session: Class initialized using 'CodeIgniter\Session\Handlers\FileHandler' driver.
WARNING - 2023-04-21 09:36:27 --> Session: Sessions is enabled, and one exists.Please don't $session->start();
INFO - 2023-04-21 09:36:28 --> Session: Class initialized using 'CodeIgniter\Session\Handlers\FileHandler' driver.
WARNING - 2023-04-21 09:36:28 --> Session: Sessions is enabled, and one exists.Please don't $session->start();
INFO - 2023-04-21 09:36:28 --> Session: Class initialized using 'CodeIgniter\Session\Handlers\FileHandler' driver.
WARNING - 2023-04-21 09:36:28 --> Session: Sessions is enabled, and one exists.Please don't $session->start();
INFO - 2023-04-21 09:37:00 --> Session: Class initialized using 'CodeIgniter\Session\Handlers\FileHandler' driver.
WARNING - 2023-04-21 09:37:00 --> Session: Sessions is enabled, and one exists.Please don't $session->start();
INFO - 2023-04-21 09:37:00 --> Session: Class initialized using 'CodeIgniter\Session\Handlers\FileHandler' driver.
WARNING - 2023-04-21 09:37:00 --> Session: Sessions is enabled, and one exists.Please don't $session->start();
INFO - 2023-04-21 09:37:01 --> Session: Class initialized using 'CodeIgniter\Session\Handlers\FileHandler' driver.
WARNING - 2023-04-21 09:37:01 --> Session: Sessions is enabled, and one exists.Please don't $session->start();
WARNING - 2023-04-21 09:37:04 --> [DEPRECATED] Creation of dynamic property App\Controllers\Penyesuaian::$penyesuaianModel is deprecated in APPPATH\Controllers\Penyesuaian.php on line 13.
 1 SYSTEMPATH\CodeIgniter.php(906): App\Controllers\Penyesuaian->__construct()
 2 SYSTEMPATH\CodeIgniter.php(490): CodeIgniter\CodeIgniter->createController()
 3 SYSTEMPATH\CodeIgniter.php(368): CodeIgniter\CodeIgniter->handleRequest(null, Object(Config\Cache), false)
 4 FCPATH\index.php(67): CodeIgniter\CodeIgniter->run()
INFO - 2023-04-21 09:37:04 --> Session: Class initialized using 'CodeIgniter\Session\Handlers\FileHandler' driver.
WARNING - 2023-04-21 09:37:04 --> Session: Sessions is enabled, and one exists.Please don't $session->start();
INFO - 2023-04-21 09:37:05 --> Session: Class initialized using 'CodeIgniter\Session\Handlers\FileHandler' driver.
WARNING - 2023-04-21 09:37:05 --> Session: Sessions is enabled, and one exists.Please don't $session->start();
WARNING - 2023-04-21 09:37:05 --> [DEPRECATED] Creation of dynamic property App\Controllers\Penyesuaian::$penyesuaianModel is deprecated in APPPATH\Controllers\Penyesuaian.php on line 13.
 1 SYSTEMPATH\CodeIgniter.php(906): App\Controllers\Penyesuaian->__construct()
 2 SYSTEMPATH\CodeIgniter.php(490): CodeIgniter\CodeIgniter->createController()
 3 SYSTEMPATH\CodeIgniter.php(368): CodeIgniter\CodeIgniter->handleRequest(null, Object(Config\Cache), false)
 4 FCPATH\index.php(67): CodeIgniter\CodeIgniter->run()
INFO - 2023-04-21 09:37:05 --> Session: Class initialized using 'CodeIgniter\Session\Handlers\FileHandler' driver.
WARNING - 2023-04-21 09:37:05 --> Session: Sessions is enabled, and one exists.Please don't $session->start();
INFO - 2023-04-21 09:37:05 --> Session: Class initialized using 'CodeIgniter\Session\Handlers\FileHandler' driver.
WARNING - 2023-04-21 09:37:05 --> Session: Sessions is enabled, and one exists.Please don't $session->start();
INFO - 2023-04-21 09:37:06 --> Session: Class initialized using 'CodeIgniter\Session\Handlers\FileHandler' driver.
WARNING - 2023-04-21 09:37:06 --> Session: Sessions is enabled, and one exists.Please don't $session->start();
INFO - 2023-04-21 09:37:07 --> Session: Class initialized using 'CodeIgniter\Session\Handlers\FileHandler' driver.
WARNING - 2023-04-21 09:37:07 --> Session: Sessions is enabled, and one exists.Please don't $session->start();
INFO - 2023-04-21 09:37:07 --> Session: Class initialized using 'CodeIgniter\Session\Handlers\FileHandler' driver.
WARNING - 2023-04-21 09:37:07 --> Session: Sessions is enabled, and one exists.Please don't $session->start();
INFO - 2023-04-21 09:37:29 --> Session: Class initialized using 'CodeIgniter\Session\Handlers\FileHandler' driver.
WARNING - 2023-04-21 09:37:29 --> Session: Sessions is enabled, and one exists.Please don't $session->start();
INFO - 2023-04-21 09:37:29 --> Session: Class initialized using 'CodeIgniter\Session\Handlers\FileHandler' driver.
WARNING - 2023-04-21 09:37:29 --> Session: Sessions is enabled, and one exists.Please don't $session->start();
INFO - 2023-04-21 09:37:30 --> Session: Class initialized using 'CodeIgniter\Session\Handlers\FileHandler' driver.
WARNING - 2023-04-21 09:37:30 --> Session: Sessions is enabled, and one exists.Please don't $session->start();
INFO - 2023-04-21 09:38:12 --> Session: Class initialized using 'CodeIgniter\Session\Handlers\FileHandler' driver.
WARNING - 2023-04-21 09:38:12 --> Session: Sessions is enabled, and one exists.Please don't $session->start();
INFO - 2023-04-21 09:38:13 --> Session: Class initialized using 'CodeIgniter\Session\Handlers\FileHandler' driver.
WARNING - 2023-04-21 09:38:13 --> Session: Sessions is enabled, and one exists.Please don't $session->start();
INFO - 2023-04-21 09:38:13 --> Session: Class initialized using 'CodeIgniter\Session\Handlers\FileHandler' driver.
WARNING - 2023-04-21 09:38:13 --> Session: Sessions is enabled, and one exists.Please don't $session->start();
INFO - 2023-04-21 09:38:47 --> Session: Class initialized using 'CodeIgniter\Session\Handlers\FileHandler' driver.
WARNING - 2023-04-21 09:38:47 --> Session: Sessions is enabled, and one exists.Please don't $session->start();
INFO - 2023-04-21 09:38:48 --> Session: Class initialized using 'CodeIgniter\Session\Handlers\FileHandler' driver.
WARNING - 2023-04-21 09:38:48 --> Session: Sessions is enabled, and one exists.Please don't $session->start();
INFO - 2023-04-21 09:38:48 --> Session: Class initialized using 'CodeIgniter\Session\Handlers\FileHandler' driver.
WARNING - 2023-04-21 09:38:48 --> Session: Sessions is enabled, and one exists.Please don't $session->start();
INFO - 2023-04-21 09:39:35 --> Session: Class initialized using 'CodeIgniter\Session\Handlers\FileHandler' driver.
WARNING - 2023-04-21 09:39:35 --> Session: Sessions is enabled, and one exists.Please don't $session->start();
INFO - 2023-04-21 09:39:36 --> Session: Class initialized using 'CodeIgniter\Session\Handlers\FileHandler' driver.
WARNING - 2023-04-21 09:39:36 --> Session: Sessions is enabled, and one exists.Please don't $session->start();
INFO - 2023-04-21 09:39:36 --> Session: Class initialized using 'CodeIgniter\Session\Handlers\FileHandler' driver.
WARNING - 2023-04-21 09:39:36 --> Session: Sessions is enabled, and one exists.Please don't $session->start();
INFO - 2023-04-21 09:39:43 --> Session: Class initialized using 'CodeIgniter\Session\Handlers\FileHandler' driver.
WARNING - 2023-04-21 09:39:43 --> Session: Sessions is enabled, and one exists.Please don't $session->start();
INFO - 2023-04-21 09:39:44 --> Session: Class initialized using 'CodeIgniter\Session\Handlers\FileHandler' driver.
WARNING - 2023-04-21 09:39:44 --> Session: Sessions is enabled, and one exists.Please don't $session->start();
INFO - 2023-04-21 09:39:44 --> Session: Class initialized using 'CodeIgniter\Session\Handlers\FileHandler' driver.
WARNING - 2023-04-21 09:39:44 --> Session: Sessions is enabled, and one exists.Please don't $session->start();
INFO - 2023-04-21 09:43:04 --> Session: Class initialized using 'CodeIgniter\Session\Handlers\FileHandler' driver.
WARNING - 2023-04-21 09:43:04 --> Session: Sessions is enabled, and one exists.Please don't $session->start();
INFO - 2023-04-21 09:43:05 --> Session: Class initialized using 'CodeIgniter\Session\Handlers\FileHandler' driver.
WARNING - 2023-04-21 09:43:05 --> Session: Sessions is enabled, and one exists.Please don't $session->start();
INFO - 2023-04-21 09:43:05 --> Session: Class initialized using 'CodeIgniter\Session\Handlers\FileHandler' driver.
WARNING - 2023-04-21 09:43:05 --> Session: Sessions is enabled, and one exists.Please don't $session->start();
INFO - 2023-04-21 09:43:46 --> Session: Class initialized using 'CodeIgniter\Session\Handlers\FileHandler' driver.
WARNING - 2023-04-21 09:43:46 --> Session: Sessions is enabled, and one exists.Please don't $session->start();
INFO - 2023-04-21 09:43:47 --> Session: Class initialized using 'CodeIgniter\Session\Handlers\FileHandler' driver.
WARNING - 2023-04-21 09:43:47 --> Session: Sessions is enabled, and one exists.Please don't $session->start();
INFO - 2023-04-21 09:43:47 --> Session: Class initialized using 'CodeIgniter\Session\Handlers\FileHandler' driver.
WARNING - 2023-04-21 09:43:47 --> Session: Sessions is enabled, and one exists.Please don't $session->start();
INFO - 2023-04-21 09:57:05 --> Session: Class initialized using 'CodeIgniter\Session\Handlers\FileHandler' driver.
WARNING - 2023-04-21 09:57:05 --> Session: Sessions is enabled, and one exists.Please don't $session->start();
INFO - 2023-04-21 09:57:06 --> Session: Class initialized using 'CodeIgniter\Session\Handlers\FileHandler' driver.
WARNING - 2023-04-21 09:57:06 --> Session: Sessions is enabled, and one exists.Please don't $session->start();
INFO - 2023-04-21 09:57:06 --> Session: Class initialized using 'CodeIgniter\Session\Handlers\FileHandler' driver.
WARNING - 2023-04-21 09:57:06 --> Session: Sessions is enabled, and one exists.Please don't $session->start();
INFO - 2023-04-21 09:58:16 --> Session: Class initialized using 'CodeIgniter\Session\Handlers\FileHandler' driver.
WARNING - 2023-04-21 09:58:16 --> Session: Sessions is enabled, and one exists.Please don't $session->start();
INFO - 2023-04-21 09:58:17 --> Session: Class initialized using 'CodeIgniter\Session\Handlers\FileHandler' driver.
WARNING - 2023-04-21 09:58:17 --> Session: Sessions is enabled, and one exists.Please don't $session->start();
INFO - 2023-04-21 09:58:17 --> Session: Class initialized using 'CodeIgniter\Session\Handlers\FileHandler' driver.
WARNING - 2023-04-21 09:58:17 --> Session: Sessions is enabled, and one exists.Please don't $session->start();
INFO - 2023-04-21 09:58:35 --> Session: Class initialized using 'CodeIgniter\Session\Handlers\FileHandler' driver.
WARNING - 2023-04-21 09:58:35 --> Session: Sessions is enabled, and one exists.Please don't $session->start();
INFO - 2023-04-21 09:58:36 --> Session: Class initialized using 'CodeIgniter\Session\Handlers\FileHandler' driver.
WARNING - 2023-04-21 09:58:36 --> Session: Sessions is enabled, and one exists.Please don't $session->start();
INFO - 2023-04-21 09:58:36 --> Session: Class initialized using 'CodeIgniter\Session\Handlers\FileHandler' driver.
WARNING - 2023-04-21 09:58:36 --> Session: Sessions is enabled, and one exists.Please don't $session->start();
INFO - 2023-04-21 09:58:53 --> Session: Class initialized using 'CodeIgniter\Session\Handlers\FileHandler' driver.
WARNING - 2023-04-21 09:58:53 --> Session: Sessions is enabled, and one exists.Please don't $session->start();
INFO - 2023-04-21 09:58:54 --> Session: Class initialized using 'CodeIgniter\Session\Handlers\FileHandler' driver.
WARNING - 2023-04-21 09:58:54 --> Session: Sessions is enabled, and one exists.Please don't $session->start();
INFO - 2023-04-21 09:58:54 --> Session: Class initialized using 'CodeIgniter\Session\Handlers\FileHandler' driver.
WARNING - 2023-04-21 09:58:54 --> Session: Sessions is enabled, and one exists.Please don't $session->start();
INFO - 2023-04-21 09:59:11 --> Session: Class initialized using 'CodeIgniter\Session\Handlers\FileHandler' driver.
WARNING - 2023-04-21 09:59:11 --> Session: Sessions is enabled, and one exists.Please don't $session->start();
INFO - 2023-04-21 09:59:11 --> Session: Class initialized using 'CodeIgniter\Session\Handlers\FileHandler' driver.
WARNING - 2023-04-21 09:59:11 --> Session: Sessions is enabled, and one exists.Please don't $session->start();
INFO - 2023-04-21 09:59:12 --> Session: Class initialized using 'CodeIgniter\Session\Handlers\FileHandler' driver.
WARNING - 2023-04-21 09:59:12 --> Session: Sessions is enabled, and one exists.Please don't $session->start();
INFO - 2023-04-21 09:59:20 --> Session: Class initialized using 'CodeIgniter\Session\Handlers\FileHandler' driver.
WARNING - 2023-04-21 09:59:20 --> Session: Sessions is enabled, and one exists.Please don't $session->start();
INFO - 2023-04-21 09:59:21 --> Session: Class initialized using 'CodeIgniter\Session\Handlers\FileHandler' driver.
WARNING - 2023-04-21 09:59:21 --> Session: Sessions is enabled, and one exists.Please don't $session->start();
INFO - 2023-04-21 09:59:21 --> Session: Class initialized using 'CodeIgniter\Session\Handlers\FileHandler' driver.
WARNING - 2023-04-21 09:59:21 --> Session: Sessions is enabled, and one exists.Please don't $session->start();
INFO - 2023-04-21 10:00:04 --> Session: Class initialized using 'CodeIgniter\Session\Handlers\FileHandler' driver.
WARNING - 2023-04-21 10:00:04 --> Session: Sessions is enabled, and one exists.Please don't $session->start();
INFO - 2023-04-21 10:00:05 --> Session: Class initialized using 'CodeIgniter\Session\Handlers\FileHandler' driver.
WARNING - 2023-04-21 10:00:05 --> Session: Sessions is enabled, and one exists.Please don't $session->start();
INFO - 2023-04-21 10:00:05 --> Session: Class initialized using 'CodeIgniter\Session\Handlers\FileHandler' driver.
WARNING - 2023-04-21 10:00:05 --> Session: Sessions is enabled, and one exists.Please don't $session->start();
INFO - 2023-04-21 10:00:20 --> Session: Class initialized using 'CodeIgniter\Session\Handlers\FileHandler' driver.
WARNING - 2023-04-21 10:00:20 --> Session: Sessions is enabled, and one exists.Please don't $session->start();
INFO - 2023-04-21 10:00:20 --> Session: Class initialized using 'CodeIgniter\Session\Handlers\FileHandler' driver.
WARNING - 2023-04-21 10:00:20 --> Session: Sessions is enabled, and one exists.Please don't $session->start();
INFO - 2023-04-21 10:00:20 --> Session: Class initialized using 'CodeIgniter\Session\Handlers\FileHandler' driver.
WARNING - 2023-04-21 10:00:20 --> Session: Sessions is enabled, and one exists.Please don't $session->start();
INFO - 2023-04-21 10:02:07 --> Session: Class initialized using 'CodeIgniter\Session\Handlers\FileHandler' driver.
WARNING - 2023-04-21 10:02:07 --> Session: Sessions is enabled, and one exists.Please don't $session->start();
INFO - 2023-04-21 10:02:11 --> Session: Class initialized using 'CodeIgniter\Session\Handlers\FileHandler' driver.
WARNING - 2023-04-21 10:02:11 --> Session: Sessions is enabled, and one exists.Please don't $session->start();
INFO - 2023-04-21 10:02:11 --> Session: Class initialized using 'CodeIgniter\Session\Handlers\FileHandler' driver.
WARNING - 2023-04-21 10:02:11 --> Session: Sessions is enabled, and one exists.Please don't $session->start();
INFO - 2023-04-21 10:02:11 --> Session: Class initialized using 'CodeIgniter\Session\Handlers\FileHandler' driver.
WARNING - 2023-04-21 10:02:11 --> Session: Sessions is enabled, and one exists.Please don't $session->start();
INFO - 2023-04-21 10:02:38 --> Session: Class initialized using 'CodeIgniter\Session\Handlers\FileHandler' driver.
WARNING - 2023-04-21 10:02:38 --> Session: Sessions is enabled, and one exists.Please don't $session->start();
INFO - 2023-04-21 10:02:39 --> Session: Class initialized using 'CodeIgniter\Session\Handlers\FileHandler' driver.
WARNING - 2023-04-21 10:02:39 --> Session: Sessions is enabled, and one exists.Please don't $session->start();
INFO - 2023-04-21 10:02:39 --> Session: Class initialized using 'CodeIgniter\Session\Handlers\FileHandler' driver.
WARNING - 2023-04-21 10:02:39 --> Session: Sessions is enabled, and one exists.Please don't $session->start();
INFO - 2023-04-21 10:03:11 --> Session: Class initialized using 'CodeIgniter\Session\Handlers\FileHandler' driver.
WARNING - 2023-04-21 10:03:11 --> Session: Sessions is enabled, and one exists.Please don't $session->start();
INFO - 2023-04-21 10:03:11 --> Session: Class initialized using 'CodeIgniter\Session\Handlers\FileHandler' driver.
WARNING - 2023-04-21 10:03:11 --> Session: Sessions is enabled, and one exists.Please don't $session->start();
INFO - 2023-04-21 10:03:11 --> Session: Class initialized using 'CodeIgniter\Session\Handlers\FileHandler' driver.
WARNING - 2023-04-21 10:03:11 --> Session: Sessions is enabled, and one exists.Please don't $session->start();
INFO - 2023-04-21 10:03:52 --> Session: Class initialized using 'CodeIgniter\Session\Handlers\FileHandler' driver.
WARNING - 2023-04-21 10:03:52 --> Session: Sessions is enabled, and one exists.Please don't $session->start();
INFO - 2023-04-21 10:03:52 --> Session: Class initialized using 'CodeIgniter\Session\Handlers\FileHandler' driver.
WARNING - 2023-04-21 10:03:52 --> Session: Sessions is enabled, and one exists.Please don't $session->start();
INFO - 2023-04-21 10:03:52 --> Session: Class initialized using 'CodeIgniter\Session\Handlers\FileHandler' driver.
WARNING - 2023-04-21 10:03:52 --> Session: Sessions is enabled, and one exists.Please don't $session->start();
INFO - 2023-04-21 10:05:53 --> Session: Class initialized using 'CodeIgniter\Session\Handlers\FileHandler' driver.
WARNING - 2023-04-21 10:05:53 --> Session: Sessions is enabled, and one exists.Please don't $session->start();
INFO - 2023-04-21 10:05:53 --> Session: Class initialized using 'CodeIgniter\Session\Handlers\FileHandler' driver.
WARNING - 2023-04-21 10:05:53 --> Session: Sessions is enabled, and one exists.Please don't $session->start();
INFO - 2023-04-21 10:05:54 --> Session: Class initialized using 'CodeIgniter\Session\Handlers\FileHandler' driver.
WARNING - 2023-04-21 10:05:54 --> Session: Sessions is enabled, and one exists.Please don't $session->start();
INFO - 2023-04-21 10:07:34 --> Session: Class initialized using 'CodeIgniter\Session\Handlers\FileHandler' driver.
WARNING - 2023-04-21 10:07:34 --> Session: Sessions is enabled, and one exists.Please don't $session->start();
INFO - 2023-04-21 10:07:35 --> Session: Class initialized using 'CodeIgniter\Session\Handlers\FileHandler' driver.
WARNING - 2023-04-21 10:07:35 --> Session: Sessions is enabled, and one exists.Please don't $session->start();
INFO - 2023-04-21 10:07:35 --> Session: Class initialized using 'CodeIgniter\Session\Handlers\FileHandler' driver.
WARNING - 2023-04-21 10:07:35 --> Session: Sessions is enabled, and one exists.Please don't $session->start();
INFO - 2023-04-21 10:11:35 --> Session: Class initialized using 'CodeIgniter\Session\Handlers\FileHandler' driver.
WARNING - 2023-04-21 10:11:35 --> Session: Sessions is enabled, and one exists.Please don't $session->start();
INFO - 2023-04-21 10:11:35 --> Session: Class initialized using 'CodeIgniter\Session\Handlers\FileHandler' driver.
WARNING - 2023-04-21 10:11:35 --> Session: Sessions is enabled, and one exists.Please don't $session->start();
INFO - 2023-04-21 10:11:36 --> Session: Class initialized using 'CodeIgniter\Session\Handlers\FileHandler' driver.
WARNING - 2023-04-21 10:11:36 --> Session: Sessions is enabled, and one exists.Please don't $session->start();
INFO - 2023-04-21 10:12:52 --> Session: Class initialized using 'CodeIgniter\Session\Handlers\FileHandler' driver.
WARNING - 2023-04-21 10:12:52 --> Session: Sessions is enabled, and one exists.Please don't $session->start();
INFO - 2023-04-21 10:12:52 --> Session: Class initialized using 'CodeIgniter\Session\Handlers\FileHandler' driver.
WARNING - 2023-04-21 10:12:52 --> Session: Sessions is enabled, and one exists.Please don't $session->start();
INFO - 2023-04-21 10:12:53 --> Session: Class initialized using 'CodeIgniter\Session\Handlers\FileHandler' driver.
WARNING - 2023-04-21 10:12:53 --> Session: Sessions is enabled, and one exists.Please don't $session->start();
INFO - 2023-04-21 10:14:58 --> Session: Class initialized using 'CodeIgniter\Session\Handlers\FileHandler' driver.
WARNING - 2023-04-21 10:14:58 --> Session: Sessions is enabled, and one exists.Please don't $session->start();
INFO - 2023-04-21 10:14:58 --> Session: Class initialized using 'CodeIgniter\Session\Handlers\FileHandler' driver.
WARNING - 2023-04-21 10:14:58 --> Session: Sessions is enabled, and one exists.Please don't $session->start();
INFO - 2023-04-21 10:14:59 --> Session: Class initialized using 'CodeIgniter\Session\Handlers\FileHandler' driver.
WARNING - 2023-04-21 10:14:59 --> Session: Sessions is enabled, and one exists.Please don't $session->start();
INFO - 2023-04-21 10:16:19 --> Session: Class initialized using 'CodeIgniter\Session\Handlers\FileHandler' driver.
WARNING - 2023-04-21 10:16:19 --> Session: Sessions is enabled, and one exists.Please don't $session->start();
INFO - 2023-04-21 10:16:19 --> Session: Class initialized using 'CodeIgniter\Session\Handlers\FileHandler' driver.
WARNING - 2023-04-21 10:16:19 --> Session: Sessions is enabled, and one exists.Please don't $session->start();
INFO - 2023-04-21 10:16:19 --> Session: Class initialized using 'CodeIgniter\Session\Handlers\FileHandler' driver.
WARNING - 2023-04-21 10:16:19 --> Session: Sessions is enabled, and one exists.Please don't $session->start();
INFO - 2023-04-21 10:17:52 --> Session: Class initialized using 'CodeIgniter\Session\Handlers\FileHandler' driver.
WARNING - 2023-04-21 10:17:52 --> Session: Sessions is enabled, and one exists.Please don't $session->start();
INFO - 2023-04-21 10:17:59 --> Session: Class initialized using 'CodeIgniter\Session\Handlers\FileHandler' driver.
WARNING - 2023-04-21 10:17:59 --> Session: Sessions is enabled, and one exists.Please don't $session->start();
INFO - 2023-04-21 10:18:00 --> Session: Class initialized using 'CodeIgniter\Session\Handlers\FileHandler' driver.
WARNING - 2023-04-21 10:18:00 --> Session: Sessions is enabled, and one exists.Please don't $session->start();
INFO - 2023-04-21 10:18:01 --> Session: Class initialized using 'CodeIgniter\Session\Handlers\FileHandler' driver.
WARNING - 2023-04-21 10:18:01 --> Session: Sessions is enabled, and one exists.Please don't $session->start();
INFO - 2023-04-21 10:18:10 --> Session: Class initialized using 'CodeIgniter\Session\Handlers\FileHandler' driver.
WARNING - 2023-04-21 10:18:10 --> Session: Sessions is enabled, and one exists.Please don't $session->start();
INFO - 2023-04-21 10:18:10 --> Session: Class initialized using 'CodeIgniter\Session\Handlers\FileHandler' driver.
WARNING - 2023-04-21 10:18:10 --> Session: Sessions is enabled, and one exists.Please don't $session->start();
INFO - 2023-04-21 10:18:11 --> Session: Class initialized using 'CodeIgniter\Session\Handlers\FileHandler' driver.
WARNING - 2023-04-21 10:18:11 --> Session: Sessions is enabled, and one exists.Please don't $session->start();
INFO - 2023-04-21 10:18:21 --> Session: Class initialized using 'CodeIgniter\Session\Handlers\FileHandler' driver.
WARNING - 2023-04-21 10:18:21 --> Session: Sessions is enabled, and one exists.Please don't $session->start();
INFO - 2023-04-21 10:18:22 --> Session: Class initialized using 'CodeIgniter\Session\Handlers\FileHandler' driver.
WARNING - 2023-04-21 10:18:22 --> Session: Sessions is enabled, and one exists.Please don't $session->start();
INFO - 2023-04-21 10:18:22 --> Session: Class initialized using 'CodeIgniter\Session\Handlers\FileHandler' driver.
WARNING - 2023-04-21 10:18:22 --> Session: Sessions is enabled, and one exists.Please don't $session->start();
INFO - 2023-04-21 10:18:37 --> Session: Class initialized using 'CodeIgniter\Session\Handlers\FileHandler' driver.
WARNING - 2023-04-21 10:18:37 --> Session: Sessions is enabled, and one exists.Please don't $session->start();
INFO - 2023-04-21 10:18:38 --> Session: Class initialized using 'CodeIgniter\Session\Handlers\FileHandler' driver.
WARNING - 2023-04-21 10:18:38 --> Session: Sessions is enabled, and one exists.Please don't $session->start();
INFO - 2023-04-21 10:18:38 --> Session: Class initialized using 'CodeIgniter\Session\Handlers\FileHandler' driver.
WARNING - 2023-04-21 10:18:38 --> Session: Sessions is enabled, and one exists.Please don't $session->start();
INFO - 2023-04-21 10:18:44 --> Session: Class initialized using 'CodeIgniter\Session\Handlers\FileHandler' driver.
WARNING - 2023-04-21 10:18:44 --> Session: Sessions is enabled, and one exists.Please don't $session->start();
INFO - 2023-04-21 10:18:44 --> Session: Class initialized using 'CodeIgniter\Session\Handlers\FileHandler' driver.
WARNING - 2023-04-21 10:18:44 --> Session: Sessions is enabled, and one exists.Please don't $session->start();
INFO - 2023-04-21 10:18:44 --> Session: Class initialized using 'CodeIgniter\Session\Handlers\FileHandler' driver.
WARNING - 2023-04-21 10:18:44 --> Session: Sessions is enabled, and one exists.Please don't $session->start();
INFO - 2023-04-21 10:18:50 --> Session: Class initialized using 'CodeIgniter\Session\Handlers\FileHandler' driver.
WARNING - 2023-04-21 10:18:50 --> Session: Sessions is enabled, and one exists.Please don't $session->start();
INFO - 2023-04-21 10:18:50 --> Session: Class initialized using 'CodeIgniter\Session\Handlers\FileHandler' driver.
WARNING - 2023-04-21 10:18:50 --> Session: Sessions is enabled, and one exists.Please don't $session->start();
INFO - 2023-04-21 10:18:50 --> Session: Class initialized using 'CodeIgniter\Session\Handlers\FileHandler' driver.
WARNING - 2023-04-21 10:18:50 --> Session: Sessions is enabled, and one exists.Please don't $session->start();
INFO - 2023-04-21 10:19:24 --> Session: Class initialized using 'CodeIgniter\Session\Handlers\FileHandler' driver.
WARNING - 2023-04-21 10:19:24 --> Session: Sessions is enabled, and one exists.Please don't $session->start();
INFO - 2023-04-21 10:19:25 --> Session: Class initialized using 'CodeIgniter\Session\Handlers\FileHandler' driver.
WARNING - 2023-04-21 10:19:25 --> Session: Sessions is enabled, and one exists.Please don't $session->start();
INFO - 2023-04-21 10:19:26 --> Session: Class initialized using 'CodeIgniter\Session\Handlers\FileHandler' driver.
WARNING - 2023-04-21 10:19:26 --> Session: Sessions is enabled, and one exists.Please don't $session->start();
INFO - 2023-04-21 10:19:38 --> Session: Class initialized using 'CodeIgniter\Session\Handlers\FileHandler' driver.
WARNING - 2023-04-21 10:19:38 --> Session: Sessions is enabled, and one exists.Please don't $session->start();
INFO - 2023-04-21 10:19:57 --> Session: Class initialized using 'CodeIgniter\Session\Handlers\FileHandler' driver.
WARNING - 2023-04-21 10:19:57 --> Session: Sessions is enabled, and one exists.Please don't $session->start();
INFO - 2023-04-21 10:19:58 --> Session: Class initialized using 'CodeIgniter\Session\Handlers\FileHandler' driver.
WARNING - 2023-04-21 10:19:58 --> Session: Sessions is enabled, and one exists.Please don't $session->start();
INFO - 2023-04-21 10:19:58 --> Session: Class initialized using 'CodeIgniter\Session\Handlers\FileHandler' driver.
WARNING - 2023-04-21 10:19:58 --> Session: Sessions is enabled, and one exists.Please don't $session->start();
INFO - 2023-04-21 10:20:00 --> Session: Class initialized using 'CodeIgniter\Session\Handlers\FileHandler' driver.
WARNING - 2023-04-21 10:20:00 --> Session: Sessions is enabled, and one exists.Please don't $session->start();
INFO - 2023-04-21 10:20:01 --> Session: Class initialized using 'CodeIgniter\Session\Handlers\FileHandler' driver.
WARNING - 2023-04-21 10:20:01 --> Session: Sessions is enabled, and one exists.Please don't $session->start();
INFO - 2023-04-21 10:20:04 --> Session: Class initialized using 'CodeIgniter\Session\Handlers\FileHandler' driver.
WARNING - 2023-04-21 10:20:04 --> Session: Sessions is enabled, and one exists.Please don't $session->start();
INFO - 2023-04-21 10:20:04 --> Session: Class initialized using 'CodeIgniter\Session\Handlers\FileHandler' driver.
WARNING - 2023-04-21 10:20:04 --> Session: Sessions is enabled, and one exists.Please don't $session->start();
INFO - 2023-04-21 10:20:04 --> Session: Class initialized using 'CodeIgniter\Session\Handlers\FileHandler' driver.
WARNING - 2023-04-21 10:20:04 --> Session: Sessions is enabled, and one exists.Please don't $session->start();
INFO - 2023-04-21 10:20:18 --> Session: Class initialized using 'CodeIgniter\Session\Handlers\FileHandler' driver.
WARNING - 2023-04-21 10:20:18 --> Session: Sessions is enabled, and one exists.Please don't $session->start();
INFO - 2023-04-21 10:20:19 --> Session: Class initialized using 'CodeIgniter\Session\Handlers\FileHandler' driver.
WARNING - 2023-04-21 10:20:19 --> Session: Sessions is enabled, and one exists.Please don't $session->start();
INFO - 2023-04-21 10:20:19 --> Session: Class initialized using 'CodeIgniter\Session\Handlers\FileHandler' driver.
WARNING - 2023-04-21 10:20:19 --> Session: Sessions is enabled, and one exists.Please don't $session->start();
INFO - 2023-04-21 10:20:20 --> Session: Class initialized using 'CodeIgniter\Session\Handlers\FileHandler' driver.
WARNING - 2023-04-21 10:20:20 --> Session: Sessions is enabled, and one exists.Please don't $session->start();
INFO - 2023-04-21 10:20:20 --> Session: Class initialized using 'CodeIgniter\Session\Handlers\FileHandler' driver.
WARNING - 2023-04-21 10:20:20 --> Session: Sessions is enabled, and one exists.Please don't $session->start();
INFO - 2023-04-21 10:20:21 --> Session: Class initialized using 'CodeIgniter\Session\Handlers\FileHandler' driver.
WARNING - 2023-04-21 10:20:21 --> Session: Sessions is enabled, and one exists.Please don't $session->start();
INFO - 2023-04-21 10:20:24 --> Session: Class initialized using 'CodeIgniter\Session\Handlers\FileHandler' driver.
WARNING - 2023-04-21 10:20:24 --> Session: Sessions is enabled, and one exists.Please don't $session->start();
INFO - 2023-04-21 10:20:25 --> Session: Class initialized using 'CodeIgniter\Session\Handlers\FileHandler' driver.
WARNING - 2023-04-21 10:20:25 --> Session: Sessions is enabled, and one exists.Please don't $session->start();
INFO - 2023-04-21 10:20:26 --> Session: Class initialized using 'CodeIgniter\Session\Handlers\FileHandler' driver.
WARNING - 2023-04-21 10:20:26 --> Session: Sessions is enabled, and one exists.Please don't $session->start();
INFO - 2023-04-21 10:20:26 --> Session: Class initialized using 'CodeIgniter\Session\Handlers\FileHandler' driver.
WARNING - 2023-04-21 10:20:26 --> Session: Sessions is enabled, and one exists.Please don't $session->start();
INFO - 2023-04-21 10:20:27 --> Session: Class initialized using 'CodeIgniter\Session\Handlers\FileHandler' driver.
WARNING - 2023-04-21 10:20:27 --> Session: Sessions is enabled, and one exists.Please don't $session->start();
INFO - 2023-04-21 10:20:27 --> Session: Class initialized using 'CodeIgniter\Session\Handlers\FileHandler' driver.
WARNING - 2023-04-21 10:20:27 --> Session: Sessions is enabled, and one exists.Please don't $session->start();
INFO - 2023-04-21 10:20:27 --> Session: Class initialized using 'CodeIgniter\Session\Handlers\FileHandler' driver.
WARNING - 2023-04-21 10:20:27 --> Session: Sessions is enabled, and one exists.Please don't $session->start();
INFO - 2023-04-21 10:20:28 --> Session: Class initialized using 'CodeIgniter\Session\Handlers\FileHandler' driver.
WARNING - 2023-04-21 10:20:28 --> Session: Sessions is enabled, and one exists.Please don't $session->start();
INFO - 2023-04-21 10:20:28 --> Session: Class initialized using 'CodeIgniter\Session\Handlers\FileHandler' driver.
WARNING - 2023-04-21 10:20:28 --> Session: Sessions is enabled, and one exists.Please don't $session->start();
INFO - 2023-04-21 10:20:28 --> Session: Class initialized using 'CodeIgniter\Session\Handlers\FileHandler' driver.
WARNING - 2023-04-21 10:20:28 --> Session: Sessions is enabled, and one exists.Please don't $session->start();
INFO - 2023-04-21 10:20:29 --> Session: Class initialized using 'CodeIgniter\Session\Handlers\FileHandler' driver.
WARNING - 2023-04-21 10:20:29 --> Session: Sessions is enabled, and one exists.Please don't $session->start();
INFO - 2023-04-21 10:20:29 --> Session: Class initialized using 'CodeIgniter\Session\Handlers\FileHandler' driver.
WARNING - 2023-04-21 10:20:29 --> Session: Sessions is enabled, and one exists.Please don't $session->start();
INFO - 2023-04-21 10:20:30 --> Session: Class initialized using 'CodeIgniter\Session\Handlers\FileHandler' driver.
WARNING - 2023-04-21 10:20:30 --> Session: Sessions is enabled, and one exists.Please don't $session->start();
INFO - 2023-04-21 10:21:23 --> Session: Class initialized using 'CodeIgniter\Session\Handlers\FileHandler' driver.
WARNING - 2023-04-21 10:21:23 --> Session: Sessions is enabled, and one exists.Please don't $session->start();
INFO - 2023-04-21 10:21:24 --> Session: Class initialized using 'CodeIgniter\Session\Handlers\FileHandler' driver.
WARNING - 2023-04-21 10:21:24 --> Session: Sessions is enabled, and one exists.Please don't $session->start();
INFO - 2023-04-21 10:21:24 --> Session: Class initialized using 'CodeIgniter\Session\Handlers\FileHandler' driver.
WARNING - 2023-04-21 10:21:24 --> Session: Sessions is enabled, and one exists.Please don't $session->start();
INFO - 2023-04-21 10:21:32 --> Session: Class initialized using 'CodeIgniter\Session\Handlers\FileHandler' driver.
WARNING - 2023-04-21 10:21:32 --> Session: Sessions is enabled, and one exists.Please don't $session->start();
INFO - 2023-04-21 10:21:33 --> Session: Class initialized using 'CodeIgniter\Session\Handlers\FileHandler' driver.
WARNING - 2023-04-21 10:21:33 --> Session: Sessions is enabled, and one exists.Please don't $session->start();
INFO - 2023-04-21 10:21:33 --> Session: Class initialized using 'CodeIgniter\Session\Handlers\FileHandler' driver.
WARNING - 2023-04-21 10:21:33 --> Session: Sessions is enabled, and one exists.Please don't $session->start();
INFO - 2023-04-21 10:22:08 --> Session: Class initialized using 'CodeIgniter\Session\Handlers\FileHandler' driver.
WARNING - 2023-04-21 10:22:08 --> Session: Sessions is enabled, and one exists.Please don't $session->start();
INFO - 2023-04-21 10:22:09 --> Session: Class initialized using 'CodeIgniter\Session\Handlers\FileHandler' driver.
WARNING - 2023-04-21 10:22:09 --> Session: Sessions is enabled, and one exists.Please don't $session->start();
INFO - 2023-04-21 10:22:09 --> Session: Class initialized using 'CodeIgniter\Session\Handlers\FileHandler' driver.
WARNING - 2023-04-21 10:22:09 --> Session: Sessions is enabled, and one exists.Please don't $session->start();
INFO - 2023-04-21 11:28:54 --> Session: Class initialized using 'CodeIgniter\Session\Handlers\FileHandler' driver.
WARNING - 2023-04-21 11:28:54 --> Session: Sessions is enabled, and one exists.Please don't $session->start();
INFO - 2023-04-21 11:28:55 --> Session: Class initialized using 'CodeIgniter\Session\Handlers\FileHandler' driver.
WARNING - 2023-04-21 11:28:55 --> Session: Sessions is enabled, and one exists.Please don't $session->start();
INFO - 2023-04-21 11:28:55 --> Session: Class initialized using 'CodeIgniter\Session\Handlers\FileHandler' driver.
WARNING - 2023-04-21 11:28:55 --> Session: Sessions is enabled, and one exists.Please don't $session->start();
INFO - 2023-04-21 11:29:43 --> Session: Class initialized using 'CodeIgniter\Session\Handlers\FileHandler' driver.
WARNING - 2023-04-21 11:29:43 --> Session: Sessions is enabled, and one exists.Please don't $session->start();
INFO - 2023-04-21 11:29:44 --> Session: Class initialized using 'CodeIgniter\Session\Handlers\FileHandler' driver.
WARNING - 2023-04-21 11:29:44 --> Session: Sessions is enabled, and one exists.Please don't $session->start();
INFO - 2023-04-21 11:29:44 --> Session: Class initialized using 'CodeIgniter\Session\Handlers\FileHandler' driver.
WARNING - 2023-04-21 11:29:44 --> Session: Sessions is enabled, and one exists.Please don't $session->start();
INFO - 2023-04-21 11:30:39 --> Session: Class initialized using 'CodeIgniter\Session\Handlers\FileHandler' driver.
WARNING - 2023-04-21 11:30:39 --> Session: Sessions is enabled, and one exists.Please don't $session->start();
INFO - 2023-04-21 11:30:40 --> Session: Class initialized using 'CodeIgniter\Session\Handlers\FileHandler' driver.
WARNING - 2023-04-21 11:30:40 --> Session: Sessions is enabled, and one exists.Please don't $session->start();
INFO - 2023-04-21 11:30:40 --> Session: Class initialized using 'CodeIgniter\Session\Handlers\FileHandler' driver.
WARNING - 2023-04-21 11:30:40 --> Session: Sessions is enabled, and one exists.Please don't $session->start();
INFO - 2023-04-21 11:31:41 --> Session: Class initialized using 'CodeIgniter\Session\Handlers\FileHandler' driver.
WARNING - 2023-04-21 11:31:41 --> Session: Sessions is enabled, and one exists.Please don't $session->start();
INFO - 2023-04-21 11:31:41 --> Session: Class initialized using 'CodeIgniter\Session\Handlers\FileHandler' driver.
WARNING - 2023-04-21 11:31:41 --> Session: Sessions is enabled, and one exists.Please don't $session->start();
INFO - 2023-04-21 11:31:42 --> Session: Class initialized using 'CodeIgniter\Session\Handlers\FileHandler' driver.
WARNING - 2023-04-21 11:31:42 --> Session: Sessions is enabled, and one exists.Please don't $session->start();
INFO - 2023-04-21 11:33:07 --> Session: Class initialized using 'CodeIgniter\Session\Handlers\FileHandler' driver.
WARNING - 2023-04-21 11:33:07 --> Session: Sessions is enabled, and one exists.Please don't $session->start();
INFO - 2023-04-21 11:33:08 --> Session: Class initialized using 'CodeIgniter\Session\Handlers\FileHandler' driver.
WARNING - 2023-04-21 11:33:08 --> Session: Sessions is enabled, and one exists.Please don't $session->start();
INFO - 2023-04-21 11:33:08 --> Session: Class initialized using 'CodeIgniter\Session\Handlers\FileHandler' driver.
WARNING - 2023-04-21 11:33:08 --> Session: Sessions is enabled, and one exists.Please don't $session->start();
INFO - 2023-04-21 12:01:54 --> Session: Class initialized using 'CodeIgniter\Session\Handlers\FileHandler' driver.
WARNING - 2023-04-21 12:01:54 --> Session: Sessions is enabled, and one exists.Please don't $session->start();
INFO - 2023-04-21 12:01:55 --> Session: Class initialized using 'CodeIgniter\Session\Handlers\FileHandler' driver.
WARNING - 2023-04-21 12:01:55 --> Session: Sessions is enabled, and one exists.Please don't $session->start();
INFO - 2023-04-21 12:01:55 --> Session: Class initialized using 'CodeIgniter\Session\Handlers\FileHandler' driver.
WARNING - 2023-04-21 12:01:55 --> Session: Sessions is enabled, and one exists.Please don't $session->start();
INFO - 2023-04-21 12:02:11 --> Session: Class initialized using 'CodeIgniter\Session\Handlers\FileHandler' driver.
WARNING - 2023-04-21 12:02:11 --> Session: Sessions is enabled, and one exists.Please don't $session->start();
INFO - 2023-04-21 12:02:12 --> Session: Class initialized using 'CodeIgniter\Session\Handlers\FileHandler' driver.
WARNING - 2023-04-21 12:02:12 --> Session: Sessions is enabled, and one exists.Please don't $session->start();
INFO - 2023-04-21 12:02:12 --> Session: Class initialized using 'CodeIgniter\Session\Handlers\FileHandler' driver.
WARNING - 2023-04-21 12:02:12 --> Session: Sessions is enabled, and one exists.Please don't $session->start();
