INFO - 2023-04-13 03:20:10 --> Session: Class initialized using 'CodeIgniter\Session\Handlers\FileHandler' driver.
WARNING - 2023-04-13 03:20:10 --> Session: Sessions is enabled, and one exists.Please don't $session->start();
INFO - 2023-04-13 03:20:10 --> Session: Class initialized using 'CodeIgniter\Session\Handlers\FileHandler' driver.
WARNING - 2023-04-13 03:20:10 --> Session: Sessions is enabled, and one exists.Please don't $session->start();
INFO - 2023-04-13 03:20:25 --> Session: Class initialized using 'CodeIgniter\Session\Handlers\FileHandler' driver.
WARNING - 2023-04-13 03:20:25 --> Session: Sessions is enabled, and one exists.Please don't $session->start();
INFO - 2023-04-13 03:20:26 --> Session: Class initialized using 'CodeIgniter\Session\Handlers\FileHandler' driver.
WARNING - 2023-04-13 03:20:26 --> Session: Sessions is enabled, and one exists.Please don't $session->start();
WARNING - 2023-04-13 10:20:26 --> [DEPRECATED] Creation of dynamic property App\Controllers\Home::$breadcrumb is deprecated in APPPATH\Controllers\Home.php on line 19.
 1 SYSTEMPATH\CodeIgniter.php(934): App\Controllers\Home->index()
 2 SYSTEMPATH\CodeIgniter.php(499): CodeIgniter\CodeIgniter->runController(Object(App\Controllers\Home))
 3 SYSTEMPATH\CodeIgniter.php(368): CodeIgniter\CodeIgniter->handleRequest(null, Object(Config\Cache), false)
 4 FCPATH\index.php(67): CodeIgniter\CodeIgniter->run()
INFO - 2023-04-13 03:20:31 --> Session: Class initialized using 'CodeIgniter\Session\Handlers\FileHandler' driver.
WARNING - 2023-04-13 03:20:31 --> Session: Sessions is enabled, and one exists.Please don't $session->start();
INFO - 2023-04-13 03:20:31 --> Session: Class initialized using 'CodeIgniter\Session\Handlers\FileHandler' driver.
WARNING - 2023-04-13 03:20:31 --> Session: Sessions is enabled, and one exists.Please don't $session->start();
INFO - 2023-04-13 03:20:43 --> Session: Class initialized using 'CodeIgniter\Session\Handlers\FileHandler' driver.
WARNING - 2023-04-13 03:20:43 --> Session: Sessions is enabled, and one exists.Please don't $session->start();
INFO - 2023-04-13 03:20:43 --> Session: Class initialized using 'CodeIgniter\Session\Handlers\FileHandler' driver.
WARNING - 2023-04-13 03:20:43 --> Session: Sessions is enabled, and one exists.Please don't $session->start();
INFO - 2023-04-13 03:20:52 --> Session: Class initialized using 'CodeIgniter\Session\Handlers\FileHandler' driver.
WARNING - 2023-04-13 03:20:52 --> Session: Sessions is enabled, and one exists.Please don't $session->start();
INFO - 2023-04-13 03:20:53 --> Session: Class initialized using 'CodeIgniter\Session\Handlers\FileHandler' driver.
WARNING - 2023-04-13 03:20:53 --> Session: Sessions is enabled, and one exists.Please don't $session->start();
INFO - 2023-04-13 03:20:55 --> Session: Class initialized using 'CodeIgniter\Session\Handlers\FileHandler' driver.
WARNING - 2023-04-13 03:20:55 --> Session: Sessions is enabled, and one exists.Please don't $session->start();
INFO - 2023-04-13 03:20:55 --> Session: Class initialized using 'CodeIgniter\Session\Handlers\FileHandler' driver.
WARNING - 2023-04-13 03:20:55 --> Session: Sessions is enabled, and one exists.Please don't $session->start();
INFO - 2023-04-13 03:20:57 --> Session: Class initialized using 'CodeIgniter\Session\Handlers\FileHandler' driver.
WARNING - 2023-04-13 03:20:57 --> Session: Sessions is enabled, and one exists.Please don't $session->start();
INFO - 2023-04-13 03:20:58 --> Session: Class initialized using 'CodeIgniter\Session\Handlers\FileHandler' driver.
WARNING - 2023-04-13 03:20:58 --> Session: Sessions is enabled, and one exists.Please don't $session->start();
INFO - 2023-04-13 03:21:02 --> Session: Class initialized using 'CodeIgniter\Session\Handlers\FileHandler' driver.
WARNING - 2023-04-13 03:21:02 --> Session: Sessions is enabled, and one exists.Please don't $session->start();
INFO - 2023-04-13 03:21:03 --> Session: Class initialized using 'CodeIgniter\Session\Handlers\FileHandler' driver.
WARNING - 2023-04-13 03:21:03 --> Session: Sessions is enabled, and one exists.Please don't $session->start();
INFO - 2023-04-13 03:21:03 --> Session: Class initialized using 'CodeIgniter\Session\Handlers\FileHandler' driver.
WARNING - 2023-04-13 03:21:03 --> Session: Sessions is enabled, and one exists.Please don't $session->start();
INFO - 2023-04-13 03:21:19 --> Session: Class initialized using 'CodeIgniter\Session\Handlers\FileHandler' driver.
WARNING - 2023-04-13 03:21:19 --> Session: Sessions is enabled, and one exists.Please don't $session->start();
INFO - 2023-04-13 03:21:25 --> Session: Class initialized using 'CodeIgniter\Session\Handlers\FileHandler' driver.
WARNING - 2023-04-13 03:21:25 --> Session: Sessions is enabled, and one exists.Please don't $session->start();
INFO - 2023-04-13 03:21:26 --> Session: Class initialized using 'CodeIgniter\Session\Handlers\FileHandler' driver.
WARNING - 2023-04-13 03:21:26 --> Session: Sessions is enabled, and one exists.Please don't $session->start();
INFO - 2023-04-13 03:21:27 --> Session: Class initialized using 'CodeIgniter\Session\Handlers\FileHandler' driver.
WARNING - 2023-04-13 03:21:27 --> Session: Sessions is enabled, and one exists.Please don't $session->start();
INFO - 2023-04-13 03:21:27 --> Session: Class initialized using 'CodeIgniter\Session\Handlers\FileHandler' driver.
WARNING - 2023-04-13 03:21:27 --> Session: Sessions is enabled, and one exists.Please don't $session->start();
INFO - 2023-04-13 03:21:40 --> Session: Class initialized using 'CodeIgniter\Session\Handlers\FileHandler' driver.
WARNING - 2023-04-13 03:21:40 --> Session: Sessions is enabled, and one exists.Please don't $session->start();
WARNING - 2023-04-13 10:21:40 --> [DEPRECATED] Creation of dynamic property App\Controllers\Home::$breadcrumb is deprecated in APPPATH\Controllers\Home.php on line 19.
 1 SYSTEMPATH\CodeIgniter.php(934): App\Controllers\Home->index()
 2 SYSTEMPATH\CodeIgniter.php(499): CodeIgniter\CodeIgniter->runController(Object(App\Controllers\Home))
 3 SYSTEMPATH\CodeIgniter.php(368): CodeIgniter\CodeIgniter->handleRequest(null, Object(Config\Cache), false)
 4 FCPATH\index.php(67): CodeIgniter\CodeIgniter->run()
INFO - 2023-04-13 03:21:42 --> Session: Class initialized using 'CodeIgniter\Session\Handlers\FileHandler' driver.
WARNING - 2023-04-13 03:21:42 --> Session: Sessions is enabled, and one exists.Please don't $session->start();
INFO - 2023-04-13 03:21:43 --> Session: Class initialized using 'CodeIgniter\Session\Handlers\FileHandler' driver.
WARNING - 2023-04-13 03:21:43 --> Session: Sessions is enabled, and one exists.Please don't $session->start();
INFO - 2023-04-13 03:22:35 --> Session: Class initialized using 'CodeIgniter\Session\Handlers\FileHandler' driver.
WARNING - 2023-04-13 03:22:35 --> Session: Sessions is enabled, and one exists.Please don't $session->start();
INFO - 2023-04-13 03:22:36 --> Session: Class initialized using 'CodeIgniter\Session\Handlers\FileHandler' driver.
WARNING - 2023-04-13 03:22:36 --> Session: Sessions is enabled, and one exists.Please don't $session->start();
INFO - 2023-04-13 03:22:37 --> Session: Class initialized using 'CodeIgniter\Session\Handlers\FileHandler' driver.
WARNING - 2023-04-13 03:22:37 --> Session: Sessions is enabled, and one exists.Please don't $session->start();
INFO - 2023-04-13 03:22:37 --> Session: Class initialized using 'CodeIgniter\Session\Handlers\FileHandler' driver.
WARNING - 2023-04-13 03:22:37 --> Session: Sessions is enabled, and one exists.Please don't $session->start();
WARNING - 2023-04-13 10:22:37 --> [DEPRECATED] Creation of dynamic property App\Controllers\Home::$breadcrumb is deprecated in APPPATH\Controllers\Home.php on line 19.
 1 SYSTEMPATH\CodeIgniter.php(934): App\Controllers\Home->index()
 2 SYSTEMPATH\CodeIgniter.php(499): CodeIgniter\CodeIgniter->runController(Object(App\Controllers\Home))
 3 SYSTEMPATH\CodeIgniter.php(368): CodeIgniter\CodeIgniter->handleRequest(null, Object(Config\Cache), false)
 4 FCPATH\index.php(67): CodeIgniter\CodeIgniter->run()
INFO - 2023-04-13 03:22:41 --> Session: Class initialized using 'CodeIgniter\Session\Handlers\FileHandler' driver.
WARNING - 2023-04-13 03:22:41 --> Session: Sessions is enabled, and one exists.Please don't $session->start();
INFO - 2023-04-13 03:22:41 --> Session: Class initialized using 'CodeIgniter\Session\Handlers\FileHandler' driver.
WARNING - 2023-04-13 03:22:41 --> Session: Sessions is enabled, and one exists.Please don't $session->start();
INFO - 2023-04-13 03:22:45 --> Session: Class initialized using 'CodeIgniter\Session\Handlers\FileHandler' driver.
WARNING - 2023-04-13 03:22:45 --> Session: Sessions is enabled, and one exists.Please don't $session->start();
INFO - 2023-04-13 03:22:46 --> Session: Class initialized using 'CodeIgniter\Session\Handlers\FileHandler' driver.
WARNING - 2023-04-13 03:22:46 --> Session: Sessions is enabled, and one exists.Please don't $session->start();
INFO - 2023-04-13 03:22:46 --> Session: Class initialized using 'CodeIgniter\Session\Handlers\FileHandler' driver.
WARNING - 2023-04-13 03:22:46 --> Session: Sessions is enabled, and one exists.Please don't $session->start();
INFO - 2023-04-13 03:22:46 --> Session: Class initialized using 'CodeIgniter\Session\Handlers\FileHandler' driver.
WARNING - 2023-04-13 03:22:46 --> Session: Sessions is enabled, and one exists.Please don't $session->start();
INFO - 2023-04-13 03:22:46 --> Session: Class initialized using 'CodeIgniter\Session\Handlers\FileHandler' driver.
WARNING - 2023-04-13 03:22:46 --> Session: Sessions is enabled, and one exists.Please don't $session->start();
INFO - 2023-04-13 03:22:50 --> Session: Class initialized using 'CodeIgniter\Session\Handlers\FileHandler' driver.
WARNING - 2023-04-13 03:22:50 --> Session: Sessions is enabled, and one exists.Please don't $session->start();
WARNING - 2023-04-13 10:22:50 --> [DEPRECATED] Creation of dynamic property App\Controllers\Home::$breadcrumb is deprecated in APPPATH\Controllers\Home.php on line 19.
 1 SYSTEMPATH\CodeIgniter.php(934): App\Controllers\Home->index()
 2 SYSTEMPATH\CodeIgniter.php(499): CodeIgniter\CodeIgniter->runController(Object(App\Controllers\Home))
 3 SYSTEMPATH\CodeIgniter.php(368): CodeIgniter\CodeIgniter->handleRequest(null, Object(Config\Cache), false)
 4 FCPATH\index.php(67): CodeIgniter\CodeIgniter->run()
INFO - 2023-04-13 03:23:07 --> Session: Class initialized using 'CodeIgniter\Session\Handlers\FileHandler' driver.
WARNING - 2023-04-13 03:23:07 --> Session: Sessions is enabled, and one exists.Please don't $session->start();
INFO - 2023-04-13 03:23:07 --> Session: Class initialized using 'CodeIgniter\Session\Handlers\FileHandler' driver.
WARNING - 2023-04-13 03:23:07 --> Session: Sessions is enabled, and one exists.Please don't $session->start();
INFO - 2023-04-13 03:23:41 --> Session: Class initialized using 'CodeIgniter\Session\Handlers\FileHandler' driver.
WARNING - 2023-04-13 03:23:41 --> Session: Sessions is enabled, and one exists.Please don't $session->start();
INFO - 2023-04-13 03:23:44 --> Session: Class initialized using 'CodeIgniter\Session\Handlers\FileHandler' driver.
WARNING - 2023-04-13 03:23:44 --> Session: Sessions is enabled, and one exists.Please don't $session->start();
INFO - 2023-04-13 03:23:54 --> Session: Class initialized using 'CodeIgniter\Session\Handlers\FileHandler' driver.
WARNING - 2023-04-13 03:23:54 --> Session: Sessions is enabled, and one exists.Please don't $session->start();
INFO - 2023-04-13 03:23:55 --> Session: Class initialized using 'CodeIgniter\Session\Handlers\FileHandler' driver.
WARNING - 2023-04-13 03:23:55 --> Session: Sessions is enabled, and one exists.Please don't $session->start();
INFO - 2023-04-13 03:24:59 --> Session: Class initialized using 'CodeIgniter\Session\Handlers\FileHandler' driver.
WARNING - 2023-04-13 03:24:59 --> Session: Sessions is enabled, and one exists.Please don't $session->start();
INFO - 2023-04-13 03:25:00 --> Session: Class initialized using 'CodeIgniter\Session\Handlers\FileHandler' driver.
WARNING - 2023-04-13 03:25:00 --> Session: Sessions is enabled, and one exists.Please don't $session->start();
INFO - 2023-04-13 03:26:17 --> Session: Class initialized using 'CodeIgniter\Session\Handlers\FileHandler' driver.
WARNING - 2023-04-13 03:26:17 --> Session: Sessions is enabled, and one exists.Please don't $session->start();
INFO - 2023-04-13 03:26:18 --> Session: Class initialized using 'CodeIgniter\Session\Handlers\FileHandler' driver.
WARNING - 2023-04-13 03:26:18 --> Session: Sessions is enabled, and one exists.Please don't $session->start();
CRITICAL - 2023-04-13 10:26:20 --> 7 : Failed to connect to localhost port 1111 after 2222 ms: Connection refused
in SYSTEMPATH\HTTP\CURLRequest.php on line 666.
 1 SYSTEMPATH\HTTP\CURLRequest.php(666): CodeIgniter\HTTP\Exceptions\HTTPException::forCurlError('7', 'Failed to connect to localhost port 1111 after 2222 ms: Connection refused')
 2 SYSTEMPATH\HTTP\CURLRequest.php(372): CodeIgniter\HTTP\CURLRequest->sendRequest([...])
 3 SYSTEMPATH\HTTP\CURLRequest.php(134): CodeIgniter\HTTP\CURLRequest->send('POST', 'http://localhost:1111/masterdata/daftarbarang')
 4 APPPATH\Controllers\MasterData.php(339): CodeIgniter\HTTP\CURLRequest->request('POST', 'http://localhost:1111/masterdata/daftarbarang', [...])
 5 SYSTEMPATH\CodeIgniter.php(934): App\Controllers\Masterdata->jsontabeldaftaritem()
 6 SYSTEMPATH\CodeIgniter.php(499): CodeIgniter\CodeIgniter->runController(Object(App\Controllers\Masterdata))
 7 SYSTEMPATH\CodeIgniter.php(368): CodeIgniter\CodeIgniter->handleRequest(null, Object(Config\Cache), false)
 8 FCPATH\index.php(67): CodeIgniter\CodeIgniter->run()
INFO - 2023-04-13 03:26:31 --> Session: Class initialized using 'CodeIgniter\Session\Handlers\FileHandler' driver.
WARNING - 2023-04-13 03:26:31 --> Session: Sessions is enabled, and one exists.Please don't $session->start();
INFO - 2023-04-13 03:26:31 --> Session: Class initialized using 'CodeIgniter\Session\Handlers\FileHandler' driver.
WARNING - 2023-04-13 03:26:31 --> Session: Sessions is enabled, and one exists.Please don't $session->start();
CRITICAL - 2023-04-13 10:26:32 --> 56 : Recv failure: Connection was reset
in SYSTEMPATH\HTTP\CURLRequest.php on line 666.
 1 SYSTEMPATH\HTTP\CURLRequest.php(666): CodeIgniter\HTTP\Exceptions\HTTPException::forCurlError('56', 'Recv failure: Connection was reset')
 2 SYSTEMPATH\HTTP\CURLRequest.php(372): CodeIgniter\HTTP\CURLRequest->sendRequest([...])
 3 SYSTEMPATH\HTTP\CURLRequest.php(134): CodeIgniter\HTTP\CURLRequest->send('POST', 'http://localhost:1111/masterdata/daftarbarang')
 4 APPPATH\Controllers\MasterData.php(339): CodeIgniter\HTTP\CURLRequest->request('POST', 'http://localhost:1111/masterdata/daftarbarang', [...])
 5 SYSTEMPATH\CodeIgniter.php(934): App\Controllers\Masterdata->jsontabeldaftaritem()
 6 SYSTEMPATH\CodeIgniter.php(499): CodeIgniter\CodeIgniter->runController(Object(App\Controllers\Masterdata))
 7 SYSTEMPATH\CodeIgniter.php(368): CodeIgniter\CodeIgniter->handleRequest(null, Object(Config\Cache), false)
 8 FCPATH\index.php(67): CodeIgniter\CodeIgniter->run()
INFO - 2023-04-13 03:27:03 --> Session: Class initialized using 'CodeIgniter\Session\Handlers\FileHandler' driver.
WARNING - 2023-04-13 03:27:03 --> Session: Sessions is enabled, and one exists.Please don't $session->start();
INFO - 2023-04-13 03:27:04 --> Session: Class initialized using 'CodeIgniter\Session\Handlers\FileHandler' driver.
WARNING - 2023-04-13 03:27:04 --> Session: Sessions is enabled, and one exists.Please don't $session->start();
CRITICAL - 2023-04-13 10:27:06 --> 7 : Failed to connect to localhost port 1111 after 2225 ms: Connection refused
in SYSTEMPATH\HTTP\CURLRequest.php on line 666.
 1 SYSTEMPATH\HTTP\CURLRequest.php(666): CodeIgniter\HTTP\Exceptions\HTTPException::forCurlError('7', 'Failed to connect to localhost port 1111 after 2225 ms: Connection refused')
 2 SYSTEMPATH\HTTP\CURLRequest.php(372): CodeIgniter\HTTP\CURLRequest->sendRequest([...])
 3 SYSTEMPATH\HTTP\CURLRequest.php(134): CodeIgniter\HTTP\CURLRequest->send('POST', 'http://localhost:1111/masterdata/mastersuplier')
 4 APPPATH\Controllers\MasterData.php(1194): CodeIgniter\HTTP\CURLRequest->request('POST', 'http://localhost:1111/masterdata/mastersuplier', [...])
 5 SYSTEMPATH\CodeIgniter.php(934): App\Controllers\Masterdata->ajaxdaftarsuplier()
 6 SYSTEMPATH\CodeIgniter.php(499): CodeIgniter\CodeIgniter->runController(Object(App\Controllers\Masterdata))
 7 SYSTEMPATH\CodeIgniter.php(368): CodeIgniter\CodeIgniter->handleRequest(null, Object(Config\Cache), false)
 8 FCPATH\index.php(67): CodeIgniter\CodeIgniter->run()
INFO - 2023-04-13 03:27:15 --> Session: Class initialized using 'CodeIgniter\Session\Handlers\FileHandler' driver.
WARNING - 2023-04-13 03:27:15 --> Session: Sessions is enabled, and one exists.Please don't $session->start();
INFO - 2023-04-13 03:27:15 --> Session: Class initialized using 'CodeIgniter\Session\Handlers\FileHandler' driver.
WARNING - 2023-04-13 03:27:15 --> Session: Sessions is enabled, and one exists.Please don't $session->start();
INFO - 2023-04-13 03:27:16 --> Session: Class initialized using 'CodeIgniter\Session\Handlers\FileHandler' driver.
WARNING - 2023-04-13 03:27:16 --> Session: Sessions is enabled, and one exists.Please don't $session->start();
INFO - 2023-04-13 03:27:17 --> Session: Class initialized using 'CodeIgniter\Session\Handlers\FileHandler' driver.
WARNING - 2023-04-13 03:27:17 --> Session: Sessions is enabled, and one exists.Please don't $session->start();
INFO - 2023-04-13 03:27:20 --> Session: Class initialized using 'CodeIgniter\Session\Handlers\FileHandler' driver.
WARNING - 2023-04-13 03:27:20 --> Session: Sessions is enabled, and one exists.Please don't $session->start();
INFO - 2023-04-13 03:27:21 --> Session: Class initialized using 'CodeIgniter\Session\Handlers\FileHandler' driver.
WARNING - 2023-04-13 03:27:21 --> Session: Sessions is enabled, and one exists.Please don't $session->start();
INFO - 2023-04-13 03:27:21 --> Session: Class initialized using 'CodeIgniter\Session\Handlers\FileHandler' driver.
WARNING - 2023-04-13 03:27:21 --> Session: Sessions is enabled, and one exists.Please don't $session->start();
INFO - 2023-04-13 03:27:22 --> Session: Class initialized using 'CodeIgniter\Session\Handlers\FileHandler' driver.
WARNING - 2023-04-13 03:27:22 --> Session: Sessions is enabled, and one exists.Please don't $session->start();
INFO - 2023-04-13 03:27:22 --> Session: Class initialized using 'CodeIgniter\Session\Handlers\FileHandler' driver.
WARNING - 2023-04-13 03:27:22 --> Session: Sessions is enabled, and one exists.Please don't $session->start();
INFO - 2023-04-13 03:29:18 --> Session: Class initialized using 'CodeIgniter\Session\Handlers\FileHandler' driver.
WARNING - 2023-04-13 03:29:18 --> Session: Sessions is enabled, and one exists.Please don't $session->start();
INFO - 2023-04-13 03:29:18 --> Session: Class initialized using 'CodeIgniter\Session\Handlers\FileHandler' driver.
WARNING - 2023-04-13 03:29:18 --> Session: Sessions is enabled, and one exists.Please don't $session->start();
INFO - 2023-04-13 03:29:43 --> Session: Class initialized using 'CodeIgniter\Session\Handlers\FileHandler' driver.
WARNING - 2023-04-13 03:29:43 --> Session: Sessions is enabled, and one exists.Please don't $session->start();
INFO - 2023-04-13 03:29:44 --> Session: Class initialized using 'CodeIgniter\Session\Handlers\FileHandler' driver.
WARNING - 2023-04-13 03:29:44 --> Session: Sessions is enabled, and one exists.Please don't $session->start();
INFO - 2023-04-13 03:29:48 --> Session: Class initialized using 'CodeIgniter\Session\Handlers\FileHandler' driver.
WARNING - 2023-04-13 03:29:48 --> Session: Sessions is enabled, and one exists.Please don't $session->start();
INFO - 2023-04-13 03:29:49 --> Session: Class initialized using 'CodeIgniter\Session\Handlers\FileHandler' driver.
WARNING - 2023-04-13 03:29:49 --> Session: Sessions is enabled, and one exists.Please don't $session->start();
WARNING - 2023-04-13 03:36:10 --> [DEPRECATED] Creation of dynamic property App\Controllers\Penyesuaian::$penyesuaianModel is deprecated in APPPATH\Controllers\Penyesuaian.php on line 13.
 1 SYSTEMPATH\CodeIgniter.php(906): App\Controllers\Penyesuaian->__construct()
 2 SYSTEMPATH\CodeIgniter.php(490): CodeIgniter\CodeIgniter->createController()
 3 SYSTEMPATH\CodeIgniter.php(368): CodeIgniter\CodeIgniter->handleRequest(null, Object(Config\Cache), false)
 4 FCPATH\index.php(67): CodeIgniter\CodeIgniter->run()
INFO - 2023-04-13 03:36:10 --> Session: Class initialized using 'CodeIgniter\Session\Handlers\FileHandler' driver.
WARNING - 2023-04-13 03:36:10 --> Session: Sessions is enabled, and one exists.Please don't $session->start();
WARNING - 2023-04-13 03:36:11 --> [DEPRECATED] Creation of dynamic property App\Controllers\Penyesuaian::$penyesuaianModel is deprecated in APPPATH\Controllers\Penyesuaian.php on line 13.
 1 SYSTEMPATH\CodeIgniter.php(906): App\Controllers\Penyesuaian->__construct()
 2 SYSTEMPATH\CodeIgniter.php(490): CodeIgniter\CodeIgniter->createController()
 3 SYSTEMPATH\CodeIgniter.php(368): CodeIgniter\CodeIgniter->handleRequest(null, Object(Config\Cache), false)
 4 FCPATH\index.php(67): CodeIgniter\CodeIgniter->run()
INFO - 2023-04-13 03:36:11 --> Session: Class initialized using 'CodeIgniter\Session\Handlers\FileHandler' driver.
WARNING - 2023-04-13 03:36:11 --> Session: Sessions is enabled, and one exists.Please don't $session->start();
WARNING - 2023-04-13 03:36:13 --> [DEPRECATED] Creation of dynamic property App\Controllers\Penyesuaian::$penyesuaianModel is deprecated in APPPATH\Controllers\Penyesuaian.php on line 13.
 1 SYSTEMPATH\CodeIgniter.php(906): App\Controllers\Penyesuaian->__construct()
 2 SYSTEMPATH\CodeIgniter.php(490): CodeIgniter\CodeIgniter->createController()
 3 SYSTEMPATH\CodeIgniter.php(368): CodeIgniter\CodeIgniter->handleRequest(null, Object(Config\Cache), false)
 4 FCPATH\index.php(67): CodeIgniter\CodeIgniter->run()
INFO - 2023-04-13 03:36:13 --> Session: Class initialized using 'CodeIgniter\Session\Handlers\FileHandler' driver.
WARNING - 2023-04-13 03:36:13 --> Session: Sessions is enabled, and one exists.Please don't $session->start();
WARNING - 2023-04-13 03:36:14 --> [DEPRECATED] Creation of dynamic property App\Controllers\Penyesuaian::$penyesuaianModel is deprecated in APPPATH\Controllers\Penyesuaian.php on line 13.
 1 SYSTEMPATH\CodeIgniter.php(906): App\Controllers\Penyesuaian->__construct()
 2 SYSTEMPATH\CodeIgniter.php(490): CodeIgniter\CodeIgniter->createController()
 3 SYSTEMPATH\CodeIgniter.php(368): CodeIgniter\CodeIgniter->handleRequest(null, Object(Config\Cache), false)
 4 FCPATH\index.php(67): CodeIgniter\CodeIgniter->run()
INFO - 2023-04-13 03:36:14 --> Session: Class initialized using 'CodeIgniter\Session\Handlers\FileHandler' driver.
WARNING - 2023-04-13 03:36:14 --> Session: Sessions is enabled, and one exists.Please don't $session->start();
INFO - 2023-04-13 03:36:49 --> Session: Class initialized using 'CodeIgniter\Session\Handlers\FileHandler' driver.
WARNING - 2023-04-13 03:36:49 --> Session: Sessions is enabled, and one exists.Please don't $session->start();
INFO - 2023-04-13 03:36:49 --> Session: Class initialized using 'CodeIgniter\Session\Handlers\FileHandler' driver.
WARNING - 2023-04-13 03:36:49 --> Session: Sessions is enabled, and one exists.Please don't $session->start();
INFO - 2023-04-13 03:36:55 --> Session: Class initialized using 'CodeIgniter\Session\Handlers\FileHandler' driver.
WARNING - 2023-04-13 03:36:55 --> Session: Sessions is enabled, and one exists.Please don't $session->start();
INFO - 2023-04-13 03:36:56 --> Session: Class initialized using 'CodeIgniter\Session\Handlers\FileHandler' driver.
WARNING - 2023-04-13 03:36:56 --> Session: Sessions is enabled, and one exists.Please don't $session->start();
INFO - 2023-04-13 03:44:32 --> Session: Class initialized using 'CodeIgniter\Session\Handlers\FileHandler' driver.
WARNING - 2023-04-13 03:44:32 --> Session: Sessions is enabled, and one exists.Please don't $session->start();
INFO - 2023-04-13 03:44:32 --> Session: Class initialized using 'CodeIgniter\Session\Handlers\FileHandler' driver.
WARNING - 2023-04-13 03:44:32 --> Session: Sessions is enabled, and one exists.Please don't $session->start();
INFO - 2023-04-13 03:49:47 --> Session: Class initialized using 'CodeIgniter\Session\Handlers\FileHandler' driver.
WARNING - 2023-04-13 03:49:47 --> Session: Sessions is enabled, and one exists.Please don't $session->start();
INFO - 2023-04-13 03:49:55 --> Session: Class initialized using 'CodeIgniter\Session\Handlers\FileHandler' driver.
WARNING - 2023-04-13 03:49:55 --> Session: Sessions is enabled, and one exists.Please don't $session->start();
INFO - 2023-04-13 03:49:56 --> Session: Class initialized using 'CodeIgniter\Session\Handlers\FileHandler' driver.
WARNING - 2023-04-13 03:49:56 --> Session: Sessions is enabled, and one exists.Please don't $session->start();
INFO - 2023-04-13 03:50:01 --> Session: Class initialized using 'CodeIgniter\Session\Handlers\FileHandler' driver.
WARNING - 2023-04-13 03:50:01 --> Session: Sessions is enabled, and one exists.Please don't $session->start();
INFO - 2023-04-13 03:50:39 --> Session: Class initialized using 'CodeIgniter\Session\Handlers\FileHandler' driver.
WARNING - 2023-04-13 03:50:39 --> Session: Sessions is enabled, and one exists.Please don't $session->start();
INFO - 2023-04-13 03:50:40 --> Session: Class initialized using 'CodeIgniter\Session\Handlers\FileHandler' driver.
WARNING - 2023-04-13 03:50:40 --> Session: Sessions is enabled, and one exists.Please don't $session->start();
INFO - 2023-04-13 03:52:50 --> Session: Class initialized using 'CodeIgniter\Session\Handlers\FileHandler' driver.
WARNING - 2023-04-13 03:52:50 --> Session: Sessions is enabled, and one exists.Please don't $session->start();
INFO - 2023-04-13 03:52:50 --> Session: Class initialized using 'CodeIgniter\Session\Handlers\FileHandler' driver.
WARNING - 2023-04-13 03:52:50 --> Session: Sessions is enabled, and one exists.Please don't $session->start();
INFO - 2023-04-13 03:52:50 --> Session: Class initialized using 'CodeIgniter\Session\Handlers\FileHandler' driver.
WARNING - 2023-04-13 03:52:50 --> Session: Sessions is enabled, and one exists.Please don't $session->start();
INFO - 2023-04-13 03:52:51 --> Session: Class initialized using 'CodeIgniter\Session\Handlers\FileHandler' driver.
WARNING - 2023-04-13 03:52:51 --> Session: Sessions is enabled, and one exists.Please don't $session->start();
INFO - 2023-04-13 03:52:51 --> Session: Class initialized using 'CodeIgniter\Session\Handlers\FileHandler' driver.
WARNING - 2023-04-13 03:52:51 --> Session: Sessions is enabled, and one exists.Please don't $session->start();
INFO - 2023-04-13 03:52:56 --> Session: Class initialized using 'CodeIgniter\Session\Handlers\FileHandler' driver.
WARNING - 2023-04-13 03:52:56 --> Session: Sessions is enabled, and one exists.Please don't $session->start();
INFO - 2023-04-13 03:52:57 --> Session: Class initialized using 'CodeIgniter\Session\Handlers\FileHandler' driver.
WARNING - 2023-04-13 03:52:57 --> Session: Sessions is enabled, and one exists.Please don't $session->start();
INFO - 2023-04-13 03:52:57 --> Session: Class initialized using 'CodeIgniter\Session\Handlers\FileHandler' driver.
WARNING - 2023-04-13 03:52:57 --> Session: Sessions is enabled, and one exists.Please don't $session->start();
INFO - 2023-04-13 03:52:58 --> Session: Class initialized using 'CodeIgniter\Session\Handlers\FileHandler' driver.
WARNING - 2023-04-13 03:52:58 --> Session: Sessions is enabled, and one exists.Please don't $session->start();
INFO - 2023-04-13 03:52:58 --> Session: Class initialized using 'CodeIgniter\Session\Handlers\FileHandler' driver.
WARNING - 2023-04-13 03:52:58 --> Session: Sessions is enabled, and one exists.Please don't $session->start();
INFO - 2023-04-13 03:52:59 --> Session: Class initialized using 'CodeIgniter\Session\Handlers\FileHandler' driver.
WARNING - 2023-04-13 03:52:59 --> Session: Sessions is enabled, and one exists.Please don't $session->start();
INFO - 2023-04-13 03:55:19 --> Session: Class initialized using 'CodeIgniter\Session\Handlers\FileHandler' driver.
WARNING - 2023-04-13 03:55:19 --> Session: Sessions is enabled, and one exists.Please don't $session->start();
WARNING - 2023-04-13 10:55:19 --> [DEPRECATED] Creation of dynamic property App\Controllers\Home::$breadcrumb is deprecated in APPPATH\Controllers\Home.php on line 19.
 1 SYSTEMPATH\CodeIgniter.php(934): App\Controllers\Home->index()
 2 SYSTEMPATH\CodeIgniter.php(499): CodeIgniter\CodeIgniter->runController(Object(App\Controllers\Home))
 3 SYSTEMPATH\CodeIgniter.php(368): CodeIgniter\CodeIgniter->handleRequest(null, Object(Config\Cache), false)
 4 FCPATH\index.php(67): CodeIgniter\CodeIgniter->run()
INFO - 2023-04-13 03:55:32 --> Session: Class initialized using 'CodeIgniter\Session\Handlers\FileHandler' driver.
WARNING - 2023-04-13 03:55:32 --> Session: Sessions is enabled, and one exists.Please don't $session->start();
INFO - 2023-04-13 03:55:33 --> Session: Class initialized using 'CodeIgniter\Session\Handlers\FileHandler' driver.
WARNING - 2023-04-13 03:55:33 --> Session: Sessions is enabled, and one exists.Please don't $session->start();
INFO - 2023-04-13 03:59:33 --> Session: Class initialized using 'CodeIgniter\Session\Handlers\FileHandler' driver.
WARNING - 2023-04-13 03:59:33 --> Session: Sessions is enabled, and one exists.Please don't $session->start();
INFO - 2023-04-13 03:59:35 --> Session: Class initialized using 'CodeIgniter\Session\Handlers\FileHandler' driver.
WARNING - 2023-04-13 03:59:35 --> Session: Sessions is enabled, and one exists.Please don't $session->start();
INFO - 2023-04-13 03:59:35 --> Session: Class initialized using 'CodeIgniter\Session\Handlers\FileHandler' driver.
WARNING - 2023-04-13 03:59:35 --> Session: Sessions is enabled, and one exists.Please don't $session->start();
WARNING - 2023-04-13 10:59:35 --> [DEPRECATED] Creation of dynamic property App\Controllers\Home::$breadcrumb is deprecated in APPPATH\Controllers\Home.php on line 19.
 1 SYSTEMPATH\CodeIgniter.php(934): App\Controllers\Home->index()
 2 SYSTEMPATH\CodeIgniter.php(499): CodeIgniter\CodeIgniter->runController(Object(App\Controllers\Home))
 3 SYSTEMPATH\CodeIgniter.php(368): CodeIgniter\CodeIgniter->handleRequest(null, Object(Config\Cache), false)
 4 FCPATH\index.php(67): CodeIgniter\CodeIgniter->run()
INFO - 2023-04-13 03:59:45 --> Session: Class initialized using 'CodeIgniter\Session\Handlers\FileHandler' driver.
WARNING - 2023-04-13 03:59:45 --> Session: Sessions is enabled, and one exists.Please don't $session->start();
INFO - 2023-04-13 03:59:45 --> Session: Class initialized using 'CodeIgniter\Session\Handlers\FileHandler' driver.
WARNING - 2023-04-13 03:59:45 --> Session: Sessions is enabled, and one exists.Please don't $session->start();
INFO - 2023-04-13 04:15:09 --> Session: Class initialized using 'CodeIgniter\Session\Handlers\FileHandler' driver.
WARNING - 2023-04-13 04:15:09 --> Session: Sessions is enabled, and one exists.Please don't $session->start();
INFO - 2023-04-13 04:15:10 --> Session: Class initialized using 'CodeIgniter\Session\Handlers\FileHandler' driver.
WARNING - 2023-04-13 04:15:10 --> Session: Sessions is enabled, and one exists.Please don't $session->start();
WARNING - 2023-04-13 11:15:10 --> [DEPRECATED] Creation of dynamic property App\Controllers\Home::$breadcrumb is deprecated in APPPATH\Controllers\Home.php on line 19.
 1 SYSTEMPATH\CodeIgniter.php(934): App\Controllers\Home->index()
 2 SYSTEMPATH\CodeIgniter.php(499): CodeIgniter\CodeIgniter->runController(Object(App\Controllers\Home))
 3 SYSTEMPATH\CodeIgniter.php(368): CodeIgniter\CodeIgniter->handleRequest(null, Object(Config\Cache), false)
 4 FCPATH\index.php(67): CodeIgniter\CodeIgniter->run()
INFO - 2023-04-13 04:15:16 --> Session: Class initialized using 'CodeIgniter\Session\Handlers\FileHandler' driver.
WARNING - 2023-04-13 04:15:16 --> Session: Sessions is enabled, and one exists.Please don't $session->start();
INFO - 2023-04-13 04:15:16 --> Session: Class initialized using 'CodeIgniter\Session\Handlers\FileHandler' driver.
WARNING - 2023-04-13 04:15:16 --> Session: Sessions is enabled, and one exists.Please don't $session->start();
INFO - 2023-04-13 04:15:23 --> Session: Class initialized using 'CodeIgniter\Session\Handlers\FileHandler' driver.
WARNING - 2023-04-13 04:15:23 --> Session: Sessions is enabled, and one exists.Please don't $session->start();
INFO - 2023-04-13 04:15:24 --> Session: Class initialized using 'CodeIgniter\Session\Handlers\FileHandler' driver.
WARNING - 2023-04-13 04:15:24 --> Session: Sessions is enabled, and one exists.Please don't $session->start();
INFO - 2023-04-13 04:15:38 --> Session: Class initialized using 'CodeIgniter\Session\Handlers\FileHandler' driver.
WARNING - 2023-04-13 04:15:38 --> Session: Sessions is enabled, and one exists.Please don't $session->start();
INFO - 2023-04-13 04:15:39 --> Session: Class initialized using 'CodeIgniter\Session\Handlers\FileHandler' driver.
WARNING - 2023-04-13 04:15:39 --> Session: Sessions is enabled, and one exists.Please don't $session->start();
